<?xml version="1.0" encoding="UTF-8"?>
<!-- Generated by org.testng.reporters.JUnitXMLReporter -->
<testsuite hostname="cwvsft25" name="EP" tests="2" failures="1" timestamp="6 Nov 2014 12:51:03 GMT" time="2.473" errors="0">
  <testcase name="test" time="1.864" classname="com.ep.mmbr.api.testscripts.TestGetUser"/>
  <testcase name="test" time="0.141" classname="com.ep.mmbr.api.testscripts.TestPostUploadBudgetHappyPath">
    <failure type="java.lang.AssertionError" message="Failed to match HTTP response status code expected [200] but found [500]">
      <![CDATA[java.lang.AssertionError: Failed to match HTTP response status code expected [200] but found [500]
	at com.ep.mmbr.api.assertions.AssertTest.assertStatusCode(AssertTest.java:37)
	at com.ep.mmbr.api.testscripts.TestPostUploadBudgetHappyPath.test(TestPostUploadBudgetHappyPath.java:62)
... Removed 28 stack frames]]>
    </failure>
  </testcase> <!-- test -->
</testsuite> <!-- EP -->
