<?xml version="1.0" encoding="UTF-8"?>
<!-- Generated by org.testng.reporters.JUnitXMLReporter -->
<testsuite hostname="cwvsft25" name="Budget" tests="3" failures="1" timestamp="13 Nov 2014 14:10:56 GMT" time="14.521" errors="0">
  <testcase name="testGetBudgetByID" time="4.116" classname="com.ep.mmbr.api.testscripts.budget.GetBudgetByID"/>
  <testcase name="testGetAllBudgets" time="0.281" classname="com.ep.mmbr.api.testscripts.budget.GetAllBudgets"/>
  <testcase name="testPostBudgetWithExistingFile" time="10.032" classname="com.ep.mmbr.api.testscripts.budget.PostBudget">
    <failure type="com.mongodb.MongoTimeoutException" message="Timed out after 10000 ms while waiting to connect. Client view of cluster state is {type=Unknown, servers=[{address=ec2-54-69-38-210.us-west-2.compute.amazonaws.com:27017, type=Unknown, state=Connecting, exception={com.mongodb.MongoException$Network: Exception opening the socket}, caused by {java.net.ConnectException: Connection refused: connect}}]">
      <![CDATA[com.mongodb.MongoTimeoutException: Timed out after 10000 ms while waiting to connect. Client view of cluster state is {type=Unknown, servers=[{address=ec2-54-69-38-210.us-west-2.compute.amazonaws.com:27017, type=Unknown, state=Connecting, exception={com.mongodb.MongoException$Network: Exception opening the socket}, caused by {java.net.ConnectException: Connection refused: connect}}]
	at com.mongodb.BaseCluster.getDescription(BaseCluster.java:128)
	at com.mongodb.DBTCPConnector.getClusterDescription(DBTCPConnector.java:396)
	at com.mongodb.DBTCPConnector.getType(DBTCPConnector.java:569)
	at com.mongodb.DBTCPConnector.getReplicaSetStatus(DBTCPConnector.java:364)
	at com.mongodb.Mongo.getReplicaSetStatus(Mongo.java:465)
	at com.mongodb.DB.getCommandReadPreference(DB.java:86)
	at com.mongodb.DB.command(DB.java:314)
	at com.mongodb.DB.command(DB.java:296)
	at com.mongodb.DBCollection.getCount(DBCollection.java:1188)
	at com.mongodb.DBCursor.count(DBCursor.java:668)
	at com.ep.mmbr.api.mongodb.MangoDBConnection.getCount(MangoDBConnection.java:44)
	at com.ep.mmbr.api.testscripts.budget.PostBudget.testPostBudgetWithExistingFile(PostBudget.java:47)
... Removed 33 stack frames]]>
    </failure>
  </testcase> <!-- testPostBudgetWithExistingFile -->
</testsuite> <!-- Budget -->
