<?xml version="1.0" encoding="UTF-8"?>
<!-- Generated by org.testng.reporters.JUnitXMLReporter -->
<testsuite hostname="cwvsft25" name="Budget" tests="3" failures="0" timestamp="14 Nov 2014 18:13:23 GMT" time="8.034" errors="0">
  <testcase name="testGetBudgetByID" time="7.253" classname="com.ep.mmbr.api.testscripts.budget.GetBudgetByID"/>
  <testcase name="testGetAllBudgets" time="0.422" classname="com.ep.mmbr.api.testscripts.budget.GetAllBudgets"/>
  <testcase name="testPostBudget" time="0.328" classname="com.ep.mmbr.api.testscripts.budget.PostBudget"/>
</testsuite> <!-- Budget -->
