<?xml version="1.0" encoding="UTF-8"?>
<!-- Generated by org.testng.reporters.JUnitXMLReporter -->
<testsuite hostname="cwvsft25" name="Contracts" tests="2" failures="0" timestamp="19 Nov 2014 16:17:15 GMT" time="0.8" errors="0">
  <testcase name="testGetAContractRateByID" time="0.578" classname="com.ep.mmbr.api.testscripts.contractsrates.GetAContractRateByContractID"/>
  <testcase name="testGetAContractByInvalidContractID" time="0.206" classname="com.ep.mmbr.api.testscripts.contractsrates.GetAContractByInvalidValues"/>
</testsuite> <!-- Contracts -->
