<?xml version="1.0" encoding="UTF-8"?>
<!-- Generated by org.testng.reporters.JUnitXMLReporter -->
<testsuite hostname="cwvsft25" name="User" tests="2" failures="0" timestamp="14 Nov 2014 14:10:22 GMT" time="0.438" errors="0">
  <testcase name="testUserInformationFromToken" time="0.203" classname="com.ep.mmbr.api.testscripts.user.GetUserInformationFromToken"/>
  <testcase name="testUserInfoWithInvalidToken" time="0.235" classname="com.ep.mmbr.api.testscripts.user.GetUserInfoWithInvalidToken"/>
</testsuite> <!-- User -->
