<?xml version="1.0" encoding="UTF-8"?>
<testng-results skipped="0" failed="0" total="7" passed="7">
  <reporter-output>
    <line>
      <![CDATA[testGetBudgetByID]]>
    </line>
    <line>
      <![CDATA[LF0TQUUL2838L8PW4FPVYNB]]>
    </line>
    <line>
      <![CDATA[testGetAllBudgets]]>
    </line>
    <line>
      <![CDATA[0UQZFCT20DR6BTFNF62TLSJ]]>
    </line>
    <line>
      <![CDATA[testPostBudget]]>
    </line>
    <line>
      <![CDATA[X91TJBFOZA6RYDJRRLGKF53]]>
    </line>
    <line>
      <![CDATA[testUserInformationFromToken]]>
    </line>
    <line>
      <![CDATA[K716J7P81RC848B92TU49Y2]]>
    </line>
    <line>
      <![CDATA[testUserInfoWithInvalidToken]]>
    </line>
    <line>
      <![CDATA[EN9SVMWT2ICBKK80JZIS2WC]]>
    </line>
    <line>
      <![CDATA[testGetAContractRateByID]]>
    </line>
    <line>
      <![CDATA[JWT7J7C4Q0A440E3O0B6ZLQ]]>
    </line>
    <line>
      <![CDATA[testGetAContractByInvalidContractID]]>
    </line>
    <line>
      <![CDATA[3JUAYH4UHBGLZ8A9VWSVX85]]>
    </line>
  </reporter-output>
  <suite name="MMB Refresh API" duration-ms="6369" started-at="2014-11-14T13:55:57Z" finished-at="2014-11-14T13:56:04Z">
    <groups>
    </groups>
    <test name="Budget" duration-ms="5524" started-at="2014-11-14T13:55:57Z" finished-at="2014-11-14T13:56:03Z">
      <class name="com.ep.mmbr.api.testscripts.budget.PostBudget">
        <test-method status="PASS" signature="testPostBudget()[pri:0, instance:com.ep.mmbr.api.testscripts.budget.PostBudget@6baa9f99]" name="testPostBudget" duration-ms="375" started-at="2014-11-14T05:56:03Z" finished-at="2014-11-14T05:56:03Z">
          <reporter-output>
            <line>
              <![CDATA[testPostBudget]]>
            </line>
            <line>
              <![CDATA[X91TJBFOZA6RYDJRRLGKF53]]>
            </line>
          </reporter-output>
        </test-method> <!-- testPostBudget -->
      </class> <!-- com.ep.mmbr.api.testscripts.budget.PostBudget -->
      <class name="com.ep.mmbr.api.testscripts.budget.GetAllBudgets">
        <test-method status="PASS" signature="testGetAllBudgets()[pri:0, instance:com.ep.mmbr.api.testscripts.budget.GetAllBudgets@49ff0dde]" name="testGetAllBudgets" duration-ms="187" started-at="2014-11-14T05:56:02Z" finished-at="2014-11-14T05:56:03Z">
          <reporter-output>
            <line>
              <![CDATA[testGetAllBudgets]]>
            </line>
            <line>
              <![CDATA[0UQZFCT20DR6BTFNF62TLSJ]]>
            </line>
          </reporter-output>
        </test-method> <!-- testGetAllBudgets -->
      </class> <!-- com.ep.mmbr.api.testscripts.budget.GetAllBudgets -->
      <class name="com.ep.mmbr.api.testscripts.budget.GetBudgetByID">
        <test-method status="PASS" signature="testGetBudgetByID()[pri:0, instance:com.ep.mmbr.api.testscripts.budget.GetBudgetByID@ed42d08]" name="testGetBudgetByID" duration-ms="4915" started-at="2014-11-14T05:55:57Z" finished-at="2014-11-14T05:56:02Z">
          <reporter-output>
            <line>
              <![CDATA[testGetBudgetByID]]>
            </line>
            <line>
              <![CDATA[LF0TQUUL2838L8PW4FPVYNB]]>
            </line>
          </reporter-output>
        </test-method> <!-- testGetBudgetByID -->
      </class> <!-- com.ep.mmbr.api.testscripts.budget.GetBudgetByID -->
    </test> <!-- Budget -->
    <test name="User" duration-ms="438" started-at="2014-11-14T13:56:03Z" finished-at="2014-11-14T13:56:03Z">
      <class name="com.ep.mmbr.api.testscripts.user.GetUserInfoWithInvalidToken">
        <test-method status="PASS" signature="testUserInfoWithInvalidToken()[pri:0, instance:com.ep.mmbr.api.testscripts.user.GetUserInfoWithInvalidToken@6860991f]" name="testUserInfoWithInvalidToken" duration-ms="187" started-at="2014-11-14T05:56:03Z" finished-at="2014-11-14T05:56:03Z">
          <reporter-output>
            <line>
              <![CDATA[testUserInfoWithInvalidToken]]>
            </line>
            <line>
              <![CDATA[EN9SVMWT2ICBKK80JZIS2WC]]>
            </line>
          </reporter-output>
        </test-method> <!-- testUserInfoWithInvalidToken -->
      </class> <!-- com.ep.mmbr.api.testscripts.user.GetUserInfoWithInvalidToken -->
      <class name="com.ep.mmbr.api.testscripts.user.GetUserInformationFromToken">
        <test-method status="PASS" signature="testUserInformationFromToken()[pri:0, instance:com.ep.mmbr.api.testscripts.user.GetUserInformationFromToken@5bbf3d87]" name="testUserInformationFromToken" duration-ms="251" started-at="2014-11-14T05:56:03Z" finished-at="2014-11-14T05:56:03Z">
          <reporter-output>
            <line>
              <![CDATA[testUserInformationFromToken]]>
            </line>
            <line>
              <![CDATA[K716J7P81RC848B92TU49Y2]]>
            </line>
          </reporter-output>
        </test-method> <!-- testUserInformationFromToken -->
      </class> <!-- com.ep.mmbr.api.testscripts.user.GetUserInformationFromToken -->
    </test> <!-- User -->
    <test name="Contracts" duration-ms="359" started-at="2014-11-14T13:56:03Z" finished-at="2014-11-14T13:56:04Z">
      <class name="com.ep.mmbr.api.testscripts.contractsrates.GetAContractByInvalidContractID">
        <test-method status="PASS" signature="dbConnect()[pri:0, instance:com.ep.mmbr.api.testscripts.contractsrates.GetAContractByInvalidContractID@13f6ba0f]" name="dbConnect" is-config="true" duration-ms="910" started-at="2014-11-14T05:55:57Z" finished-at="2014-11-14T05:55:57Z">
          <reporter-output>
          </reporter-output>
        </test-method> <!-- dbConnect -->
        <test-method status="PASS" signature="testGetAContractByInvalidContractID()[pri:0, instance:com.ep.mmbr.api.testscripts.contractsrates.GetAContractByInvalidContractID@13f6ba0f]" name="testGetAContractByInvalidContractID" duration-ms="156" started-at="2014-11-14T05:56:04Z" finished-at="2014-11-14T05:56:04Z">
          <reporter-output>
            <line>
              <![CDATA[testGetAContractByInvalidContractID]]>
            </line>
            <line>
              <![CDATA[3JUAYH4UHBGLZ8A9VWSVX85]]>
            </line>
          </reporter-output>
        </test-method> <!-- testGetAContractByInvalidContractID -->
        <test-method status="PASS" signature="dbDisconnect()[pri:0, instance:com.ep.mmbr.api.testscripts.contractsrates.GetAContractByInvalidContractID@13f6ba0f]" name="dbDisconnect" is-config="true" duration-ms="0" started-at="2014-11-14T05:56:04Z" finished-at="2014-11-14T05:56:04Z">
          <reporter-output>
          </reporter-output>
        </test-method> <!-- dbDisconnect -->
      </class> <!-- com.ep.mmbr.api.testscripts.contractsrates.GetAContractByInvalidContractID -->
      <class name="com.ep.mmbr.api.testscripts.contractsrates.GetAContractRateByContractID">
        <test-method status="PASS" signature="testGetAContractRateByID()[pri:0, instance:com.ep.mmbr.api.testscripts.contractsrates.GetAContractRateByContractID@49de17f4]" name="testGetAContractRateByID" duration-ms="187" started-at="2014-11-14T05:56:03Z" finished-at="2014-11-14T05:56:04Z">
          <reporter-output>
            <line>
              <![CDATA[testGetAContractRateByID]]>
            </line>
            <line>
              <![CDATA[JWT7J7C4Q0A440E3O0B6ZLQ]]>
            </line>
          </reporter-output>
        </test-method> <!-- testGetAContractRateByID -->
      </class> <!-- com.ep.mmbr.api.testscripts.contractsrates.GetAContractRateByContractID -->
    </test> <!-- Contracts -->
  </suite> <!-- MMB Refresh API -->
</testng-results>
