<?xml version="1.0" encoding="UTF-8"?>
<testng-results skipped="0" failed="0" total="7" passed="7">
  <reporter-output>
    <line>
      <![CDATA[
Base uri: https://mmio-api-dev-env.elasticbeanstalk.com:443/v1]]>
    </line>
    <line>
      <![CDATA[<br>Uploading budget: MovieMagicBudget.mbd]]>
    </line>
    <line>
      <![CDATA[<br>Multipart parameter : file : TestData/Budget/MovieMagicBudget.mbd]]>
    </line>
    <line>
      <![CDATA[<br>Budget uploaded successfully]]>
    </line>
    <line>
      <![CDATA[<br>Extracted budget id for the budget: 546411dfe4b089cc7647460d]]>
    </line>
    <line>
      <![CDATA[<br>Sending get reqest for get budget by id uri : /Budget/{budget_id}]]>
    </line>
    <line>
      <![CDATA[<br>Path parameters: </b>budget_id : 546411dfe4b089cc7647460d]]>
    </line>
    <line>
      <![CDATA[<br><br>Received Response body:</b>{"budgetId":"546411dfe4b089cc7647460d","name":"MovieMagicBudget.mbd","dateCreated":1415844319737,"dateUpdated":1415988800083,"dateLastUploaded":1415844319737}]]>
    </line>
    <line>
      <![CDATA[<br><br>Verifying Response code : <br>Actual response code : 200<br>Expected response code : 200]]>
    </line>
    <line>
      <![CDATA[<br>Verifying budget name :<br>Actual budget name : MovieMagicBudget.mbd Expected budget name : MovieMagicBudget.mbd]]>
    </line>
    <line>
      <![CDATA[testGetBudgetByID]]>
    </line>
    <line>
      <![CDATA[5S4G62ACHR9I2IXP8QXNQC2]]>
    </line>
    <line>
      <![CDATA[<br>Verify if budgets are available for user]]>
    </line>
    <line>
      <![CDATA[<br>Found budgets for user]]>
    </line>
    <line>
      <![CDATA[<br>Sending get reqest for get all budgets uri : /Budget]]>
    </line>
    <line>
      <![CDATA[<br><br>Received Response body:</b>[{"budgetId":"546411dfe4b089cc7647460d","name":"MovieMagicBudget.mbd","dateCreated":1415844319737,"dateUpdated":1415988800083,"dateLastUploaded":1415844319737},{"budgetId":"546413aae4b089cc7647460e","name":"AAAPIXELS_TORONTO_BUDGET_72_DAYS_03-12-14-2014-09-08-13-43-32-346-07001.mbd","dateCreated":1415844777251,"dateUpdated":1415964347024,"dateLastUploaded":1415844777251},{"budgetId":"546413bee4b089cc7647460f","name":"Budget2-2014-07-22-16-10-19-670-0700.mbd","dateCreated":1415844798992,"dateUpdated":1415844798992,"dateLastUploaded":1415844798992},{"budgetId":"546413dbe4b089cc76474610","name":"StarWars.mbd","dateCreated":1415844826961,"dateUpdated":1415972566314,"dateLastUploaded":1415844826961}]]]>
    </line>
    <line>
      <![CDATA[<br><br>Verifying Response code : <br>Actual response code : 200<br>Expected response code : 200]]>
    </line>
    <line>
      <![CDATA[testGetAllBudgets]]>
    </line>
    <line>
      <![CDATA[B0DK6E2VKK47L8PWSR0F572]]>
    </line>
    <line>
      <![CDATA[Sending post budget reqest uri : /Budget]]>
    </line>
    <line>
      <![CDATA[<br>Multipart parameter : file : TestData/Budget/MovieMagicBudget.mbd]]>
    </line>
    <line>
      <![CDATA[<br><br>Received Response body:</b>{"status":"OK","budgetId":"546411dfe4b089cc7647460d"}]]>
    </line>
    <line>
      <![CDATA[<br><br>Verifying Response code : <br>Actual response code : 200<br>Expected response code : 200]]>
    </line>
    <line>
      <![CDATA[testPostBudget]]>
    </line>
    <line>
      <![CDATA[JJHHMZQS4O330KMM1RKR3O2]]>
    </line>
    <line>
      <![CDATA[Sending get user information from token uri : /User]]>
    </line>
    <line>
      <![CDATA[<br><br>Received Response body:</b>{"id":"54625ef50dcf34b41f7387ee","salesForceId":"005o0000001ZSKtAAO","name":"QA User","email":"rclark.consulting+120@gmail.com"}]]>
    </line>
    <line>
      <![CDATA[<br><br>Verifying Response code : <br>Actual response code : 200<br>Expected response code : 200]]>
    </line>
    <line>
      <![CDATA[Verifying user information from response body:]]>
    </line>
    <line>
      <![CDATA[testUserInformationFromToken]]>
    </line>
    <line>
      <![CDATA[V685BRQ5FEB4TGPC3KXFSAN]]>
    </line>
    <line>
      <![CDATA[Sending get user information with invalid token : /User]]>
    </line>
    <line>
      <![CDATA[<br><br>Received Response body:</b>Authorization Failure]]>
    </line>
    <line>
      <![CDATA[<br><br>Verifying Response code : <br>Actual response code : 401<br>Expected response code : 401]]>
    </line>
    <line>
      <![CDATA[testUserInfoWithInvalidToken]]>
    </line>
    <line>
      <![CDATA[E837Q74YINDK1KV668Z3RJX]]>
    </line>
    <line>
      <![CDATA[Sending get reqest for get contract by id uri : /ContractRate/{id}]]>
    </line>
    <line>
      <![CDATA[<br>Path parameters: </b>id : 40]]>
    </line>
    <line>
      <![CDATA[<br><br>Received Response body:</b>{"id":"54586af8b3eb3c5d391c733c","negotiatingUnitId":2364,"contractId":40,"negotiatingUnitName":"399 LOCATION MGRS","contractName":"399 MUSIC VIDEO LOC MGR/SCOUT TIER II","unions":[{"unionId":"2005-01-01.2370.2364.0.0.T.L392.1186.2368","name":"399","description":null,"epCode":null,"jobs":[{"jobId":"2007-07-01.2370.2364.0.0.T.L392.1186.2368.3501","title":"DO NOT USE","schedules":[{"scheduleId":"2007-07-01.2370.2364.0.0.T.L392.1186.2368.3501.01","scheduleCode":"01","scheduleType":"DAILY","pensionHours":"Daily","ot_rules":"1.5x after 8","rates":[{"rateRecordId":"2006-07-01.2370.2364.0.0.T.L392.1186.2368.3501 .01.STUDIO","dailyRate":0.0000,"hourlyRate":27.8100,"weeklyRate":0.0000,"dailyGuaranteeRate":8.00,"weeklyGuaranteeRate":0.00,"ep_code":"10508"},{"rateRecordId":"2006-07-01.2370.2364.0.0.T.L392.1186.2368.3501 .01.DISTANT","dailyRate":0.0000,"hourlyRate":0.0000,"weeklyRate":0.0000,"dailyGuaranteeRate":0.00,"weeklyGuaranteeRate":0.00,"ep_code":"10509"}]}]},{"jobId":"2007-07-01.2370.2364.0.0.T.L392.1186.2368.3520","title":"DO NOT USE","schedules":[{"scheduleId":"2007-07-01.2370.2364.0.0.T.L392.1186.2368.3520.01","scheduleCode":"01","scheduleType":"DAILY","pensionHours":"Daily","ot_rules":"1.5x after 8","rates":[{"rateRecordId":"2006-07-01.2370.2364.0.0.T.L392.1186.2368.3520 .01.STUDIO","dailyRate":0.0000,"hourlyRate":22.4100,"weeklyRate":0.0000,"dailyGuaranteeRate":8.00,"weeklyGuaranteeRate":0.00,"ep_code":"10510"},{"rateRecordId":"2006-07-01.2370.2364.0.0.T.L392.1186.2368.3520 .01.DISTANT","dailyRate":0.0000,"hourlyRate":0.0000,"weeklyRate":0.0000,"dailyGuaranteeRate":0.00,"weeklyGuaranteeRate":0.00,"ep_code":"10511"}]}]},{"jobId":"2007-07-01.2370.2364.0.0.T.L392.1186.2368.3521","title":"DO NOT USE","schedules":[{"scheduleId":"2007-07-01.2370.2364.0.0.T.L392.1186.2368.3521.01","scheduleCode":"01","scheduleType":"DAILY","pensionHours":"Daily","ot_rules":"1.5x after 8","rates":[{"rateRecordId":"2006-07-01.2370.2364.0.0.T.L392.1186.2368.3521 .01.STUDIO","dailyRate":0.0000,"hourlyRate":24.1700,"weeklyRate":0.0000,"dailyGuaranteeRate":8.00,"weeklyGuaranteeRate":0.00,"ep_code":"10512"},{"rateRecordId":"2006-07-01.2370.2364.0.0.T.L392.1186.2368.3521 .01.DISTANT","dailyRate":0.0000,"hourlyRate":0.0000,"weeklyRate":0.0000,"dailyGuaranteeRate":0.00,"weeklyGuaranteeRate":0.00,"ep_code":"10513"}]}]},{"jobId":"2007-07-01.2370.2364.0.0.T.L392.1186.2368.3523","title":"DO NOT USE","schedules":[{"scheduleId":"2007-07-01.2370.2364.0.0.T.L392.1186.2368.3523.01","scheduleCode":"01","scheduleType":"DAILY","pensionHours":"Daily","ot_rules":"1.5x after 8","rates":[{"rateRecordId":"2006-07-01.2370.2364.0.0.T.L392.1186.2368.3523 .01.STUDIO","dailyRate":0.0000,"hourlyRate":27.8100,"weeklyRate":0.0000,"dailyGuaranteeRate":8.00,"weeklyGuaranteeRate":0.00,"ep_code":"10514"},{"rateRecordId":"2006-07-01.2370.2364.0.0.T.L392.1186.2368.3523 .01.DISTANT","dailyRate":0.0000,"hourlyRate":0.0000,"weeklyRate":0.0000,"dailyGuaranteeRate":0.00,"weeklyGuaranteeRate":0.00,"ep_code":"10515"}]}]},{"jobId":"2007-07-01.2370.2364.0.0.T.L392.1186.2368.3524","title":"DO NOT USE","schedules":[{"scheduleId":"2007-07-01.2370.2364.0.0.T.L392.1186.2368.3524.01","scheduleCode":"01","scheduleType":"DAILY","pensionHours":"Daily","ot_rules":"1.5x after 8","rates":[{"rateRecordId":"2006-07-01.2370.2364.0.0.T.L392.1186.2368.3524 .01.STUDIO","dailyRate":0.0000,"hourlyRate":0.0000,"weeklyRate":0.0000,"dailyGuaranteeRate":8.00,"weeklyGuaranteeRate":0.00,"ep_code":"10516"},{"rateRecordId":"2006-07-01.2370.2364.0.0.T.L392.1186.2368.3524 .01.DISTANT","dailyRate":0.0000,"hourlyRate":0.0000,"weeklyRate":0.0000,"dailyGuaranteeRate":0.00,"weeklyGuaranteeRate":0.00,"ep_code":"10517"}]}]},{"jobId":"2007-07-01.2370.2364.0.0.T.L392.1186.2368.3526","title":"DO NOT USE","schedules":[{"scheduleId":"2007-07-01.2370.2364.0.0.T.L392.1186.2368.3526.01","scheduleCode":"01","scheduleType":"DAILY","pensionHours":"Daily","ot_rules":"1.5x after 8","rates":[{"rateRecordId":"2006-07-01.2370.2364.0.0.T.L392.1186.2368.3526 .01.STUDIO","dailyRate":0.0000,"hourlyRate":27.8100,"weeklyRate":0.0000,"dailyGuaranteeRate":8.00,"weeklyGuaranteeRate":0.00,"ep_code":"10518"},{"rateRecordId":"2006-07-01.2370.2364.0.0.T.L392.1186.2368.3526 .01.DISTANT","dailyRate":0.0000,"hourlyRate":0.0000,"weeklyRate":0.0000,"dailyGuaranteeRate":0.00,"weeklyGuaranteeRate":0.00,"ep_code":"10519"}]}]},{"jobId":"2013-01-01.2370.2364.0.0.T.L392.1186.2368.3600","title":"LOCATION MANAGER/SCOUT","schedules":[{"scheduleId":"2013-01-01.2370.2364.0.0.T.L392.1186.2368.3600.57","scheduleCode":"57","scheduleType":"ON CALL","pensionHours":"On call daily","ot_rules":"","rates":[{"rateRecordId":"2007-07-01.2370.2364.0.0.T.L392.1186.2368.3600 .57.STUDIO","dailyRate":0.0000,"hourlyRate":0.0000,"weeklyRate":2519.6500,"dailyGuaranteeRate":12.00,"weeklyGuaranteeRate":0.00,"ep_code":"10520"},{"rateRecordId":"2007-07-01.2370.2364.0.0.T.L392.1186.2368.3600 .57.DISTANT","dailyRate":0.0000,"hourlyRate":0.0000,"weeklyRate":0.0000,"dailyGuaranteeRate":0.00,"weeklyGuaranteeRate":0.00,"ep_code":"10521"}]}]}],"schedule":null}]}]]>
    </line>
    <line>
      <![CDATA[<br><br>Verifying Response code : <br>Actual response code : 200<br>Expected response code : 200]]>
    </line>
    <line>
      <![CDATA[testGetAContractRateByID]]>
    </line>
    <line>
      <![CDATA[OJUZCY396AOUTZRSDTS9U9R]]>
    </line>
    <line>
      <![CDATA[Sending get reqest for get contract by invalid id uri : /ContractRate/{id}]]>
    </line>
    <line>
      <![CDATA[<br>Path parameters: </b>id : 111111]]>
    </line>
    <line>
      <![CDATA[<br><br>Received Response body:</b>Contract id not found 111111]]>
    </line>
    <line>
      <![CDATA[<br><br>Verifying Response code : <br>Actual response code : 404<br>Expected response code : 404]]>
    </line>
    <line>
      <![CDATA[testGetAContractByInvalidContractID]]>
    </line>
    <line>
      <![CDATA[WEH44RKHCYKH6VKE5QXTFJ6]]>
    </line>
  </reporter-output>
  <suite name="MMB Refresh API" duration-ms="8925" started-at="2014-11-14T18:13:15Z" finished-at="2014-11-14T18:13:24Z">
    <groups>
    </groups>
    <test name="Budget" duration-ms="8034" started-at="2014-11-14T18:13:15Z" finished-at="2014-11-14T18:13:23Z">
      <class name="com.ep.mmbr.api.testscripts.budget.PostBudget">
        <test-method status="PASS" signature="testPostBudget()[pri:0, instance:com.ep.mmbr.api.testscripts.budget.PostBudget@6baa9f99]" name="testPostBudget" duration-ms="328" started-at="2014-11-14T10:13:22Z" finished-at="2014-11-14T10:13:23Z">
          <reporter-output>
            <line>
              <![CDATA[Sending post budget reqest uri : /Budget]]>
            </line>
            <line>
              <![CDATA[<br>Multipart parameter : file : TestData/Budget/MovieMagicBudget.mbd]]>
            </line>
            <line>
              <![CDATA[<br><br>Received Response body:</b>{"status":"OK","budgetId":"546411dfe4b089cc7647460d"}]]>
            </line>
            <line>
              <![CDATA[<br><br>Verifying Response code : <br>Actual response code : 200<br>Expected response code : 200]]>
            </line>
            <line>
              <![CDATA[testPostBudget]]>
            </line>
            <line>
              <![CDATA[JJHHMZQS4O330KMM1RKR3O2]]>
            </line>
          </reporter-output>
        </test-method> <!-- testPostBudget -->
      </class> <!-- com.ep.mmbr.api.testscripts.budget.PostBudget -->
      <class name="com.ep.mmbr.api.testscripts.budget.GetAllBudgets">
        <test-method status="PASS" signature="testGetAllBudgets()[pri:0, instance:com.ep.mmbr.api.testscripts.budget.GetAllBudgets@49ff0dde]" name="testGetAllBudgets" duration-ms="422" started-at="2014-11-14T10:13:22Z" finished-at="2014-11-14T10:13:22Z">
          <reporter-output>
            <line>
              <![CDATA[<br>Verify if budgets are available for user]]>
            </line>
            <line>
              <![CDATA[<br>Found budgets for user]]>
            </line>
            <line>
              <![CDATA[<br>Sending get reqest for get all budgets uri : /Budget]]>
            </line>
            <line>
              <![CDATA[<br><br>Received Response body:</b>[{"budgetId":"546411dfe4b089cc7647460d","name":"MovieMagicBudget.mbd","dateCreated":1415844319737,"dateUpdated":1415988800083,"dateLastUploaded":1415844319737},{"budgetId":"546413aae4b089cc7647460e","name":"AAAPIXELS_TORONTO_BUDGET_72_DAYS_03-12-14-2014-09-08-13-43-32-346-07001.mbd","dateCreated":1415844777251,"dateUpdated":1415964347024,"dateLastUploaded":1415844777251},{"budgetId":"546413bee4b089cc7647460f","name":"Budget2-2014-07-22-16-10-19-670-0700.mbd","dateCreated":1415844798992,"dateUpdated":1415844798992,"dateLastUploaded":1415844798992},{"budgetId":"546413dbe4b089cc76474610","name":"StarWars.mbd","dateCreated":1415844826961,"dateUpdated":1415972566314,"dateLastUploaded":1415844826961}]]]>
            </line>
            <line>
              <![CDATA[<br><br>Verifying Response code : <br>Actual response code : 200<br>Expected response code : 200]]>
            </line>
            <line>
              <![CDATA[testGetAllBudgets]]>
            </line>
            <line>
              <![CDATA[B0DK6E2VKK47L8PWSR0F572]]>
            </line>
          </reporter-output>
        </test-method> <!-- testGetAllBudgets -->
      </class> <!-- com.ep.mmbr.api.testscripts.budget.GetAllBudgets -->
      <class name="com.ep.mmbr.api.testscripts.budget.GetBudgetByID">
        <test-method status="PASS" signature="testGetBudgetByID()[pri:0, instance:com.ep.mmbr.api.testscripts.budget.GetBudgetByID@ed42d08]" name="testGetBudgetByID" duration-ms="7253" started-at="2014-11-14T10:13:15Z" finished-at="2014-11-14T10:13:22Z">
          <reporter-output>
            <line>
              <![CDATA[<br>Uploading budget: MovieMagicBudget.mbd]]>
            </line>
            <line>
              <![CDATA[<br>Multipart parameter : file : TestData/Budget/MovieMagicBudget.mbd]]>
            </line>
            <line>
              <![CDATA[<br>Budget uploaded successfully]]>
            </line>
            <line>
              <![CDATA[<br>Extracted budget id for the budget: 546411dfe4b089cc7647460d]]>
            </line>
            <line>
              <![CDATA[<br>Sending get reqest for get budget by id uri : /Budget/{budget_id}]]>
            </line>
            <line>
              <![CDATA[<br>Path parameters: </b>budget_id : 546411dfe4b089cc7647460d]]>
            </line>
            <line>
              <![CDATA[<br><br>Received Response body:</b>{"budgetId":"546411dfe4b089cc7647460d","name":"MovieMagicBudget.mbd","dateCreated":1415844319737,"dateUpdated":1415988800083,"dateLastUploaded":1415844319737}]]>
            </line>
            <line>
              <![CDATA[<br><br>Verifying Response code : <br>Actual response code : 200<br>Expected response code : 200]]>
            </line>
            <line>
              <![CDATA[<br>Verifying budget name :<br>Actual budget name : MovieMagicBudget.mbd Expected budget name : MovieMagicBudget.mbd]]>
            </line>
            <line>
              <![CDATA[testGetBudgetByID]]>
            </line>
            <line>
              <![CDATA[5S4G62ACHR9I2IXP8QXNQC2]]>
            </line>
          </reporter-output>
        </test-method> <!-- testGetBudgetByID -->
      </class> <!-- com.ep.mmbr.api.testscripts.budget.GetBudgetByID -->
    </test> <!-- Budget -->
    <test name="User" duration-ms="454" started-at="2014-11-14T18:13:23Z" finished-at="2014-11-14T18:13:23Z">
      <class name="com.ep.mmbr.api.testscripts.user.GetUserInfoWithInvalidToken">
        <test-method status="PASS" signature="testUserInfoWithInvalidToken()[pri:0, instance:com.ep.mmbr.api.testscripts.user.GetUserInfoWithInvalidToken@6860991f]" name="testUserInfoWithInvalidToken" duration-ms="203" started-at="2014-11-14T10:13:23Z" finished-at="2014-11-14T10:13:23Z">
          <reporter-output>
            <line>
              <![CDATA[Sending get user information with invalid token : /User]]>
            </line>
            <line>
              <![CDATA[<br><br>Received Response body:</b>Authorization Failure]]>
            </line>
            <line>
              <![CDATA[<br><br>Verifying Response code : <br>Actual response code : 401<br>Expected response code : 401]]>
            </line>
            <line>
              <![CDATA[testUserInfoWithInvalidToken]]>
            </line>
            <line>
              <![CDATA[E837Q74YINDK1KV668Z3RJX]]>
            </line>
          </reporter-output>
        </test-method> <!-- testUserInfoWithInvalidToken -->
      </class> <!-- com.ep.mmbr.api.testscripts.user.GetUserInfoWithInvalidToken -->
      <class name="com.ep.mmbr.api.testscripts.user.GetUserInformationFromToken">
        <test-method status="PASS" signature="testUserInformationFromToken()[pri:0, instance:com.ep.mmbr.api.testscripts.user.GetUserInformationFromToken@5bbf3d87]" name="testUserInformationFromToken" duration-ms="251" started-at="2014-11-14T10:13:23Z" finished-at="2014-11-14T10:13:23Z">
          <reporter-output>
            <line>
              <![CDATA[Sending get user information from token uri : /User]]>
            </line>
            <line>
              <![CDATA[<br><br>Received Response body:</b>{"id":"54625ef50dcf34b41f7387ee","salesForceId":"005o0000001ZSKtAAO","name":"QA User","email":"rclark.consulting+120@gmail.com"}]]>
            </line>
            <line>
              <![CDATA[<br><br>Verifying Response code : <br>Actual response code : 200<br>Expected response code : 200]]>
            </line>
            <line>
              <![CDATA[Verifying user information from response body:]]>
            </line>
            <line>
              <![CDATA[testUserInformationFromToken]]>
            </line>
            <line>
              <![CDATA[V685BRQ5FEB4TGPC3KXFSAN]]>
            </line>
          </reporter-output>
        </test-method> <!-- testUserInformationFromToken -->
      </class> <!-- com.ep.mmbr.api.testscripts.user.GetUserInformationFromToken -->
    </test> <!-- User -->
    <test name="Contracts" duration-ms="390" started-at="2014-11-14T18:13:23Z" finished-at="2014-11-14T18:13:24Z">
      <class name="com.ep.mmbr.api.testscripts.contractsrates.GetAContractByInvalidContractID">
        <test-method status="PASS" signature="dbConnect()[pri:0, instance:com.ep.mmbr.api.testscripts.contractsrates.GetAContractByInvalidContractID@13f6ba0f]" name="dbConnect" is-config="true" duration-ms="1314" started-at="2014-11-14T10:13:13Z" finished-at="2014-11-14T10:13:15Z">
          <reporter-output>
            <line>
              <![CDATA[
Base uri: https://mmio-api-dev-env.elasticbeanstalk.com:443/v1]]>
            </line>
          </reporter-output>
        </test-method> <!-- dbConnect -->
        <test-method status="PASS" signature="testGetAContractByInvalidContractID()[pri:0, instance:com.ep.mmbr.api.testscripts.contractsrates.GetAContractByInvalidContractID@13f6ba0f]" name="testGetAContractByInvalidContractID" duration-ms="187" started-at="2014-11-14T10:13:24Z" finished-at="2014-11-14T10:13:24Z">
          <reporter-output>
            <line>
              <![CDATA[Sending get reqest for get contract by invalid id uri : /ContractRate/{id}]]>
            </line>
            <line>
              <![CDATA[<br>Path parameters: </b>id : 111111]]>
            </line>
            <line>
              <![CDATA[<br><br>Received Response body:</b>Contract id not found 111111]]>
            </line>
            <line>
              <![CDATA[<br><br>Verifying Response code : <br>Actual response code : 404<br>Expected response code : 404]]>
            </line>
            <line>
              <![CDATA[testGetAContractByInvalidContractID]]>
            </line>
            <line>
              <![CDATA[WEH44RKHCYKH6VKE5QXTFJ6]]>
            </line>
          </reporter-output>
        </test-method> <!-- testGetAContractByInvalidContractID -->
        <test-method status="PASS" signature="dbDisconnect()[pri:0, instance:com.ep.mmbr.api.testscripts.contractsrates.GetAContractByInvalidContractID@13f6ba0f]" name="dbDisconnect" is-config="true" duration-ms="0" started-at="2014-11-14T10:13:24Z" finished-at="2014-11-14T10:13:24Z">
          <reporter-output>
          </reporter-output>
        </test-method> <!-- dbDisconnect -->
      </class> <!-- com.ep.mmbr.api.testscripts.contractsrates.GetAContractByInvalidContractID -->
      <class name="com.ep.mmbr.api.testscripts.contractsrates.GetAContractRateByContractID">
        <test-method status="PASS" signature="testGetAContractRateByID()[pri:0, instance:com.ep.mmbr.api.testscripts.contractsrates.GetAContractRateByContractID@49de17f4]" name="testGetAContractRateByID" duration-ms="203" started-at="2014-11-14T10:13:23Z" finished-at="2014-11-14T10:13:24Z">
          <reporter-output>
            <line>
              <![CDATA[Sending get reqest for get contract by id uri : /ContractRate/{id}]]>
            </line>
            <line>
              <![CDATA[<br>Path parameters: </b>id : 40]]>
            </line>
            <line>
              <![CDATA[<br><br>Received Response body:</b>{"id":"54586af8b3eb3c5d391c733c","negotiatingUnitId":2364,"contractId":40,"negotiatingUnitName":"399 LOCATION MGRS","contractName":"399 MUSIC VIDEO LOC MGR/SCOUT TIER II","unions":[{"unionId":"2005-01-01.2370.2364.0.0.T.L392.1186.2368","name":"399","description":null,"epCode":null,"jobs":[{"jobId":"2007-07-01.2370.2364.0.0.T.L392.1186.2368.3501","title":"DO NOT USE","schedules":[{"scheduleId":"2007-07-01.2370.2364.0.0.T.L392.1186.2368.3501.01","scheduleCode":"01","scheduleType":"DAILY","pensionHours":"Daily","ot_rules":"1.5x after 8","rates":[{"rateRecordId":"2006-07-01.2370.2364.0.0.T.L392.1186.2368.3501 .01.STUDIO","dailyRate":0.0000,"hourlyRate":27.8100,"weeklyRate":0.0000,"dailyGuaranteeRate":8.00,"weeklyGuaranteeRate":0.00,"ep_code":"10508"},{"rateRecordId":"2006-07-01.2370.2364.0.0.T.L392.1186.2368.3501 .01.DISTANT","dailyRate":0.0000,"hourlyRate":0.0000,"weeklyRate":0.0000,"dailyGuaranteeRate":0.00,"weeklyGuaranteeRate":0.00,"ep_code":"10509"}]}]},{"jobId":"2007-07-01.2370.2364.0.0.T.L392.1186.2368.3520","title":"DO NOT USE","schedules":[{"scheduleId":"2007-07-01.2370.2364.0.0.T.L392.1186.2368.3520.01","scheduleCode":"01","scheduleType":"DAILY","pensionHours":"Daily","ot_rules":"1.5x after 8","rates":[{"rateRecordId":"2006-07-01.2370.2364.0.0.T.L392.1186.2368.3520 .01.STUDIO","dailyRate":0.0000,"hourlyRate":22.4100,"weeklyRate":0.0000,"dailyGuaranteeRate":8.00,"weeklyGuaranteeRate":0.00,"ep_code":"10510"},{"rateRecordId":"2006-07-01.2370.2364.0.0.T.L392.1186.2368.3520 .01.DISTANT","dailyRate":0.0000,"hourlyRate":0.0000,"weeklyRate":0.0000,"dailyGuaranteeRate":0.00,"weeklyGuaranteeRate":0.00,"ep_code":"10511"}]}]},{"jobId":"2007-07-01.2370.2364.0.0.T.L392.1186.2368.3521","title":"DO NOT USE","schedules":[{"scheduleId":"2007-07-01.2370.2364.0.0.T.L392.1186.2368.3521.01","scheduleCode":"01","scheduleType":"DAILY","pensionHours":"Daily","ot_rules":"1.5x after 8","rates":[{"rateRecordId":"2006-07-01.2370.2364.0.0.T.L392.1186.2368.3521 .01.STUDIO","dailyRate":0.0000,"hourlyRate":24.1700,"weeklyRate":0.0000,"dailyGuaranteeRate":8.00,"weeklyGuaranteeRate":0.00,"ep_code":"10512"},{"rateRecordId":"2006-07-01.2370.2364.0.0.T.L392.1186.2368.3521 .01.DISTANT","dailyRate":0.0000,"hourlyRate":0.0000,"weeklyRate":0.0000,"dailyGuaranteeRate":0.00,"weeklyGuaranteeRate":0.00,"ep_code":"10513"}]}]},{"jobId":"2007-07-01.2370.2364.0.0.T.L392.1186.2368.3523","title":"DO NOT USE","schedules":[{"scheduleId":"2007-07-01.2370.2364.0.0.T.L392.1186.2368.3523.01","scheduleCode":"01","scheduleType":"DAILY","pensionHours":"Daily","ot_rules":"1.5x after 8","rates":[{"rateRecordId":"2006-07-01.2370.2364.0.0.T.L392.1186.2368.3523 .01.STUDIO","dailyRate":0.0000,"hourlyRate":27.8100,"weeklyRate":0.0000,"dailyGuaranteeRate":8.00,"weeklyGuaranteeRate":0.00,"ep_code":"10514"},{"rateRecordId":"2006-07-01.2370.2364.0.0.T.L392.1186.2368.3523 .01.DISTANT","dailyRate":0.0000,"hourlyRate":0.0000,"weeklyRate":0.0000,"dailyGuaranteeRate":0.00,"weeklyGuaranteeRate":0.00,"ep_code":"10515"}]}]},{"jobId":"2007-07-01.2370.2364.0.0.T.L392.1186.2368.3524","title":"DO NOT USE","schedules":[{"scheduleId":"2007-07-01.2370.2364.0.0.T.L392.1186.2368.3524.01","scheduleCode":"01","scheduleType":"DAILY","pensionHours":"Daily","ot_rules":"1.5x after 8","rates":[{"rateRecordId":"2006-07-01.2370.2364.0.0.T.L392.1186.2368.3524 .01.STUDIO","dailyRate":0.0000,"hourlyRate":0.0000,"weeklyRate":0.0000,"dailyGuaranteeRate":8.00,"weeklyGuaranteeRate":0.00,"ep_code":"10516"},{"rateRecordId":"2006-07-01.2370.2364.0.0.T.L392.1186.2368.3524 .01.DISTANT","dailyRate":0.0000,"hourlyRate":0.0000,"weeklyRate":0.0000,"dailyGuaranteeRate":0.00,"weeklyGuaranteeRate":0.00,"ep_code":"10517"}]}]},{"jobId":"2007-07-01.2370.2364.0.0.T.L392.1186.2368.3526","title":"DO NOT USE","schedules":[{"scheduleId":"2007-07-01.2370.2364.0.0.T.L392.1186.2368.3526.01","scheduleCode":"01","scheduleType":"DAILY","pensionHours":"Daily","ot_rules":"1.5x after 8","rates":[{"rateRecordId":"2006-07-01.2370.2364.0.0.T.L392.1186.2368.3526 .01.STUDIO","dailyRate":0.0000,"hourlyRate":27.8100,"weeklyRate":0.0000,"dailyGuaranteeRate":8.00,"weeklyGuaranteeRate":0.00,"ep_code":"10518"},{"rateRecordId":"2006-07-01.2370.2364.0.0.T.L392.1186.2368.3526 .01.DISTANT","dailyRate":0.0000,"hourlyRate":0.0000,"weeklyRate":0.0000,"dailyGuaranteeRate":0.00,"weeklyGuaranteeRate":0.00,"ep_code":"10519"}]}]},{"jobId":"2013-01-01.2370.2364.0.0.T.L392.1186.2368.3600","title":"LOCATION MANAGER/SCOUT","schedules":[{"scheduleId":"2013-01-01.2370.2364.0.0.T.L392.1186.2368.3600.57","scheduleCode":"57","scheduleType":"ON CALL","pensionHours":"On call daily","ot_rules":"","rates":[{"rateRecordId":"2007-07-01.2370.2364.0.0.T.L392.1186.2368.3600 .57.STUDIO","dailyRate":0.0000,"hourlyRate":0.0000,"weeklyRate":2519.6500,"dailyGuaranteeRate":12.00,"weeklyGuaranteeRate":0.00,"ep_code":"10520"},{"rateRecordId":"2007-07-01.2370.2364.0.0.T.L392.1186.2368.3600 .57.DISTANT","dailyRate":0.0000,"hourlyRate":0.0000,"weeklyRate":0.0000,"dailyGuaranteeRate":0.00,"weeklyGuaranteeRate":0.00,"ep_code":"10521"}]}]}],"schedule":null}]}]]>
            </line>
            <line>
              <![CDATA[<br><br>Verifying Response code : <br>Actual response code : 200<br>Expected response code : 200]]>
            </line>
            <line>
              <![CDATA[testGetAContractRateByID]]>
            </line>
            <line>
              <![CDATA[OJUZCY396AOUTZRSDTS9U9R]]>
            </line>
          </reporter-output>
        </test-method> <!-- testGetAContractRateByID -->
      </class> <!-- com.ep.mmbr.api.testscripts.contractsrates.GetAContractRateByContractID -->
    </test> <!-- Contracts -->
  </suite> <!-- MMB Refresh API -->
</testng-results>
