<?xml version="1.0" encoding="UTF-8"?>
<testng-results skipped="0" failed="0" total="7" passed="7">
  <reporter-output>
    <line>
      <![CDATA[testGetBudgetByID]]>
    </line>
    <line>
      <![CDATA[DPM4FU5MUCBKEV8HO0YXXKO]]>
    </line>
    <line>
      <![CDATA[testGetAllBudgets]]>
    </line>
    <line>
      <![CDATA[EDVIVMOT1VSELRR8WX3EMB8]]>
    </line>
    <line>
      <![CDATA[testPostBudget]]>
    </line>
    <line>
      <![CDATA[84QAWGLFOO18BT0A1M2GOXU]]>
    </line>
    <line>
      <![CDATA[testUserInformationFromToken]]>
    </line>
    <line>
      <![CDATA[WH4HJGGXBEXTFBCIMS021Z6]]>
    </line>
    <line>
      <![CDATA[testUserInfoWithInvalidToken]]>
    </line>
    <line>
      <![CDATA[L7RPX2EGIOQAGB2Z1VO97M5]]>
    </line>
    <line>
      <![CDATA[testGetAContractRateByID]]>
    </line>
    <line>
      <![CDATA[VW8DOD0RRVZEQKGND9EU2AR]]>
    </line>
    <line>
      <![CDATA[testGetAContractByInvalidContractID]]>
    </line>
    <line>
      <![CDATA[IAUFNOBOPW1BIMR4PAC0YTL]]>
    </line>
  </reporter-output>
  <suite name="MMB Refresh API" duration-ms="6082" started-at="2014-11-14T14:10:16Z" finished-at="2014-11-14T14:10:22Z">
    <groups>
    </groups>
    <test name="Budget" duration-ms="5222" started-at="2014-11-14T14:10:16Z" finished-at="2014-11-14T14:10:21Z">
      <class name="com.ep.mmbr.api.testscripts.budget.PostBudget">
        <test-method status="PASS" signature="testPostBudget()[pri:0, instance:com.ep.mmbr.api.testscripts.budget.PostBudget@7f56b6b9]" name="testPostBudget" duration-ms="282" started-at="2014-11-14T06:10:21Z" finished-at="2014-11-14T06:10:21Z">
          <reporter-output>
            <line>
              <![CDATA[testPostBudget]]>
            </line>
            <line>
              <![CDATA[84QAWGLFOO18BT0A1M2GOXU]]>
            </line>
          </reporter-output>
        </test-method> <!-- testPostBudget -->
      </class> <!-- com.ep.mmbr.api.testscripts.budget.PostBudget -->
      <class name="com.ep.mmbr.api.testscripts.budget.GetAllBudgets">
        <test-method status="PASS" signature="testGetAllBudgets()[pri:0, instance:com.ep.mmbr.api.testscripts.budget.GetAllBudgets@6baa9f99]" name="testGetAllBudgets" duration-ms="187" started-at="2014-11-14T06:10:21Z" finished-at="2014-11-14T06:10:21Z">
          <reporter-output>
            <line>
              <![CDATA[testGetAllBudgets]]>
            </line>
            <line>
              <![CDATA[EDVIVMOT1VSELRR8WX3EMB8]]>
            </line>
          </reporter-output>
        </test-method> <!-- testGetAllBudgets -->
      </class> <!-- com.ep.mmbr.api.testscripts.budget.GetAllBudgets -->
      <class name="com.ep.mmbr.api.testscripts.budget.GetBudgetByID">
        <test-method status="PASS" signature="testGetBudgetByID()[pri:0, instance:com.ep.mmbr.api.testscripts.budget.GetBudgetByID@27b15692]" name="testGetBudgetByID" duration-ms="4737" started-at="2014-11-14T06:10:16Z" finished-at="2014-11-14T06:10:21Z">
          <reporter-output>
            <line>
              <![CDATA[testGetBudgetByID]]>
            </line>
            <line>
              <![CDATA[DPM4FU5MUCBKEV8HO0YXXKO]]>
            </line>
          </reporter-output>
        </test-method> <!-- testGetBudgetByID -->
      </class> <!-- com.ep.mmbr.api.testscripts.budget.GetBudgetByID -->
    </test> <!-- Budget -->
    <test name="User" duration-ms="438" started-at="2014-11-14T14:10:21Z" finished-at="2014-11-14T14:10:22Z">
      <class name="com.ep.mmbr.api.testscripts.user.GetUserInfoWithInvalidToken">
        <test-method status="PASS" signature="testUserInfoWithInvalidToken()[pri:0, instance:com.ep.mmbr.api.testscripts.user.GetUserInfoWithInvalidToken@7d2452e8]" name="testUserInfoWithInvalidToken" duration-ms="235" started-at="2014-11-14T06:10:22Z" finished-at="2014-11-14T06:10:22Z">
          <reporter-output>
            <line>
              <![CDATA[testUserInfoWithInvalidToken]]>
            </line>
            <line>
              <![CDATA[L7RPX2EGIOQAGB2Z1VO97M5]]>
            </line>
          </reporter-output>
        </test-method> <!-- testUserInfoWithInvalidToken -->
      </class> <!-- com.ep.mmbr.api.testscripts.user.GetUserInfoWithInvalidToken -->
      <class name="com.ep.mmbr.api.testscripts.user.GetUserInformationFromToken">
        <test-method status="PASS" signature="testUserInformationFromToken()[pri:0, instance:com.ep.mmbr.api.testscripts.user.GetUserInformationFromToken@5bbf3d87]" name="testUserInformationFromToken" duration-ms="203" started-at="2014-11-14T06:10:21Z" finished-at="2014-11-14T06:10:22Z">
          <reporter-output>
            <line>
              <![CDATA[testUserInformationFromToken]]>
            </line>
            <line>
              <![CDATA[WH4HJGGXBEXTFBCIMS021Z6]]>
            </line>
          </reporter-output>
        </test-method> <!-- testUserInformationFromToken -->
      </class> <!-- com.ep.mmbr.api.testscripts.user.GetUserInformationFromToken -->
    </test> <!-- User -->
    <test name="Contracts" duration-ms="375" started-at="2014-11-14T14:10:22Z" finished-at="2014-11-14T14:10:22Z">
      <class name="com.ep.mmbr.api.testscripts.contractsrates.GetAContractByInvalidContractID">
        <test-method status="PASS" signature="dbConnect()[pri:0, instance:com.ep.mmbr.api.testscripts.contractsrates.GetAContractByInvalidContractID@16b8f8eb]" name="dbConnect" is-config="true" duration-ms="892" started-at="2014-11-14T06:10:15Z" finished-at="2014-11-14T06:10:16Z">
          <reporter-output>
          </reporter-output>
        </test-method> <!-- dbConnect -->
        <test-method status="PASS" signature="testGetAContractByInvalidContractID()[pri:0, instance:com.ep.mmbr.api.testscripts.contractsrates.GetAContractByInvalidContractID@16b8f8eb]" name="testGetAContractByInvalidContractID" duration-ms="188" started-at="2014-11-14T06:10:22Z" finished-at="2014-11-14T06:10:22Z">
          <reporter-output>
            <line>
              <![CDATA[testGetAContractByInvalidContractID]]>
            </line>
            <line>
              <![CDATA[IAUFNOBOPW1BIMR4PAC0YTL]]>
            </line>
          </reporter-output>
        </test-method> <!-- testGetAContractByInvalidContractID -->
        <test-method status="PASS" signature="dbDisconnect()[pri:0, instance:com.ep.mmbr.api.testscripts.contractsrates.GetAContractByInvalidContractID@16b8f8eb]" name="dbDisconnect" is-config="true" duration-ms="0" started-at="2014-11-14T06:10:22Z" finished-at="2014-11-14T06:10:22Z">
          <reporter-output>
          </reporter-output>
        </test-method> <!-- dbDisconnect -->
      </class> <!-- com.ep.mmbr.api.testscripts.contractsrates.GetAContractByInvalidContractID -->
      <class name="com.ep.mmbr.api.testscripts.contractsrates.GetAContractRateByContractID">
        <test-method status="PASS" signature="testGetAContractRateByID()[pri:0, instance:com.ep.mmbr.api.testscripts.contractsrates.GetAContractRateByContractID@49de17f4]" name="testGetAContractRateByID" duration-ms="187" started-at="2014-11-14T06:10:22Z" finished-at="2014-11-14T06:10:22Z">
          <reporter-output>
            <line>
              <![CDATA[testGetAContractRateByID]]>
            </line>
            <line>
              <![CDATA[VW8DOD0RRVZEQKGND9EU2AR]]>
            </line>
          </reporter-output>
        </test-method> <!-- testGetAContractRateByID -->
      </class> <!-- com.ep.mmbr.api.testscripts.contractsrates.GetAContractRateByContractID -->
    </test> <!-- Contracts -->
  </suite> <!-- MMB Refresh API -->
</testng-results>
