<?xml version="1.0" encoding="UTF-8"?>
<testsuite name="TestSuite" time="18.759" tests="7" errors="0" skipped="0" failures="0">
  <properties>
[...]
</properties>
  <testcase name="testGetBudgetByID" classname="com.ep.mmbr.api.testscripts.Budget.TestGetBudgetByID" time="5.709"/>
  <testcase name="testGetAllBudgets" classname="com.ep.mmbr.api.testscripts.Budget.TestGetAllBudgets" time="2.122"/>
  <testcase name="testPostBudgetWithExistingFile" classname="com.ep.mmbr.api.testscripts.Budget.TestPostBudgetWithExistingFile" time="3.252"/>
  <testcase name="testUserInformationFromToken" classname="com.ep.mmbr.api.testscripts.User.TestGetUserInformationFromToken" time="1.753"/>
  <testcase name="testUserInfoWithInvalidToken" classname="com.ep.mmbr.api.testscripts.User.TestUserInfoWithInvalidToken" time="2.015"/>
  <testcase name="testGetGetAContractRateByID" classname="com.ep.mmbr.api.testscripts.ContractsRates.TestGetAContractRateByContractID" time="2.26"/>
  <testcase name="testGetAContractByInvalidContractID" classname="com.ep.mmbr.api.testscripts.ContractsRates.TestGetAContractByInvalidContractID" time="1.648"/>
</testsuite>