<?xml version="1.0" encoding="UTF-8"?>
<testng-results skipped="0" failed="0" total="10" passed="10">
  <reporter-output>
    <line>
      <![CDATA[
Base uri: https://mmio-api-dev-env.elasticbeanstalk.com:443/v1]]>
    </line>
    <line>
      <![CDATA[<br>Uploading budget: MovieMagicBudget.mbd]]>
    </line>
    <line>
      <![CDATA[<br>Sending POST request ]]>
    </line>
    <line>
      <![CDATA[<br>Endpoint : /Budget]]>
    </line>
    <line>
      <![CDATA[<br>Multipart parameter : file : TestData/Budget/MovieMagicBudget.mbd]]>
    </line>
    <line>
      <![CDATA[<br>Budget uploaded successfully]]>
    </line>
    <line>
      <![CDATA[<br>Received budget id  : 546411dfe4b089cc7647460d]]>
    </line>
    <line>
      <![CDATA[<br><br>Sending reqest to get budget by id ]]>
    </line>
    <line>
      <![CDATA[<br>Sending GET request ]]>
    </line>
    <line>
      <![CDATA[<br>Endpoint : /Budget/{budget_id}]]>
    </line>
    <line>
      <![CDATA[<br>Path parameters: </b>budget_id : 546411dfe4b089cc7647460d]]>
    </line>
    <line>
      <![CDATA[<br><br>Received Response body:</b>{"budgetId":"546411dfe4b089cc7647460d","name":"MovieMagicBudget.mbd","dateCreated":1415844319737,"dateUpdated":1416234124172,"dateLastUploaded":1415844319737}]]>
    </line>
    <line>
      <![CDATA[<br><br>Verifying Response code : <br>Actual response code : 200<br>Expected response code : 200]]>
    </line>
    <line>
      <![CDATA[<br>Verifying budget name :<br>Actual budget name : MovieMagicBudget.mbd<br> Expected budget name : MovieMagicBudget.mbd]]>
    </line>
    <line>
      <![CDATA[testGetBudgetByID]]>
    </line>
    <line>
      <![CDATA[5FG3RC13SCIXM059PMI1UKS]]>
    </line>
    <line>
      <![CDATA[<br>Verifying if budgets are available for user]]>
    </line>
    <line>
      <![CDATA[<br>Sending GET request ]]>
    </line>
    <line>
      <![CDATA[<br>Endpoint : /Budget]]>
    </line>
    <line>
      <![CDATA[<br>Found budgets for user]]>
    </line>
    <line>
      <![CDATA[<br><br>Received Response body:</b>[{"budgetId":"546411dfe4b089cc7647460d","name":"MovieMagicBudget.mbd","dateCreated":1415844319737,"dateUpdated":1416234124172,"dateLastUploaded":1415844319737},{"budgetId":"546413aae4b089cc7647460e","name":"AAAPIXELS_TORONTO_BUDGET_72_DAYS_03-12-14-2014-09-08-13-43-32-346-07001.mbd","dateCreated":1415844777251,"dateUpdated":1415964347024,"dateLastUploaded":1415844777251},{"budgetId":"546413bee4b089cc7647460f","name":"Budget2-2014-07-22-16-10-19-670-0700.mbd","dateCreated":1415844798992,"dateUpdated":1415844798992,"dateLastUploaded":1415844798992},{"budgetId":"546413dbe4b089cc76474610","name":"StarWars.mbd","dateCreated":1415844826961,"dateUpdated":1415972566314,"dateLastUploaded":1415844826961}]]]>
    </line>
    <line>
      <![CDATA[<br><br>Verifying Response code : <br>Actual response code : 200<br>Expected response code : 200]]>
    </line>
    <line>
      <![CDATA[testGetAllBudgets]]>
    </line>
    <line>
      <![CDATA[H5JN42TTG1YNBCLDLONCIM9]]>
    </line>
    <line>
      <![CDATA[Sending request to post budget ]]>
    </line>
    <line>
      <![CDATA[<br>Uploading budget: MovieMagicBudget.mbd]]>
    </line>
    <line>
      <![CDATA[<br>Sending POST request ]]>
    </line>
    <line>
      <![CDATA[<br>Endpoint : /Budget]]>
    </line>
    <line>
      <![CDATA[<br>Multipart parameter : file : TestData/Budget/MovieMagicBudget.mbd]]>
    </line>
    <line>
      <![CDATA[<br>Budget uploaded successfully]]>
    </line>
    <line>
      <![CDATA[<br><br>Received Response body:</b>{"status":"OK","budgetId":"546411dfe4b089cc7647460d"}]]>
    </line>
    <line>
      <![CDATA[<br><br>Verifying Response code : <br>Actual response code : 200<br>Expected response code : 200]]>
    </line>
    <line>
      <![CDATA[testPostBudget]]>
    </line>
    <line>
      <![CDATA[4FHY1CDZRHNCUYELSVKEB9M]]>
    </line>
    <line>
      <![CDATA[<br>Uploading budget: MovieMagicBudget.mbd]]>
    </line>
    <line>
      <![CDATA[<br>Sending POST request ]]>
    </line>
    <line>
      <![CDATA[<br>Endpoint : /Budget]]>
    </line>
    <line>
      <![CDATA[<br>Multipart parameter : file : TestData/Budget/MovieMagicBudget.mbd]]>
    </line>
    <line>
      <![CDATA[<br>Budget uploaded successfully]]>
    </line>
    <line>
      <![CDATA[<br>Received budget id  : 546411dfe4b089cc7647460d]]>
    </line>
    <line>
      <![CDATA[<br><br>Sending request to get all global group by valid budget id]]>
    </line>
    <line>
      <![CDATA[<br>Sending GET request ]]>
    </line>
    <line>
      <![CDATA[<br>Endpoint : /Budget/{budget_id}/GlobalGroup]]>
    </line>
    <line>
      <![CDATA[<br>Path parameters: </b>budget_id : 546411dfe4b089cc7647460d]]>
    </line>
    <line>
      <![CDATA[<br><br>Received Response body:</b>[{"id":71,"name":"Default Group","description":"This group was created as a Default Group."}]]]>
    </line>
    <line>
      <![CDATA[<br><br>Verifying Response code : <br>Actual response code : 200<br>Expected response code : 200]]>
    </line>
    <line>
      <![CDATA[testGetAllGlobalGroups]]>
    </line>
    <line>
      <![CDATA[J2KL1OB3EOD3VMD256WVBYI]]>
    </line>
    <line>
      <![CDATA[<br>Uploading budget: MovieMagicBudget.mbd]]>
    </line>
    <line>
      <![CDATA[<br>Sending POST request ]]>
    </line>
    <line>
      <![CDATA[<br>Endpoint : /Budget]]>
    </line>
    <line>
      <![CDATA[<br>Multipart parameter : file : TestData/Budget/MovieMagicBudget.mbd]]>
    </line>
    <line>
      <![CDATA[<br>Budget uploaded successfully]]>
    </line>
    <line>
      <![CDATA[<br>Received budget id  : 546411dfe4b089cc7647460d]]>
    </line>
    <line>
      <![CDATA[<br><br>Sending post reqest with new global group ]]>
    </line>
    <line>
      <![CDATA[<br>Sending POST request ]]>
    </line>
    <line>
      <![CDATA[<br>Endpoint : /Budget/{budget_id}/GlobalGroup]]>
    </line>
    <line>
      <![CDATA[<br>Path parameters: </b>budget_id : 546411dfe4b089cc7647460d]]>
    </line>
    <line>
      <![CDATA[<br>Json body : {"description":"This is a test group","name":"Auto Test Group"}]]>
    </line>
    <line>
      <![CDATA[<br><br>Received Response body:</b>]]>
    </line>
    <line>
      <![CDATA[<br><br>Verifying Response code : <br>Actual response code : 201<br>Expected response code : 201]]>
    </line>
    <line>
      <![CDATA[testPostGlobalGroups]]>
    </line>
    <line>
      <![CDATA[VFLF2J84BH7EJTII40DJ8ST]]>
    </line>
    <line>
      <![CDATA[<br>Uploading budget: MovieMagicBudget.mbd]]>
    </line>
    <line>
      <![CDATA[<br>Sending POST request ]]>
    </line>
    <line>
      <![CDATA[<br>Endpoint : /Budget]]>
    </line>
    <line>
      <![CDATA[<br>Multipart parameter : file : TestData/Budget/MovieMagicBudget.mbd]]>
    </line>
    <line>
      <![CDATA[<br>Budget uploaded successfully]]>
    </line>
    <line>
      <![CDATA[<br>Received budget id  : 546411dfe4b089cc7647460d]]>
    </line>
    <line>
      <![CDATA[<br><br>Verifying  available global groups to get global group id]]>
    </line>
    <line>
      <![CDATA[<br>Sending GET request ]]>
    </line>
    <line>
      <![CDATA[<br>Endpoint : /Budget/{budget_id}/GlobalGroup]]>
    </line>
    <line>
      <![CDATA[<br>Path parameters: </b>budget_id : 546411dfe4b089cc7647460d]]>
    </line>
    <line>
      <![CDATA[<br>Received global group id : 71]]>
    </line>
    <line>
      <![CDATA[<br><br>Set budget id and global id parametrs to request data : <br>Budgte ID:546411dfe4b089cc7647460d<br>Global group id71]]>
    </line>
    <line>
      <![CDATA[<br><br>Sending reqest to get global group by valid budget id and valid global group id]]>
    </line>
    <line>
      <![CDATA[<br>Sending GET request ]]>
    </line>
    <line>
      <![CDATA[<br>Endpoint : /Budget/{budget_id}/GlobalGroup/{global_group_id}]]>
    </line>
    <line>
      <![CDATA[<br>Path parameters: </b>global_group_id : 71]]>
    </line>
    <line>
      <![CDATA[<br>Path parameters: </b>budget_id : 546411dfe4b089cc7647460d]]>
    </line>
    <line>
      <![CDATA[<br><br>Received Response body:</b>{"id":71,"name":"Default Group","description":"This group was created as a Default Group."}]]>
    </line>
    <line>
      <![CDATA[<br><br>Verifying Response code : <br>Actual response code : 200<br>Expected response code : 200]]>
    </line>
    <line>
      <![CDATA[testGetGlobalGroupByID]]>
    </line>
    <line>
      <![CDATA[0K7NS3RBS1PXAJOMAJVG0S8]]>
    </line>
    <line>
      <![CDATA[Sending request to get user information from token]]>
    </line>
    <line>
      <![CDATA[<br>Sending GET request ]]>
    </line>
    <line>
      <![CDATA[<br>Endpoint : /User]]>
    </line>
    <line>
      <![CDATA[<br><br>Received Response body:</b>{"id":"54625ef50dcf34b41f7387ee","salesForceId":"005o0000001ZSKtAAO","name":"QA User","email":"rclark.consulting+120@gmail.com"}]]>
    </line>
    <line>
      <![CDATA[<br><br>Verifying Response code : <br>Actual response code : 200<br>Expected response code : 200]]>
    </line>
    <line>
      <![CDATA[<br>Verifying user information from response body json object:<br>Expected response body{"id":"54625ef50dcf34b41f7387ee","email":"rclark.consulting+120@gmail.com","name":"QA User","salesForceId":"005o0000001ZSKtAAO"}]]>
    </line>
    <line>
      <![CDATA[testUserInformationFromToken]]>
    </line>
    <line>
      <![CDATA[RKZG9BZ00BYLGPXM3PB15G4]]>
    </line>
    <line>
      <![CDATA[Sending get user information with invalid token : /User]]>
    </line>
    <line>
      <![CDATA[<br>Sending GET request ]]>
    </line>
    <line>
      <![CDATA[<br>Endpoint : /User]]>
    </line>
    <line>
      <![CDATA[<br><br>Received Response body:</b>Authorization Failure]]>
    </line>
    <line>
      <![CDATA[<br><br>Verifying Response code : <br>Actual response code : 401<br>Expected response code : 401]]>
    </line>
    <line>
      <![CDATA[testUserInfoWithInvalidToken]]>
    </line>
    <line>
      <![CDATA[8MP32X9BDU41EHX3EZM7SJF]]>
    </line>
    <line>
      <![CDATA[Sending get reqest for get contract by id ]]>
    </line>
    <line>
      <![CDATA[<br>Sending GET request ]]>
    </line>
    <line>
      <![CDATA[<br>Endpoint : /ContractRate/{id}]]>
    </line>
    <line>
      <![CDATA[<br>Path parameters: </b>id : 697]]>
    </line>
    <line>
      <![CDATA[<br><br>Received Response body:</b>{"id":"5467b3d9e4b0e9d18ceacb8c","negotiatingUnitId":863,"contractId":697,"negotiatingUnitName":"LA BASIC","contractName":"LA BASIC VIDEOTAPE AGREEMENT","unions":[{"unionId":"2012-07-30.1196.863.0.0.I.871A.1623.4534","name":"871","description":"ACCOUNTANT-VIDEOTAPE","epCode":null,"jobs":[{"jobId":"2001-07-02.1196.863.0.0.I.871A.1623.4534.7100","title":"PRODUCTION ACCOUNTANT","schedules":[{"scheduleId":"2001-07-02.1196.863.0.0.I.871A.1623.4534.7100.56","scheduleCode":"56","scheduleType":"ON CALL","pensionHours":"On call weekly","ot_rules":"","rates":[{"rateRecordId":"2001-07-02.1196.863.0.0.I.871A.1623.4534.7100 .56.STUDIO","dailyRate":0.0000,"hourlyRate":0.0000,"weeklyRate":0.0000,"dailyGuaranteeRate":0.00,"weeklyGuaranteeRate":0.00,"ep_code":"15598"},{"rateRecordId":"2001-07-02.1196.863.0.0.I.871A.1623.4534.7100 .56.DISTANT","dailyRate":0.0000,"hourlyRate":0.0000,"weeklyRate":0.0000,"dailyGuaranteeRate":0.00,"weeklyGuaranteeRate":0.00,"ep_code":"15599"}]}]},{"jobId":"2001-07-02.1196.863.0.0.I.871A.1623.4534.7102","title":"ASST PRODUCTION ACCOUNTANT","schedules":[{"scheduleId":"2001-07-02.1196.863.0.0.I.871A.1623.4534.7102.56","scheduleCode":"56","scheduleType":"ON CALL","pensionHours":"On call weekly","ot_rules":"","rates":[{"rateRecordId":"2001-07-02.1196.863.0.0.I.871A.1623.4534.7102 .56.STUDIO","dailyRate":0.0000,"hourlyRate":0.0000,"weeklyRate":0.0000,"dailyGuaranteeRate":0.00,"weeklyGuaranteeRate":0.00,"ep_code":"15600"},{"rateRecordId":"2001-07-02.1196.863.0.0.I.871A.1623.4534.7102 .56.DISTANT","dailyRate":0.0000,"hourlyRate":0.0000,"weeklyRate":0.0000,"dailyGuaranteeRate":0.00,"weeklyGuaranteeRate":0.00,"ep_code":"15601"}]}]}],"schedule":null},{"unionId":"2010-08-01.1196.863.0.0.I.871P.1623.4619","name":"871","description":"POC/APOC/ART COORD-VIDEOTAPE","epCode":null,"jobs":[{"jobId":"2001-07-02.1196.863.0.0.I.871P.1623.4619.7705","title":"PRODUCTION OFFICE COORDINATOR","schedules":[{"scheduleId":"2001-07-02.1196.863.0.0.I.871P.1623.4619.7705.56","scheduleCode":"56","scheduleType":"ON CALL","pensionHours":"On call weekly","ot_rules":"","rates":[{"rateRecordId":"2001-07-02.1196.863.0.0.I.871P.1623.4619.7705 .56.STUDIO","dailyRate":0.0000,"hourlyRate":0.0000,"weeklyRate":0.0000,"dailyGuaranteeRate":0.00,"weeklyGuaranteeRate":0.00,"ep_code":"15602"},{"rateRecordId":"2001-07-02.1196.863.0.0.I.871P.1623.4619.7705 .56.DISTANT","dailyRate":0.0000,"hourlyRate":0.0000,"weeklyRate":0.0000,"dailyGuaranteeRate":0.00,"weeklyGuaranteeRate":0.00,"ep_code":"15603"}]}]},{"jobId":"2001-07-02.1196.863.0.0.I.871P.1623.4619.7706","title":"ASST PROD OFFICE COORDINATOR","schedules":[{"scheduleId":"2001-07-02.1196.863.0.0.I.871P.1623.4619.7706.56","scheduleCode":"56","scheduleType":"ON CALL","pensionHours":"On call weekly","ot_rules":"","rates":[{"rateRecordId":"2001-07-02.1196.863.0.0.I.871P.1623.4619.7706 .56.STUDIO","dailyRate":0.0000,"hourlyRate":0.0000,"weeklyRate":0.0000,"dailyGuaranteeRate":0.00,"weeklyGuaranteeRate":0.00,"ep_code":"15604"},{"rateRecordId":"2001-07-02.1196.863.0.0.I.871P.1623.4619.7706 .56.DISTANT","dailyRate":0.0000,"hourlyRate":0.0000,"weeklyRate":0.0000,"dailyGuaranteeRate":0.00,"weeklyGuaranteeRate":0.00,"ep_code":"15605"}]}]},{"jobId":"2001-07-02.1196.863.0.0.I.871P.1623.4619.7707","title":"ART DEPARTMENT COORDINATOR","schedules":[{"scheduleId":"2001-07-02.1196.863.0.0.I.871P.1623.4619.7707.56","scheduleCode":"56","scheduleType":"ON CALL","pensionHours":"On call weekly","ot_rules":"","rates":[{"rateRecordId":"2001-07-02.1196.863.0.0.I.871P.1623.4619.7707 .56.STUDIO","dailyRate":0.0000,"hourlyRate":0.0000,"weeklyRate":0.0000,"dailyGuaranteeRate":0.00,"weeklyGuaranteeRate":0.00,"ep_code":"15606"},{"rateRecordId":"2001-07-02.1196.863.0.0.I.871P.1623.4619.7707 .56.DISTANT","dailyRate":0.0000,"hourlyRate":0.0000,"weeklyRate":0.0000,"dailyGuaranteeRate":0.00,"weeklyGuaranteeRate":0.00,"ep_code":"15607"}]}]}],"schedule":null},{"unionId":"1998-03-29.1196.863.0.0.I.V044.1225.4628","name":"44","description":"PROPERTY-VIDEOTAPE","epCode":null,"jobs":[{"jobId":"2013-09-29.1196.863.0.0.I.V044.1225.4628.7300","title":"PROP MAKER FOREMAN","schedules":[{"scheduleId":"2013-09-29.1196.863.0.0.I.V044.1225.4628.7300.01","scheduleCode":"01","scheduleType":"DAILY","pensionHours":"Daily","ot_rules":"1.5x after 8","rates":[{"rateRecordId":"2013-09-29.1196.863.0.0.I.V044.1225.4628.7300 .01.STUDIO","dailyRate":0.0000,"hourlyRate":42.0000,"weeklyRate":0.0000,"dailyGuaranteeRate":0.00,"weeklyGuaranteeRate":0.00,"ep_code":"15608"},{"rateRecordId":"2013-09-29.1196.863.0.0.I.V044.1225.4628.7300 .01.DISTANT","dailyRate":0.0000,"hourlyRate":0.0000,"weeklyRate":0.0000,"dailyGuaranteeRate":0.00,"weeklyGuaranteeRate":0.00,"ep_code":"15609"}]},{"scheduleId":"2013-09-29.1196.863.0.0.I.V044.1225.4628.7300.40","scheduleCode":"40","scheduleType":"WEEKLY","pensionHours":"40 hr weekly","ot_rules":"1.5x after 40","rates":[{"rateRecordId":"2013-09-29.1196.863.0.0.I.V044.1225.4628.7300 .40.STUDIO","dailyRate":0.0000,"hourlyRate":38.8500,"weeklyRate":1554.0000,"dailyGuaranteeRate":0.00,"weeklyGuaranteeRate":40.00,"ep_code":"15610"},{"rateRecordId":"2013-09-29.1196.863.0.0.I.V044.1225.4628.7300 .40.DISTANT","dailyRate":0.0000,"hourlyRate":0.0000,"weeklyRate":0.0000,"dailyGuaranteeRate":0.00,"weeklyGuaranteeRate":0.00,"ep_code":"15611"}]},{"scheduleId":"2013-09-29.1196.863.0.0.I.V044.1225.4628.7300.50","scheduleCode":"50","scheduleType":"WEEKLY","pensionHours":"50 hr weekly","ot_rules":"1.5x after 40","rates":[{"rateRecordId":"2013-09-29.1196.863.0.0.I.V044.1225.4628.7300 .50.STUDIO","dailyRate":0.0000,"hourlyRate":38.8500,"weeklyRate":0.0000,"dailyGuaranteeRate":0.00,"weeklyGuaranteeRate":50.00,"ep_code":"15612"},{"rateRecordId":"2013-09-29.1196.863.0.0.I.V044.1225.4628.7300 .50.DISTANT","dailyRate":0.0000,"hourlyRate":0.0000,"weeklyRate":0.0000,"dailyGuaranteeRate":0.00,"weeklyGuaranteeRate":0.00,"ep_code":"15613"}]}]},{"jobId":"2013-09-29.1196.863.0.0.I.V044.1225.4628.7301","title":"PROP MAKER GANG BOSS","schedules":[{"scheduleId":"2013-09-29.1196.863.0.0.I.V044.1225.4628.7301.01","scheduleCode":"01","scheduleType":"DAILY","pensionHours":"Daily","ot_rules":"1.5x after 8","rates":[{"rateRecordId":"2013-09-29.1196.863.0.0.I.V044.1225.4628.7301 .01.STUDIO","dailyRate":0.0000,"hourlyRate":42.0000,"weeklyRate":0.0000,"dailyGuaranteeRate":0.00,"weeklyGuaranteeRate":0.00,"ep_code":"15614"},{"rateRecordId":"2013-09-29.1196.863.0.0.I.V044.1225.4628.7301 .01.DISTANT","dailyRate":0.0000,"hourlyRate":0.0000,"weeklyRate":0.0000,"dailyGuaranteeRate":0.00,"weeklyGuaranteeRate":0.00,"ep_code":"15615"}]},{"scheduleId":"2013-09-29.1196.863.0.0.I.V044.1225.4628.7301.40","scheduleCode":"40","scheduleType":"WEEKLY","pensionHours":"40 hr weekly","ot_rules":"1.5x after 40","rates":[{"rateRecordId":"2013-09-29.1196.863.0.0.I.V044.1225.4628.7301 .40.STUDIO","dailyRate":0.0000,"hourlyRate":38.8500,"weeklyRate":1554.0000,"dailyGuaranteeRate":0.00,"weeklyGuaranteeRate":40.00,"ep_code":"15616"},{"rateRecordId":"2013-09-29.1196.863.0.0.I.V044.1225.4628.7301 .40.DISTANT","dailyRate":0.0000,"hourlyRate":0.0000,"weeklyRate":0.0000,"dailyGuaranteeRate":0.00,"weeklyGuaranteeRate":0.00,"ep_code":"15617"}]}]},{"jobId":"2013-09-29.1196.863.0.0.I.V044.1225.4628.7303","title":"CARPENTER","schedules":[{"scheduleId":"2013-09-29.1196.863.0.0.I.V044.1225.4628.7303.01","scheduleCode":"01","scheduleType":"DAILY","pensionHours":"Daily","ot_rules":"1.5x after 8","rates":[{"rateRecordId":"2013-09-29.1196.863.0.0.I.V044.1225.4628.7303 .01.STUDIO","dailyRate":0.0000,"hourlyRate":34.7500,"weeklyRate":0.0000,"dailyGuaranteeRate":0.00,"weeklyGuaranteeRate":0.00,"ep_code":"15618"},{"rateRecordId":"2013-09-29.1196.863.0.0.I.V044.1225.4628.7303 .01.DISTANT","dailyRate":0.0000,"hourlyRate":0.0000,"weeklyRate":0.0000,"dailyGuaranteeRate":0.00,"weeklyGuaranteeRate":0.00,"ep_code":"15619"}]},{"scheduleId":"2013-09-29.1196.863.0.0.I.V044.1225.4628.7303.40","scheduleCode":"40","scheduleType":"WEEKLY","pensionHours":"40 hr weekly","ot_rules":"1.5x after 40","rates":[{"rateRecordId":"2013-09-29.1196.863.0.0.I.V044.1225.4628.7303 .40.STUDIO","dailyRate":0.0000,"hourlyRate":31.8000,"weeklyRate":1272.0000,"dailyGuaranteeRate":0.00,"weeklyGuaranteeRate":40.00,"ep_code":"15620"},{"rateRecordId":"2013-09-29.1196.863.0.0.I.V044.1225.4628.7303 .40.DISTANT","dailyRate":0.0000,"hourlyRate":0.0000,"weeklyRate":0.0000,"dailyGuaranteeRate":0.00,"weeklyGuaranteeRate":0.00,"ep_code":"15621"}]}]},{"jobId":"2013-09-29.1196.863.0.0.I.V044.1225.4628.7321","title":"DRAPER FOREMAN-DAILY","schedules":[{"scheduleId":"2013-09-29.1196.863.0.0.I.V044.1225.4628.7321.40","scheduleCode":"40","scheduleType":"WEEKLY","pensionHours":"40 hr weekly","ot_rules":"1.5x after 40","rates":[{"rateRecordId":"2013-09-29.1196.863.0.0.I.V044.1225.4628.7321 .40.STUDIO","dailyRate":0.0000,"hourlyRate":38.8500,"weeklyRate":1554.0000,"dailyGuaranteeRate":0.00,"weeklyGuaranteeRate":40.00,"ep_code":"15622"},{"rateRecordId":"2013-09-29.1196.863.0.0.I.V044.1225.4628.7321 .40.DISTANT","dailyRate":0.0000,"hourlyRate":0.0000,"weeklyRate":0.0000,"dailyGuaranteeRate":0.00,"weeklyGuaranteeRate":0.00,"ep_code":"15623"}]}]},{"jobId":"2013-09-29.1196.863.0.0.I.V044.1225.4628.7331","title":"PROPERTY MASTER","schedules":[{"scheduleId":"2013-09-29.1196.863.0.0.I.V044.1225.4628.7331.01","scheduleCode":"01","scheduleType":"DAILY","pensionHours":"Daily","ot_rules":"1.5x after 8","rates":[{"rateRecordId":"2013-09-29.1196.863.0.0.I.V044.1225.4628.7331 .01.STUDIO","dailyRate":0.0000,"hourlyRate":42.0000,"weeklyRate":0.0000,"dailyGuaranteeRate":0.00,"weeklyGuaranteeRate":0.00,"ep_code":"15624"},{"rateRecordId":"2013-09-29.1196.863.0.0.I.V044.1225.4628.7331 .01.DISTANT","dailyRate":0.0000,"hourlyRate":0.0000,"weeklyRate":0.0000,"dailyGuaranteeRate":0.00,"weeklyGuaranteeRate":0.00,"ep_code":"15625"}]},{"scheduleId":"2013-09-29.1196.863.0.0.I.V044.1225.4628.7331.40","scheduleCode":"40","scheduleType":"WEEKLY","pensionHours":"40 hr weekly","ot_rules":"1.5x after 40","rates":[{"rateRecordId":"2013-09-29.1196.863.0.0.I.V044.1225.4628.7331 .40.STUDIO","dailyRate":0.0000,"hourlyRate":38.8500,"weeklyRate":1554.0000,"dailyGuaranteeRate":0.00,"weeklyGuaranteeRate":40.00,"ep_code":"15626"},{"rateRecordId":"2013-09-29.1196.863.0.0.I.V044.1225.4628.7331 .40.DISTANT","dailyRate":0.0000,"hourlyRate":0.0000,"weeklyRate":0.0000,"dailyGuaranteeRate":0.00,"weeklyGuaranteeRate":0.00,"ep_code":"15627"}]}]},{"jobId":"2013-09-29.1196.863.0.0.I.V044.1225.4628.7332","title":"ASST PROPERTY MASTER-DAILY","schedules":[{"scheduleId":"2013-09-29.1196.863.0.0.I.V044.1225.4628.7332.01","scheduleCode":"01","scheduleType":"DAILY","pensionHours":"Daily","ot_rules":"1.5x after 8","rates":[{"rateRecordId":"2013-09-29.1196.863.0.0.I.V044.1225.4628.7332 .01.STUDIO","dailyRate":0.0000,"hourlyRate":34.7500,"weeklyRate":0.0000,"dailyGuaranteeRate":0.00,"weeklyGuaranteeRate":0.00,"ep_code":"15628"},{"rateRecordId":"2013-09-29.1196.863.0.0.I.V044.1225.4628.7332 .01.DISTANT","dailyRate":0.0000,"hourlyRate":0.0000,"weeklyRate":0.0000,"dailyGuaranteeRate":0.00,"weeklyGuaranteeRate":0.00,"ep_code":"15629"}]},{"scheduleId":"2013-09-29.1196.863.0.0.I.V044.1225.4628.7332.40","scheduleCode":"40","scheduleType":"WEEKLY","pensionHours":"40 hr weekly","ot_rules":"1.5x after 40","rates":[{"rateRecordId":"2013-09-29.1196.863.0.0.I.V044.1225.4628.7332 .40.STUDIO","dailyRate":0.0000,"hourlyRate":31.8000,"weeklyRate":1272.0000,"dailyGuaranteeRate":0.00,"weeklyGuaranteeRate":40.00,"ep_code":"15630"},{"rateRecordId":"2013-09-29.1196.863.0.0.I.V044.1225.4628.7332 .40.DISTANT","dailyRate":0.0000,"hourlyRate":0.0000,"weeklyRate":0.0000,"dailyGuaranteeRate":0.00,"weeklyGuaranteeRate":0.00,"ep_code":"15631"}]}]},{"jobId":"2013-09-29.1196.863.0.0.I.V044.1225.4628.7351","title":"LEADMAN","schedules":[{"scheduleId":"2013-09-29.1196.863.0.0.I.V044.1225.4628.7351.01","scheduleCode":"01","scheduleType":"DAILY","pensionHours":"Daily","ot_rules":"1.5x after 8","rates":[{"rateRecordId":"2013-09-29.1196.863.0.0.I.V044.1225.4628.7351 .01.STUDIO","dailyRate":0.0000,"hourlyRate":34.7500,"weeklyRate":0.0000,"dailyGuaranteeRate":0.00,"weeklyGuaranteeRate":0.00,"ep_code":"15632"},{"rateRecordId":"2013-09-29.1196.863.0.0.I.V044.1225.4628.7351 .01.DISTANT","dailyRate":0.0000,"hourlyRate":0.0000,"weeklyRate":0.0000,"dailyGuaranteeRate":0.00,"weeklyGuaranteeRate":0.00,"ep_code":"15633"}]},{"scheduleId":"2013-09-29.1196.863.0.0.I.V044.1225.4628.7351.54","scheduleCode":"54","scheduleType":"WEEKLY","pensionHours":"54 hr weekly","ot_rules":"1.5x after 40","rates":[{"rateRecordId":"2013-09-29.1196.863.0.0.I.V044.1225.4628.7351 .54.STUDIO","dailyRate":0.0000,"hourlyRate":31.8000,"weeklyRate":0.0000,"dailyGuaranteeRate":0.00,"weeklyGuaranteeRate":54.00,"ep_code":"15634"},{"rateRecordId":"2013-09-29.1196.863.0.0.I.V044.1225.4628.7351 .54.DISTANT","dailyRate":0.0000,"hourlyRate":0.0000,"weeklyRate":0.0000,"dailyGuaranteeRate":0.00,"weeklyGuaranteeRate":0.00,"ep_code":"15635"}]}]},{"jobId":"2013-09-29.1196.863.0.0.I.V044.1225.4628.7369","title":"PROPERTY PERSON","schedules":[{"scheduleId":"2013-09-29.1196.863.0.0.I.V044.1225.4628.7369.01","scheduleCode":"01","scheduleType":"DAILY","pensionHours":"Daily","ot_rules":"1.5x after 8","rates":[{"rateRecordId":"2013-09-29.1196.863.0.0.I.V044.1225.4628.7369 .01.STUDIO","dailyRate":0.0000,"hourlyRate":34.7500,"weeklyRate":0.0000,"dailyGuaranteeRate":0.00,"weeklyGuaranteeRate":0.00,"ep_code":"15636"},{"rateRecordId":"2013-09-29.1196.863.0.0.I.V044.1225.4628.7369 .01.DISTANT","dailyRate":0.0000,"hourlyRate":0.0000,"weeklyRate":0.0000,"dailyGuaranteeRate":0.00,"weeklyGuaranteeRate":0.00,"ep_code":"15637"}]},{"scheduleId":"2013-09-29.1196.863.0.0.I.V044.1225.4628.7369.40","scheduleCode":"40","scheduleType":"WEEKLY","pensionHours":"40 hr weekly","ot_rules":"1.5x after 40","rates":[{"rateRecordId":"2013-09-29.1196.863.0.0.I.V044.1225.4628.7369 .40.STUDIO","dailyRate":0.0000,"hourlyRate":31.8000,"weeklyRate":1272.0000,"dailyGuaranteeRate":0.00,"weeklyGuaranteeRate":40.00,"ep_code":"15638"},{"rateRecordId":"2013-09-29.1196.863.0.0.I.V044.1225.4628.7369 .40.DISTANT","dailyRate":0.0000,"hourlyRate":0.0000,"weeklyRate":0.0000,"dailyGuaranteeRate":0.00,"weeklyGuaranteeRate":0.00,"ep_code":"15639"}]}]},{"jobId":"2013-09-29.1196.863.0.0.I.V044.1225.4628.7390","title":"SET DECORATOR","schedules":[{"scheduleId":"2013-09-29.1196.863.0.0.I.V044.1225.4628.7390.56","scheduleCode":"56","scheduleType":"ON CALL","pensionHours":"On call weekly","ot_rules":"","rates":[{"rateRecordId":"2013-09-29.1196.863.0.0.I.V044.1225.4628.7390 .56.STUDIO","dailyRate":0.0000,"hourlyRate":0.0000,"weeklyRate":1695.0000,"dailyGuaranteeRate":0.00,"weeklyGuaranteeRate":60.00,"ep_code":"15640"},{"rateRecordId":"2013-09-29.1196.863.0.0.I.V044.1225.4628.7390 .56.DISTANT","dailyRate":0.0000,"hourlyRate":0.0000,"weeklyRate":0.0000,"dailyGuaranteeRate":0.00,"weeklyGuaranteeRate":0.00,"ep_code":"15641"}]},{"scheduleId":"2013-09-29.1196.863.0.0.I.V044.1225.4628.7390.57","scheduleCode":"57","scheduleType":"ON CALL","pensionHours":"On call daily","ot_rules":"","rates":[{"rateRecordId":"2013-09-29.1196.863.0.0.I.V044.1225.4628.7390 .57.STUDIO","dailyRate":0.0000,"hourlyRate":0.0000,"weeklyRate":1845.0000,"dailyGuaranteeRate":0.00,"weeklyGuaranteeRate":0.00,"ep_code":"15642"},{"rateRecordId":"2013-09-29.1196.863.0.0.I.V044.1225.4628.7390 .57.DISTANT","dailyRate":0.0000,"hourlyRate":0.0000,"weeklyRate":0.0000,"dailyGuaranteeRate":0.00,"weeklyGuaranteeRate":0.00,"ep_code":"15643"}]}]},{"jobId":"2013-09-29.1196.863.0.0.I.V044.1225.4628.7392","title":"CONSTRUCTION COORDINATOR","schedules":[{"scheduleId":"2013-09-29.1196.863.0.0.I.V044.1225.4628.7392.01","scheduleCode":"01","scheduleType":"DAILY","pensionHours":"Daily","ot_rules":"1.5x after 8","rates":[{"rateRecordId":"2013-09-29.1196.863.0.0.I.V044.1225.4628.7392 .01.STUDIO","dailyRate":0.0000,"hourlyRate":42.0000,"weeklyRate":0.0000,"dailyGuaranteeRate":0.00,"weeklyGuaranteeRate":0.00,"ep_code":"15644"},{"rateRecordId":"2013-09-29.1196.863.0.0.I.V044.1225.4628.7392 .01.DISTANT","dailyRate":0.0000,"hourlyRate":0.0000,"weeklyRate":0.0000,"dailyGuaranteeRate":0.00,"weeklyGuaranteeRate":0.00,"ep_code":"15645"}]},{"scheduleId":"2013-09-29.1196.863.0.0.I.V044.1225.4628.7392.40","scheduleCode":"40","scheduleType":"WEEKLY","pensionHours":"40 hr weekly","ot_rules":"1.5x after 40","rates":[{"rateRecordId":"2013-09-29.1196.863.0.0.I.V044.1225.4628.7392 .40.STUDIO","dailyRate":0.0000,"hourlyRate":38.8500,"weeklyRate":1554.0000,"dailyGuaranteeRate":0.00,"weeklyGuaranteeRate":40.00,"ep_code":"15646"},{"rateRecordId":"2013-09-29.1196.863.0.0.I.V044.1225.4628.7392 .40.DISTANT","dailyRate":0.0000,"hourlyRate":0.0000,"weeklyRate":0.0000,"dailyGuaranteeRate":0.00,"weeklyGuaranteeRate":0.00,"ep_code":"15647"}]}]}],"schedule":null},{"unionId":"1998-03-29.1196.863.0.0.I.V080.1535.4592","name":"80","description":"GRIP-VIDEOTAPE","epCode":null,"jobs":[{"jobId":"2013-09-29.1196.863.0.0.I.V080.1535.4592.4501","title":"GRIP FOREMAN-WEEKLY","schedules":[{"scheduleId":"2013-09-29.1196.863.0.0.I.V080.1535.4592.4501.01","scheduleCode":"01","scheduleType":"DAILY","pensionHours":"Daily","ot_rules":"1.5x after 8","rates":[{"rateRecordId":"2013-09-29.1196.863.0.0.I.V080.1535.4592.4501 .01.STUDIO","dailyRate":0.0000,"hourlyRate":42.0000,"weeklyRate":0.0000,"dailyGuaranteeRate":0.00,"weeklyGuaranteeRate":0.00,"ep_code":"15648"},{"rateRecordId":"2013-09-29.1196.863.0.0.I.V080.1535.4592.4501 .01.DISTANT","dailyRate":0.0000,"hourlyRate":0.0000,"weeklyRate":0.0000,"dailyGuaranteeRate":0.00,"weeklyGuaranteeRate":0.00,"ep_code":"15649"}]},{"scheduleId":"2013-09-29.1196.863.0.0.I.V080.1535.4592.4501.40","scheduleCode":"40","scheduleType":"WEEKLY","pensionHours":"40 hr weekly","ot_rules":"1.5x after 40","rates":[{"rateRecordId":"2013-09-29.1196.863.0.0.I.V080.1535.4592.4501 .40.STUDIO","dailyRate":0.0000,"hourlyRate":38.8500,"weeklyRate":1554.0000,"dailyGuaranteeRate":0.00,"weeklyGuaranteeRate":40.00,"ep_code":"15650"},{"rateRecordId":"2013-09-29.1196.863.0.0.I.V080.1535.4592.4501 .40.DISTANT","dailyRate":0.0000,"hourlyRate":0.0000,"weeklyRate":0.0000,"dailyGuaranteeRate":0.00,"weeklyGuaranteeRate":0.00,"ep_code":"15651"}]},{"scheduleId":"2013-09-29.1196.863.0.0.I.V080.1535.4592.4501.50","scheduleCode":"50","scheduleType":"WEEKLY","pensionHours":"50 hr weekly","ot_rules":"1.5x after 40","rates":[{"rateRecordId":"2013-09-29.1196.863.0.0.I.V080.1535.4592.4501 .50.STUDIO","dailyRate":0.0000,"hourlyRate":38.8500,"weeklyRate":0.0000,"dailyGuaranteeRate":0.00,"weeklyGuaranteeRate":50.00,"ep_code":"15652"},{"rateRecordId":"2013-09-29.1196.863.0.0.I.V080.1535.4592.4501 .50.DISTANT","dailyRate":0.0000,"hourlyRate":0.0000,"weeklyRate":0.0000,"dailyGuaranteeRate":0.00,"weeklyGuaranteeRate":0.00,"ep_code":"15653"}]}]},{"jobId":"2013-09-29.1196.863.0.0.I.V080.1535.4592.4541","title":"GRIP","schedules":[{"scheduleId":"2013-09-29.1196.863.0.0.I.V080.1535.4592.4541.01","scheduleCode":"01","scheduleType":"DAILY","pensionHours":"Daily","ot_rules":"1.5x after 8","rates":[{"rateRecordId":"2013-09-29.1196.863.0.0.I.V080.1535.4592.4541 .01.STUDIO","dailyRate":0.0000,"hourlyRate":34.7500,"weeklyRate":0.0000,"dailyGuaranteeRate":0.00,"weeklyGuaranteeRate":0.00,"ep_code":"15654"},{"rateRecordId":"2013-09-29.1196.863.0.0.I.V080.1535.4592.4541 .01.DISTANT","dailyRate":0.0000,"hourlyRate":0.0000,"weeklyRate":0.0000,"dailyGuaranteeRate":0.00,"weeklyGuaranteeRate":0.00,"ep_code":"15655"}]},{"scheduleId":"2013-09-29.1196.863.0.0.I.V080.1535.4592.4541.40","scheduleCode":"40","scheduleType":"WEEKLY","pensionHours":"40 hr weekly","ot_rules":"1.5x after 40","rates":[{"rateRecordId":"2013-09-29.1196.863.0.0.I.V080.1535.4592.4541 .40.STUDIO","dailyRate":0.0000,"hourlyRate":31.8000,"weeklyRate":1272.0000,"dailyGuaranteeRate":0.00,"weeklyGuaranteeRate":40.00,"ep_code":"15656"},{"rateRecordId":"2013-09-29.1196.863.0.0.I.V080.1535.4592.4541 .40.DISTANT","dailyRate":0.0000,"hourlyRate":0.0000,"weeklyRate":0.0000,"dailyGuaranteeRate":0.00,"weeklyGuaranteeRate":0.00,"ep_code":"15657"}]},{"scheduleId":"2013-09-29.1196.863.0.0.I.V080.1535.4592.4541.50","scheduleCode":"50","scheduleType":"WEEKLY","pensionHours":"50 hr weekly","ot_rules":"1.5x after 40","rates":[{"rateRecordId":"2013-09-29.1196.863.0.0.I.V080.1535.4592.4541 .50.STUDIO","dailyRate":0.0000,"hourlyRate":31.8000,"weeklyRate":0.0000,"dailyGuaranteeRate":0.00,"weeklyGuaranteeRate":50.00,"ep_code":"15658"},{"rateRecordId":"2013-09-29.1196.863.0.0.I.V080.1535.4592.4541 .50.DISTANT","dailyRate":0.0000,"hourlyRate":0.0000,"weeklyRate":0.0000,"dailyGuaranteeRate":0.00,"weeklyGuaranteeRate":0.00,"ep_code":"15659"}]},{"scheduleId":"2013-09-29.1196.863.0.0.I.V080.1535.4592.4541.54","scheduleCode":"54","scheduleType":"WEEKLY","pensionHours":"54 hr weekly","ot_rules":"1.5x after 40","rates":[{"rateRecordId":"2013-09-29.1196.863.0.0.I.V080.1535.4592.4541 .54.STUDIO","dailyRate":0.0000,"hourlyRate":31.8000,"weeklyRate":0.0000,"dailyGuaranteeRate":0.00,"weeklyGuaranteeRate":54.00,"ep_code":"15660"},{"rateRecordId":"2013-09-29.1196.863.0.0.I.V080.1535.4592.4541 .54.DISTANT","dailyRate":0.0000,"hourlyRate":0.0000,"weeklyRate":0.0000,"dailyGuaranteeRate":0.00,"weeklyGuaranteeRate":0.00,"ep_code":"15661"}]}]},{"jobId":"2013-09-29.1196.863.0.0.I.V080.1535.4592.4551","title":"KEY GRIP","schedules":[{"scheduleId":"2013-09-29.1196.863.0.0.I.V080.1535.4592.4551.01","scheduleCode":"01","scheduleType":"DAILY","pensionHours":"Daily","ot_rules":"1.5x after 8","rates":[{"rateRecordId":"2013-09-29.1196.863.0.0.I.V080.1535.4592.4551 .01.STUDIO","dailyRate":0.0000,"hourlyRate":34.7500,"weeklyRate":0.0000,"dailyGuaranteeRate":0.00,"weeklyGuaranteeRate":0.00,"ep_code":"15662"},{"rateRecordId":"2013-09-29.1196.863.0.0.I.V080.1535.4592.4551 .01.DISTANT","dailyRate":0.0000,"hourlyRate":0.0000,"weeklyRate":0.0000,"dailyGuaranteeRate":0.00,"weeklyGuaranteeRate":0.00,"ep_code":"15663"}]},{"scheduleId":"2013-09-29.1196.863.0.0.I.V080.1535.4592.4551.54","scheduleCode":"54","scheduleType":"WEEKLY","pensionHours":"54 hr weekly","ot_rules":"1.5x after 40","rates":[{"rateRecordId":"2013-09-29.1196.863.0.0.I.V080.1535.4592.4551 .54.STUDIO","dailyRate":0.0000,"hourlyRate":31.8000,"weeklyRate":0.0000,"dailyGuaranteeRate":0.00,"weeklyGuaranteeRate":54.00,"ep_code":"15664"},{"rateRecordId":"2013-09-29.1196.863.0.0.I.V080.1535.4592.4551 .54.DISTANT","dailyRate":0.0000,"hourlyRate":0.0000,"weeklyRate":0.0000,"dailyGuaranteeRate":0.00,"weeklyGuaranteeRate":0.00,"ep_code":"15665"}]}]},{"jobId":"2013-09-29.1196.863.0.0.I.V080.1535.4592.4552","title":"BEST BOY GRIP","schedules":[{"scheduleId":"2013-09-29.1196.863.0.0.I.V080.1535.4592.4552.01","scheduleCode":"01","scheduleType":"DAILY","pensionHours":"Daily","ot_rules":"1.5x after 8","rates":[{"rateRecordId":"2013-09-29.1196.863.0.0.I.V080.1535.4592.4552 .01.STUDIO","dailyRate":0.0000,"hourlyRate":34.7500,"weeklyRate":0.0000,"dailyGuaranteeRate":0.00,"weeklyGuaranteeRate":0.00,"ep_code":"15666"},{"rateRecordId":"2013-09-29.1196.863.0.0.I.V080.1535.4592.4552 .01.DISTANT","dailyRate":0.0000,"hourlyRate":0.0000,"weeklyRate":0.0000,"dailyGuaranteeRate":0.00,"weeklyGuaranteeRate":0.00,"ep_code":"15667"}]},{"scheduleId":"2013-09-29.1196.863.0.0.I.V080.1535.4592.4552.54","scheduleCode":"54","scheduleType":"WEEKLY","pensionHours":"54 hr weekly","ot_rules":"1.5x after 40","rates":[{"rateRecordId":"2013-09-29.1196.863.0.0.I.V080.1535.4592.4552 .54.STUDIO","dailyRate":0.0000,"hourlyRate":31.8000,"weeklyRate":0.0000,"dailyGuaranteeRate":0.00,"weeklyGuaranteeRate":54.00,"ep_code":"15668"},{"rateRecordId":"2013-09-29.1196.863.0.0.I.V080.1535.4592.4552 .54.DISTANT","dailyRate":0.0000,"hourlyRate":0.0000,"weeklyRate":0.0000,"dailyGuaranteeRate":0.00,"weeklyGuaranteeRate":0.00,"ep_code":"15669"}]}]},{"jobId":"2013-09-29.1196.863.0.0.I.V080.1535.4592.4563","title":"CRAFT SERVICE PERSON","schedules":[{"scheduleId":"2013-09-29.1196.863.0.0.I.V080.1535.4592.4563.01","scheduleCode":"01","scheduleType":"DAILY","pensionHours":"Daily","ot_rules":"1.5x after 8","rates":[{"rateRecordId":"2013-09-29.1196.863.0.0.I.V080.1535.4592.4563 .01.STUDIO","dailyRate":0.0000,"hourlyRate":34.7500,"weeklyRate":0.0000,"dailyGuaranteeRate":0.00,"weeklyGuaranteeRate":0.00,"ep_code":"15670"},{"rateRecordId":"2013-09-29.1196.863.0.0.I.V080.1535.4592.4563 .01.DISTANT","dailyRate":0.0000,"hourlyRate":0.0000,"weeklyRate":0.0000,"dailyGuaranteeRate":0.00,"weeklyGuaranteeRate":0.00,"ep_code":"15671"}]},{"scheduleId":"2013-09-29.1196.863.0.0.I.V080.1535.4592.4563.40","scheduleCode":"40","scheduleType":"WEEKLY","pensionHours":"40 hr weekly","ot_rules":"1.5x after 40","rates":[{"rateRecordId":"2013-09-29.1196.863.0.0.I.V080.1535.4592.4563 .40.STUDIO","dailyRate":0.0000,"hourlyRate":31.8000,"weeklyRate":1272.0000,"dailyGuaranteeRate":0.00,"weeklyGuaranteeRate":40.00,"ep_code":"15672"},{"rateRecordId":"2013-09-29.1196.863.0.0.I.V080.1535.4592.4563 .40.DISTANT","dailyRate":0.0000,"hourlyRate":0.0000,"weeklyRate":0.0000,"dailyGuaranteeRate":0.00,"weeklyGuaranteeRate":0.00,"ep_code":"15673"}]}]}],"schedule":null},{"unionId":"2000-01-01.1196.863.0.0.I.V600.1378.4552","name":"600","description":"CAMERA-VIDEOTAPE","epCode":null,"jobs":[{"jobId":"2013-09-29.1196.863.0.0.I.V600.1378.4552.1901","title":"DIRECTOR OF PHOTOGRAPHY","schedules":[{"scheduleId":"2013-09-29.1196.863.0.0.I.V600.1378.4552.1901.01","scheduleCode":"01","scheduleType":"DAILY","pensionHours":"Daily","ot_rules":"1.5x after 8","rates":[{"rateRecordId":"2013-09-29.1196.863.0.0.I.V600.1378.4552.1901 .01.STUDIO","dailyRate":0.0000,"hourlyRate":54.2500,"weeklyRate":0.0000,"dailyGuaranteeRate":0.00,"weeklyGuaranteeRate":0.00,"ep_code":"15674"},{"rateRecordId":"2013-09-29.1196.863.0.0.I.V600.1378.4552.1901 .01.DISTANT","dailyRate":0.0000,"hourlyRate":0.0000,"weeklyRate":0.0000,"dailyGuaranteeRate":0.00,"weeklyGuaranteeRate":0.00,"ep_code":"15675"}]},{"scheduleId":"2013-09-29.1196.863.0.0.I.V600.1378.4552.1901.40","scheduleCode":"40","scheduleType":"WEEKLY","pensionHours":"40 hr weekly","ot_rules":"1.5x after 40","rates":[{"rateRecordId":"2013-09-29.1196.863.0.0.I.V600.1378.4552.1901 .40.STUDIO","dailyRate":0.0000,"hourlyRate":49.4750,"weeklyRate":1979.0000,"dailyGuaranteeRate":0.00,"weeklyGuaranteeRate":40.00,"ep_code":"15676"},{"rateRecordId":"2013-09-29.1196.863.0.0.I.V600.1378.4552.1901 .40.DISTANT","dailyRate":0.0000,"hourlyRate":0.0000,"weeklyRate":0.0000,"dailyGuaranteeRate":0.00,"weeklyGuaranteeRate":0.00,"ep_code":"15677"}]},{"scheduleId":"2013-09-29.1196.863.0.0.I.V600.1378.4552.1901.50","scheduleCode":"50","scheduleType":"WEEKLY","pensionHours":"50 hr weekly","ot_rules":"1.5x after 40","rates":[{"rateRecordId":"2013-09-29.1196.863.0.0.I.V600.1378.4552.1901 .50.STUDIO","dailyRate":0.0000,"hourlyRate":49.4750,"weeklyRate":0.0000,"dailyGuaranteeRate":0.00,"weeklyGuaranteeRate":50.00,"ep_code":"15678"},{"rateRecordId":"2013-09-29.1196.863.0.0.I.V600.1378.4552.1901 .50.DISTANT","dailyRate":0.0000,"hourlyRate":0.0000,"weeklyRate":0.0000,"dailyGuaranteeRate":0.00,"weeklyGuaranteeRate":0.00,"ep_code":"15679"}]},{"scheduleId":"2013-09-29.1196.863.0.0.I.V600.1378.4552.1901.60","scheduleCode":"60","scheduleType":"WEEKLY","pensionHours":null,"ot_rules":null,"rates":[{"rateRecordId":"2013-09-29.1196.863.0.0.I.V600.1378.4552.1901 .60.STUDIO","dailyRate":0.0000,"hourlyRate":49.4750,"weeklyRate":0.0000,"dailyGuaranteeRate":0.00,"weeklyGuaranteeRate":60.00,"ep_code":"15680"},{"rateRecordId":"2013-09-29.1196.863.0.0.I.V600.1378.4552.1901 .60.DISTANT","dailyRate":0.0000,"hourlyRate":0.0000,"weeklyRate":0.0000,"dailyGuaranteeRate":0.00,"weeklyGuaranteeRate":0.00,"ep_code":"15681"}]}]},{"jobId":"2013-09-29.1196.863.0.0.I.V600.1378.4552.1911","title":"CAMERA OPERATOR","schedules":[{"scheduleId":"2013-09-29.1196.863.0.0.I.V600.1378.4552.1911.01","scheduleCode":"01","scheduleType":"DAILY","pensionHours":"Daily","ot_rules":"1.5x after 8","rates":[{"rateRecordId":"2013-09-29.1196.863.0.0.I.V600.1378.4552.1911 .01.STUDIO","dailyRate":0.0000,"hourlyRate":48.3750,"weeklyRate":0.0000,"dailyGuaranteeRate":0.00,"weeklyGuaranteeRate":0.00,"ep_code":"15682"},{"rateRecordId":"2013-09-29.1196.863.0.0.I.V600.1378.4552.1911 .01.DISTANT","dailyRate":0.0000,"hourlyRate":0.0000,"weeklyRate":0.0000,"dailyGuaranteeRate":0.00,"weeklyGuaranteeRate":0.00,"ep_code":"15683"}]},{"scheduleId":"2013-09-29.1196.863.0.0.I.V600.1378.4552.1911.40","scheduleCode":"40","scheduleType":"WEEKLY","pensionHours":"40 hr weekly","ot_rules":"1.5x after 40","rates":[{"rateRecordId":"2013-09-29.1196.863.0.0.I.V600.1378.4552.1911 .40.STUDIO","dailyRate":0.0000,"hourlyRate":44.8750,"weeklyRate":1795.0000,"dailyGuaranteeRate":0.00,"weeklyGuaranteeRate":40.00,"ep_code":"15684"},{"rateRecordId":"2013-09-29.1196.863.0.0.I.V600.1378.4552.1911 .40.DISTANT","dailyRate":0.0000,"hourlyRate":0.0000,"weeklyRate":0.0000,"dailyGuaranteeRate":0.00,"weeklyGuaranteeRate":0.00,"ep_code":"15685"}]},{"scheduleId":"2013-09-29.1196.863.0.0.I.V600.1378.4552.1911.50","scheduleCode":"50","scheduleType":"WEEKLY","pensionHours":"50 hr weekly","ot_rules":"1.5x after 40","rates":[{"rateRecordId":"2013-09-29.1196.863.0.0.I.V600.1378.4552.1911 .50.STUDIO","dailyRate":0.0000,"hourlyRate":44.8750,"weeklyRate":0.0000,"dailyGuaranteeRate":0.00,"weeklyGuaranteeRate":50.00,"ep_code":"15686"},{"rateRecordId":"2013-09-29.1196.863.0.0.I.V600.1378.4552.1911 .50.DISTANT","dailyRate":0.0000,"hourlyRate":0.0000,"weeklyRate":0.0000,"dailyGuaranteeRate":0.00,"weeklyGuaranteeRate":0.00,"ep_code":"15687"}]}]},{"jobId":"2013-09-29.1196.863.0.0.I.V600.1378.4552.1931","title":"STILL PHOTOGRAPHER","schedules":[{"scheduleId":"2013-09-29.1196.863.0.0.I.V600.1378.4552.1931.01","scheduleCode":"01","scheduleType":"DAILY","pensionHours":"Daily","ot_rules":"1.5x after 8","rates":[{"rateRecordId":"2013-09-29.1196.863.0.0.I.V600.1378.4552.1931 .01.STUDIO","dailyRate":0.0000,"hourlyRate":48.3750,"weeklyRate":0.0000,"dailyGuaranteeRate":0.00,"weeklyGuaranteeRate":0.00,"ep_code":"15688"},{"rateRecordId":"2013-09-29.1196.863.0.0.I.V600.1378.4552.1931 .01.DISTANT","dailyRate":0.0000,"hourlyRate":0.0000,"weeklyRate":0.0000,"dailyGuaranteeRate":0.00,"weeklyGuaranteeRate":0.00,"ep_code":"15689"}]}]},{"jobId":"2013-09-29.1196.863.0.0.I.V600.1378.4552.1961","title":"VIDEOTAPE OPERATOR","schedules":[{"scheduleId":"2013-09-29.1196.863.0.0.I.V600.1378.4552.1961.01","scheduleCode":"01","scheduleType":"DAILY","pensionHours":"Daily","ot_rules":"1.5x after 8","rates":[{"rateRecordId":"2013-09-29.1196.863.0.0.I.V600.1378.4552.1961 .01.STUDIO","dailyRate":0.0000,"hourlyRate":36.7500,"weeklyRate":0.0000,"dailyGuaranteeRate":0.00,"weeklyGuaranteeRate":0.00,"ep_code":"15690"},{"rateRecordId":"2013-09-29.1196.863.0.0.I.V600.1378.4552.1961 .01.DISTANT","dailyRate":0.0000,"hourlyRate":0.0000,"weeklyRate":0.0000,"dailyGuaranteeRate":0.00,"weeklyGuaranteeRate":0.00,"ep_code":"15691"}]},{"scheduleId":"2013-09-29.1196.863.0.0.I.V600.1378.4552.1961.40","scheduleCode":"40","scheduleType":"WEEKLY","pensionHours":"40 hr weekly","ot_rules":"1.5x after 40","rates":[{"rateRecordId":"2013-09-29.1196.863.0.0.I.V600.1378.4552.1961 .40.STUDIO","dailyRate":0.0000,"hourlyRate":34.2250,"weeklyRate":1369.0000,"dailyGuaranteeRate":0.00,"weeklyGuaranteeRate":40.00,"ep_code":"15692"},{"rateRecordId":"2013-09-29.1196.863.0.0.I.V600.1378.4552.1961 .40.DISTANT","dailyRate":0.0000,"hourlyRate":0.0000,"weeklyRate":0.0000,"dailyGuaranteeRate":0.00,"weeklyGuaranteeRate":0.00,"ep_code":"15693"}]}]},{"jobId":"2013-09-29.1196.863.0.0.I.V600.1378.4552.19611","title":"VIDEOTAPE OPERATOR (ENTRY LEVEL)","schedules":[{"scheduleId":"2013-09-29.1196.863.0.0.I.V600.1378.4552.19611.01","scheduleCode":"01","scheduleType":"DAILY","pensionHours":"Daily","ot_rules":"1.5x after 8","rates":[{"rateRecordId":"2013-09-29.1196.863.0.0.I.V600.1378.4552.19611.01.STUDIO","dailyRate":0.0000,"hourlyRate":26.5000,"weeklyRate":0.0000,"dailyGuaranteeRate":0.00,"weeklyGuaranteeRate":0.00,"ep_code":"15694"},{"rateRecordId":"2013-09-29.1196.863.0.0.I.V600.1378.4552.19611.01.DISTANT","dailyRate":0.0000,"hourlyRate":0.0000,"weeklyRate":0.0000,"dailyGuaranteeRate":0.00,"weeklyGuaranteeRate":0.00,"ep_code":"15695"}]},{"scheduleId":"2013-09-29.1196.863.0.0.I.V600.1378.4552.19611.40","scheduleCode":"40","scheduleType":"WEEKLY","pensionHours":"40 hr weekly","ot_rules":"1.5x after 40","rates":[{"rateRecordId":"2013-09-29.1196.863.0.0.I.V600.1378.4552.19611.40.STUDIO","dailyRate":0.0000,"hourlyRate":24.9000,"weeklyRate":996.0000,"dailyGuaranteeRate":0.00,"weeklyGuaranteeRate":40.00,"ep_code":"15696"},{"rateRecordId":"2013-09-29.1196.863.0.0.I.V600.1378.4552.19611.40.DISTANT","dailyRate":0.0000,"hourlyRate":0.0000,"weeklyRate":0.0000,"dailyGuaranteeRate":0.00,"weeklyGuaranteeRate":0.00,"ep_code":"15697"}]}]},{"jobId":"2013-09-29.1196.863.0.0.I.V600.1378.4552.1982","title":"VIDEO CONTROLLER (SHADER)","schedules":[{"scheduleId":"2013-09-29.1196.863.0.0.I.V600.1378.4552.1982.01","scheduleCode":"01","scheduleType":"DAILY","pensionHours":"Daily","ot_rules":"1.5x after 8","rates":[{"rateRecordId":"2013-09-29.1196.863.0.0.I.V600.1378.4552.1982 .01.STUDIO","dailyRate":0.0000,"hourlyRate":48.3750,"weeklyRate":0.0000,"dailyGuaranteeRate":0.00,"weeklyGuaranteeRate":0.00,"ep_code":"15698"},{"rateRecordId":"2013-09-29.1196.863.0.0.I.V600.1378.4552.1982 .01.DISTANT","dailyRate":0.0000,"hourlyRate":0.0000,"weeklyRate":0.0000,"dailyGuaranteeRate":0.00,"weeklyGuaranteeRate":0.00,"ep_code":"15699"}]},{"scheduleId":"2013-09-29.1196.863.0.0.I.V600.1378.4552.1982.40","scheduleCode":"40","scheduleType":"WEEKLY","pensionHours":"40 hr weekly","ot_rules":"1.5x after 40","rates":[{"rateRecordId":"2013-09-29.1196.863.0.0.I.V600.1378.4552.1982 .40.STUDIO","dailyRate":0.0000,"hourlyRate":44.8750,"weeklyRate":1795.0000,"dailyGuaranteeRate":0.00,"weeklyGuaranteeRate":40.00,"ep_code":"15700"},{"rateRecordId":"2013-09-29.1196.863.0.0.I.V600.1378.4552.1982 .40.DISTANT","dailyRate":0.0000,"hourlyRate":0.0000,"weeklyRate":0.0000,"dailyGuaranteeRate":0.00,"weeklyGuaranteeRate":0.00,"ep_code":"15701"}]},{"scheduleId":"2013-09-29.1196.863.0.0.I.V600.1378.4552.1982.50","scheduleCode":"50","scheduleType":"WEEKLY","pensionHours":"50 hr weekly","ot_rules":"1.5x after 40","rates":[{"rateRecordId":"2013-09-29.1196.863.0.0.I.V600.1378.4552.1982 .50.STUDIO","dailyRate":0.0000,"hourlyRate":44.8750,"weeklyRate":0.0000,"dailyGuaranteeRate":0.00,"weeklyGuaranteeRate":50.00,"ep_code":"15702"},{"rateRecordId":"2013-09-29.1196.863.0.0.I.V600.1378.4552.1982 .50.DISTANT","dailyRate":0.0000,"hourlyRate":0.0000,"weeklyRate":0.0000,"dailyGuaranteeRate":0.00,"weeklyGuaranteeRate":0.00,"ep_code":"15703"}]}]},{"jobId":"2013-09-29.1196.863.0.0.I.V600.1378.4552.1983","title":"CAMERA UTILITY","schedules":[{"scheduleId":"2013-09-29.1196.863.0.0.I.V600.1378.4552.1983.01","scheduleCode":"01","scheduleType":"DAILY","pensionHours":"Daily","ot_rules":"1.5x after 8","rates":[{"rateRecordId":"2013-09-29.1196.863.0.0.I.V600.1378.4552.1983 .01.STUDIO","dailyRate":0.0000,"hourlyRate":46.0000,"weeklyRate":0.0000,"dailyGuaranteeRate":0.00,"weeklyGuaranteeRate":0.00,"ep_code":"15704"},{"rateRecordId":"2013-09-29.1196.863.0.0.I.V600.1378.4552.1983 .01.DISTANT","dailyRate":0.0000,"hourlyRate":0.0000,"weeklyRate":0.0000,"dailyGuaranteeRate":0.00,"weeklyGuaranteeRate":0.00,"ep_code":"15705"}]},{"scheduleId":"2013-09-29.1196.863.0.0.I.V600.1378.4552.1983.40","scheduleCode":"40","scheduleType":"WEEKLY","pensionHours":"40 hr weekly","ot_rules":"1.5x after 40","rates":[{"rateRecordId":"2013-09-29.1196.863.0.0.I.V600.1378.4552.1983 .40.STUDIO","dailyRate":0.0000,"hourlyRate":41.3000,"weeklyRate":1652.0000,"dailyGuaranteeRate":0.00,"weeklyGuaranteeRate":40.00,"ep_code":"15706"},{"rateRecordId":"2013-09-29.1196.863.0.0.I.V600.1378.4552.1983 .40.DISTANT","dailyRate":0.0000,"hourlyRate":0.0000,"weeklyRate":0.0000,"dailyGuaranteeRate":0.00,"weeklyGuaranteeRate":0.00,"ep_code":"15707"}]},{"scheduleId":"2013-09-29.1196.863.0.0.I.V600.1378.4552.1983.50","scheduleCode":"50","scheduleType":"WEEKLY","pensionHours":"50 hr weekly","ot_rules":"1.5x after 40","rates":[{"rateRecordId":"2013-09-29.1196.863.0.0.I.V600.1378.4552.1983 .50.STUDIO","dailyRate":0.0000,"hourlyRate":41.3000,"weeklyRate":0.0000,"dailyGuaranteeRate":0.00,"weeklyGuaranteeRate":50.00,"ep_code":"15708"},{"rateRecordId":"2013-09-29.1196.863.0.0.I.V600.1378.4552.1983 .50.DISTANT","dailyRate":0.0000,"hourlyRate":0.0000,"weeklyRate":0.0000,"dailyGuaranteeRate":0.00,"weeklyGuaranteeRate":0.00,"ep_code":"15709"}]}]},{"jobId":"2013-09-29.1196.863.0.0.I.V600.1378.4552.1984","title":"DIGITAL UTILITY PERSON","schedules":[{"scheduleId":"2013-09-29.1196.863.0.0.I.V600.1378.4552.1984.01","scheduleCode":"01","scheduleType":"DAILY","pensionHours":"Daily","ot_rules":"1.5x after 8","rates":[{"rateRecordId":"2013-09-29.1196.863.0.0.I.V600.1378.4552.1984 .01.STUDIO","dailyRate":0.0000,"hourlyRate":31.8750,"weeklyRate":0.0000,"dailyGuaranteeRate":0.00,"weeklyGuaranteeRate":0.00,"ep_code":"15710"},{"rateRecordId":"2013-09-29.1196.863.0.0.I.V600.1378.4552.1984 .01.DISTANT","dailyRate":0.0000,"hourlyRate":0.0000,"weeklyRate":0.0000,"dailyGuaranteeRate":0.00,"weeklyGuaranteeRate":0.00,"ep_code":"15711"}]}]},{"jobId":"2013-09-29.1196.863.0.0.I.V600.1378.4552.1985","title":"DIGITAL IMAGING TECHNICIAN","schedules":[{"scheduleId":"2013-09-29.1196.863.0.0.I.V600.1378.4552.1985.01","scheduleCode":"01","scheduleType":"DAILY","pensionHours":"Daily","ot_rules":"1.5x after 8","rates":[{"rateRecordId":"2013-09-29.1196.863.0.0.I.V600.1378.4552.1985 .01.STUDIO","dailyRate":0.0000,"hourlyRate":60.7500,"weeklyRate":0.0000,"dailyGuaranteeRate":0.00,"weeklyGuaranteeRate":0.00,"ep_code":"15712"},{"rateRecordId":"2013-09-29.1196.863.0.0.I.V600.1378.4552.1985 .01.DISTANT","dailyRate":0.0000,"hourlyRate":0.0000,"weeklyRate":0.0000,"dailyGuaranteeRate":0.00,"weeklyGuaranteeRate":0.00,"ep_code":"15713"}]},{"scheduleId":"2013-09-29.1196.863.0.0.I.V600.1378.4552.1985.40","scheduleCode":"40","scheduleType":"WEEKLY","pensionHours":"40 hr weekly","ot_rules":"1.5x after 40","rates":[{"rateRecordId":"2013-09-29.1196.863.0.0.I.V600.1378.4552.1985 .40.STUDIO","dailyRate":0.0000,"hourlyRate":55.6750,"weeklyRate":2227.0000,"dailyGuaranteeRate":0.00,"weeklyGuaranteeRate":40.00,"ep_code":"15714"},{"rateRecordId":"2013-09-29.1196.863.0.0.I.V600.1378.4552.1985 .40.DISTANT","dailyRate":0.0000,"hourlyRate":0.0000,"weeklyRate":0.0000,"dailyGuaranteeRate":0.00,"weeklyGuaranteeRate":0.00,"ep_code":"15715"}]}]}],"schedule":null},{"unionId":"1998-03-29.1196.863.0.0.I.V695.1457.4661","name":"695","description":"SOUND-VIDEOTAPE","epCode":null,"jobs":[{"jobId":"2013-09-29.1196.863.0.0.I.V695.1457.4661.8101","title":"AUDIO MIXER-DAILY","schedules":[{"scheduleId":"2013-09-29.1196.863.0.0.I.V695.1457.4661.8101.01","scheduleCode":"01","scheduleType":"DAILY","pensionHours":"Daily","ot_rules":"1.5x after 8","rates":[{"rateRecordId":"2013-09-29.1196.863.0.0.I.V695.1457.4661.8101 .01.STUDIO","dailyRate":0.0000,"hourlyRate":54.2500,"weeklyRate":0.0000,"dailyGuaranteeRate":0.00,"weeklyGuaranteeRate":0.00,"ep_code":"15716"},{"rateRecordId":"2013-09-29.1196.863.0.0.I.V695.1457.4661.8101 .01.DISTANT","dailyRate":0.0000,"hourlyRate":0.0000,"weeklyRate":0.0000,"dailyGuaranteeRate":0.00,"weeklyGuaranteeRate":0.00,"ep_code":"15717"}]},{"scheduleId":"2013-09-29.1196.863.0.0.I.V695.1457.4661.8101.40","scheduleCode":"40","scheduleType":"WEEKLY","pensionHours":"40 hr weekly","ot_rules":"1.5x after 40","rates":[{"rateRecordId":"2013-09-29.1196.863.0.0.I.V695.1457.4661.8101 .40.STUDIO","dailyRate":0.0000,"hourlyRate":49.4750,"weeklyRate":1979.0000,"dailyGuaranteeRate":0.00,"weeklyGuaranteeRate":40.00,"ep_code":"15718"},{"rateRecordId":"2013-09-29.1196.863.0.0.I.V695.1457.4661.8101 .40.DISTANT","dailyRate":0.0000,"hourlyRate":0.0000,"weeklyRate":0.0000,"dailyGuaranteeRate":0.00,"weeklyGuaranteeRate":0.00,"ep_code":"15719"}]},{"scheduleId":"2013-09-29.1196.863.0.0.I.V695.1457.4661.8101.50","scheduleCode":"50","scheduleType":"WEEKLY","pensionHours":"50 hr weekly","ot_rules":"1.5x after 40","rates":[{"rateRecordId":"2013-09-29.1196.863.0.0.I.V695.1457.4661.8101 .50.STUDIO","dailyRate":0.0000,"hourlyRate":49.4750,"weeklyRate":0.0000,"dailyGuaranteeRate":0.00,"weeklyGuaranteeRate":50.00,"ep_code":"15720"},{"rateRecordId":"2013-09-29.1196.863.0.0.I.V695.1457.4661.8101 .50.DISTANT","dailyRate":0.0000,"hourlyRate":0.0000,"weeklyRate":0.0000,"dailyGuaranteeRate":0.00,"weeklyGuaranteeRate":0.00,"ep_code":"15721"}]},{"scheduleId":"2013-09-29.1196.863.0.0.I.V695.1457.4661.8101.60","scheduleCode":"60","scheduleType":"WEEKLY","pensionHours":null,"ot_rules":null,"rates":[{"rateRecordId":"2013-09-29.1196.863.0.0.I.V695.1457.4661.8101 .60.STUDIO","dailyRate":0.0000,"hourlyRate":49.4750,"weeklyRate":0.0000,"dailyGuaranteeRate":0.00,"weeklyGuaranteeRate":60.00,"ep_code":"15722"},{"rateRecordId":"2013-09-29.1196.863.0.0.I.V695.1457.4661.8101 .60.DISTANT","dailyRate":0.0000,"hourlyRate":0.0000,"weeklyRate":0.0000,"dailyGuaranteeRate":0.00,"weeklyGuaranteeRate":0.00,"ep_code":"15723"}]}]},{"jobId":"2013-09-29.1196.863.0.0.I.V695.1457.4661.8141","title":"SERVICE RECORDER","schedules":[{"scheduleId":"2013-09-29.1196.863.0.0.I.V695.1457.4661.8141.01","scheduleCode":"01","scheduleType":"DAILY","pensionHours":"Daily","ot_rules":"1.5x after 8","rates":[{"rateRecordId":"2013-09-29.1196.863.0.0.I.V695.1457.4661.8141 .01.STUDIO","dailyRate":0.0000,"hourlyRate":48.3750,"weeklyRate":0.0000,"dailyGuaranteeRate":0.00,"weeklyGuaranteeRate":0.00,"ep_code":"15724"},{"rateRecordId":"2013-09-29.1196.863.0.0.I.V695.1457.4661.8141 .01.DISTANT","dailyRate":0.0000,"hourlyRate":0.0000,"weeklyRate":0.0000,"dailyGuaranteeRate":0.00,"weeklyGuaranteeRate":0.00,"ep_code":"15725"}]},{"scheduleId":"2013-09-29.1196.863.0.0.I.V695.1457.4661.8141.40","scheduleCode":"40","scheduleType":"WEEKLY","pensionHours":"40 hr weekly","ot_rules":"1.5x after 40","rates":[{"rateRecordId":"2013-09-29.1196.863.0.0.I.V695.1457.4661.8141 .40.STUDIO","dailyRate":0.0000,"hourlyRate":44.8750,"weeklyRate":1795.0000,"dailyGuaranteeRate":0.00,"weeklyGuaranteeRate":40.00,"ep_code":"15726"},{"rateRecordId":"2013-09-29.1196.863.0.0.I.V695.1457.4661.8141 .40.DISTANT","dailyRate":0.0000,"hourlyRate":0.0000,"weeklyRate":0.0000,"dailyGuaranteeRate":0.00,"weeklyGuaranteeRate":0.00,"ep_code":"15727"}]},{"scheduleId":"2013-09-29.1196.863.0.0.I.V695.1457.4661.8141.50","scheduleCode":"50","scheduleType":"WEEKLY","pensionHours":"50 hr weekly","ot_rules":"1.5x after 40","rates":[{"rateRecordId":"2013-09-29.1196.863.0.0.I.V695.1457.4661.8141 .50.STUDIO","dailyRate":0.0000,"hourlyRate":44.8750,"weeklyRate":0.0000,"dailyGuaranteeRate":0.00,"weeklyGuaranteeRate":50.00,"ep_code":"15728"},{"rateRecordId":"2013-09-29.1196.863.0.0.I.V695.1457.4661.8141 .50.DISTANT","dailyRate":0.0000,"hourlyRate":0.0000,"weeklyRate":0.0000,"dailyGuaranteeRate":0.00,"weeklyGuaranteeRate":0.00,"ep_code":"15729"}]}]},{"jobId":"2013-09-29.1196.863.0.0.I.V695.1457.4661.8144","title":"SOUND TECH","schedules":[{"scheduleId":"2013-09-29.1196.863.0.0.I.V695.1457.4661.8144.01","scheduleCode":"01","scheduleType":"DAILY","pensionHours":"Daily","ot_rules":"1.5x after 8","rates":[{"rateRecordId":"2013-09-29.1196.863.0.0.I.V695.1457.4661.8144 .01.STUDIO","dailyRate":0.0000,"hourlyRate":48.3750,"weeklyRate":0.0000,"dailyGuaranteeRate":0.00,"weeklyGuaranteeRate":0.00,"ep_code":"15730"},{"rateRecordId":"2013-09-29.1196.863.0.0.I.V695.1457.4661.8144 .01.DISTANT","dailyRate":0.0000,"hourlyRate":0.0000,"weeklyRate":0.0000,"dailyGuaranteeRate":0.00,"weeklyGuaranteeRate":0.00,"ep_code":"15731"}]},{"scheduleId":"2013-09-29.1196.863.0.0.I.V695.1457.4661.8144.40","scheduleCode":"40","scheduleType":"WEEKLY","pensionHours":"40 hr weekly","ot_rules":"1.5x after 40","rates":[{"rateRecordId":"2013-09-29.1196.863.0.0.I.V695.1457.4661.8144 .40.STUDIO","dailyRate":0.0000,"hourlyRate":44.8750,"weeklyRate":1795.0000,"dailyGuaranteeRate":0.00,"weeklyGuaranteeRate":40.00,"ep_code":"15732"},{"rateRecordId":"2013-09-29.1196.863.0.0.I.V695.1457.4661.8144 .40.DISTANT","dailyRate":0.0000,"hourlyRate":0.0000,"weeklyRate":0.0000,"dailyGuaranteeRate":0.00,"weeklyGuaranteeRate":0.00,"ep_code":"15733"}]},{"scheduleId":"2013-09-29.1196.863.0.0.I.V695.1457.4661.8144.50","scheduleCode":"50","scheduleType":"WEEKLY","pensionHours":"50 hr weekly","ot_rules":"1.5x after 40","rates":[{"rateRecordId":"2013-09-29.1196.863.0.0.I.V695.1457.4661.8144 .50.STUDIO","dailyRate":0.0000,"hourlyRate":44.8750,"weeklyRate":0.0000,"dailyGuaranteeRate":0.00,"weeklyGuaranteeRate":50.00,"ep_code":"15734"},{"rateRecordId":"2013-09-29.1196.863.0.0.I.V695.1457.4661.8144 .50.DISTANT","dailyRate":0.0000,"hourlyRate":0.0000,"weeklyRate":0.0000,"dailyGuaranteeRate":0.00,"weeklyGuaranteeRate":0.00,"ep_code":"15735"}]}]},{"jobId":"2013-09-29.1196.863.0.0.I.V695.1457.4661.8178","title":"VIDEO PLAYBACK","schedules":[{"scheduleId":"2013-09-29.1196.863.0.0.I.V695.1457.4661.8178.01","scheduleCode":"01","scheduleType":"DAILY","pensionHours":"Daily","ot_rules":"1.5x after 8","rates":[{"rateRecordId":"2013-09-29.1196.863.0.0.I.V695.1457.4661.8178 .01.STUDIO","dailyRate":0.0000,"hourlyRate":48.3750,"weeklyRate":0.0000,"dailyGuaranteeRate":0.00,"weeklyGuaranteeRate":0.00,"ep_code":"15736"},{"rateRecordId":"2013-09-29.1196.863.0.0.I.V695.1457.4661.8178 .01.DISTANT","dailyRate":0.0000,"hourlyRate":0.0000,"weeklyRate":0.0000,"dailyGuaranteeRate":0.00,"weeklyGuaranteeRate":0.00,"ep_code":"15737"}]},{"scheduleId":"2013-09-29.1196.863.0.0.I.V695.1457.4661.8178.40","scheduleCode":"40","scheduleType":"WEEKLY","pensionHours":"40 hr weekly","ot_rules":"1.5x after 40","rates":[{"rateRecordId":"2013-09-29.1196.863.0.0.I.V695.1457.4661.8178 .40.STUDIO","dailyRate":0.0000,"hourlyRate":44.8750,"weeklyRate":1795.0000,"dailyGuaranteeRate":0.00,"weeklyGuaranteeRate":40.00,"ep_code":"15738"},{"rateRecordId":"2013-09-29.1196.863.0.0.I.V695.1457.4661.8178 .40.DISTANT","dailyRate":0.0000,"hourlyRate":0.0000,"weeklyRate":0.0000,"dailyGuaranteeRate":0.00,"weeklyGuaranteeRate":0.00,"ep_code":"15739"}]},{"scheduleId":"2013-09-29.1196.863.0.0.I.V695.1457.4661.8178.50","scheduleCode":"50","scheduleType":"WEEKLY","pensionHours":"50 hr weekly","ot_rules":"1.5x after 40","rates":[{"rateRecordId":"2013-09-29.1196.863.0.0.I.V695.1457.4661.8178 .50.STUDIO","dailyRate":0.0000,"hourlyRate":44.8750,"weeklyRate":0.0000,"dailyGuaranteeRate":0.00,"weeklyGuaranteeRate":50.00,"ep_code":"15740"},{"rateRecordId":"2013-09-29.1196.863.0.0.I.V695.1457.4661.8178 .50.DISTANT","dailyRate":0.0000,"hourlyRate":0.0000,"weeklyRate":0.0000,"dailyGuaranteeRate":0.00,"weeklyGuaranteeRate":0.00,"ep_code":"15741"}]}]},{"jobId":"2013-09-29.1196.863.0.0.I.V695.1457.4661.8181","title":"BOOM OPERATOR","schedules":[{"scheduleId":"2013-09-29.1196.863.0.0.I.V695.1457.4661.8181.01","scheduleCode":"01","scheduleType":"DAILY","pensionHours":"Daily","ot_rules":"1.5x after 8","rates":[{"rateRecordId":"2013-09-29.1196.863.0.0.I.V695.1457.4661.8181 .01.STUDIO","dailyRate":0.0000,"hourlyRate":48.3750,"weeklyRate":0.0000,"dailyGuaranteeRate":0.00,"weeklyGuaranteeRate":0.00,"ep_code":"15742"},{"rateRecordId":"2013-09-29.1196.863.0.0.I.V695.1457.4661.8181 .01.DISTANT","dailyRate":0.0000,"hourlyRate":0.0000,"weeklyRate":0.0000,"dailyGuaranteeRate":0.00,"weeklyGuaranteeRate":0.00,"ep_code":"15743"}]},{"scheduleId":"2013-09-29.1196.863.0.0.I.V695.1457.4661.8181.40","scheduleCode":"40","scheduleType":"WEEKLY","pensionHours":"40 hr weekly","ot_rules":"1.5x after 40","rates":[{"rateRecordId":"2013-09-29.1196.863.0.0.I.V695.1457.4661.8181 .40.STUDIO","dailyRate":0.0000,"hourlyRate":44.8750,"weeklyRate":1795.0000,"dailyGuaranteeRate":0.00,"weeklyGuaranteeRate":40.00,"ep_code":"15744"},{"rateRecordId":"2013-09-29.1196.863.0.0.I.V695.1457.4661.8181 .40.DISTANT","dailyRate":0.0000,"hourlyRate":0.0000,"weeklyRate":0.0000,"dailyGuaranteeRate":0.00,"weeklyGuaranteeRate":0.00,"ep_code":"15745"}]},{"scheduleId":"2013-09-29.1196.863.0.0.I.V695.1457.4661.8181.50","scheduleCode":"50","scheduleType":"WEEKLY","pensionHours":"50 hr weekly","ot_rules":"1.5x after 40","rates":[{"rateRecordId":"2013-09-29.1196.863.0.0.I.V695.1457.4661.8181 .50.STUDIO","dailyRate":0.0000,"hourlyRate":44.8750,"weeklyRate":0.0000,"dailyGuaranteeRate":0.00,"weeklyGuaranteeRate":50.00,"ep_code":"15746"},{"rateRecordId":"2013-09-29.1196.863.0.0.I.V695.1457.4661.8181 .50.DISTANT","dailyRate":0.0000,"hourlyRate":0.0000,"weeklyRate":0.0000,"dailyGuaranteeRate":0.00,"weeklyGuaranteeRate":0.00,"ep_code":"15747"}]}]},{"jobId":"2013-09-29.1196.863.0.0.I.V695.1457.4661.8192","title":"PRODUCTION SOUND TRAINEE","schedules":[{"scheduleId":"2013-09-29.1196.863.0.0.I.V695.1457.4661.8192.01","scheduleCode":"01","scheduleType":"DAILY","pensionHours":"Daily","ot_rules":"1.5x after 8","rates":[{"rateRecordId":"2013-09-29.1196.863.0.0.I.V695.1457.4661.8192 .01.STUDIO","dailyRate":0.0000,"hourlyRate":48.3750,"weeklyRate":0.0000,"dailyGuaranteeRate":0.00,"weeklyGuaranteeRate":0.00,"ep_code":"15748"},{"rateRecordId":"2013-09-29.1196.863.0.0.I.V695.1457.4661.8192 .01.DISTANT","dailyRate":0.0000,"hourlyRate":0.0000,"weeklyRate":0.0000,"dailyGuaranteeRate":0.00,"weeklyGuaranteeRate":0.00,"ep_code":"15749"}]}]}],"schedule":null},{"unionId":"1998-03-29.1196.863.0.0.I.V69P.1457.4623","name":"695","description":"PROJECTIONIST-VIDEOTAPE","epCode":null,"jobs":[{"jobId":"2013-09-29.1196.863.0.0.I.V69P.1457.4623.7211","title":"PROJECTIONIST","schedules":[{"scheduleId":"2013-09-29.1196.863.0.0.I.V69P.1457.4623.7211.01","scheduleCode":"01","scheduleType":"DAILY","pensionHours":"Daily","ot_rules":"1.5x after 8","rates":[{"rateRecordId":"2013-09-29.1196.863.0.0.I.V69P.1457.4623.7211 .01.STUDIO","dailyRate":0.0000,"hourlyRate":48.3750,"weeklyRate":0.0000,"dailyGuaranteeRate":0.00,"weeklyGuaranteeRate":0.00,"ep_code":"15750"},{"rateRecordId":"2013-09-29.1196.863.0.0.I.V69P.1457.4623.7211 .01.DISTANT","dailyRate":0.0000,"hourlyRate":0.0000,"weeklyRate":0.0000,"dailyGuaranteeRate":0.00,"weeklyGuaranteeRate":0.00,"ep_code":"15751"}]},{"scheduleId":"2013-09-29.1196.863.0.0.I.V69P.1457.4623.7211.40","scheduleCode":"40","scheduleType":"WEEKLY","pensionHours":"40 hr weekly","ot_rules":"1.5x after 40","rates":[{"rateRecordId":"2013-09-29.1196.863.0.0.I.V69P.1457.4623.7211 .40.STUDIO","dailyRate":0.0000,"hourlyRate":44.8750,"weeklyRate":1795.0000,"dailyGuaranteeRate":0.00,"weeklyGuaranteeRate":40.00,"ep_code":"15752"},{"rateRecordId":"2013-09-29.1196.863.0.0.I.V69P.1457.4623.7211 .40.DISTANT","dailyRate":0.0000,"hourlyRate":0.0000,"weeklyRate":0.0000,"dailyGuaranteeRate":0.00,"weeklyGuaranteeRate":0.00,"ep_code":"15753"}]}]}],"schedule":null},{"unionId":"2007-01-01.1196.863.0.0.I.V700.1467.4566","name":"700","description":"EDITOR-VIDEOTAPE","epCode":null,"jobs":[{"jobId":"2013-09-29.1196.863.0.0.I.V700.1467.4566.4114","title":"VIDEOTAPE OPERATOR (ENTRY LVL)","schedules":[{"scheduleId":"2013-09-29.1196.863.0.0.I.V700.1467.4566.4114.01","scheduleCode":"01","scheduleType":"DAILY","pensionHours":"Daily","ot_rules":"1.5x after 8","rates":[{"rateRecordId":"2013-09-29.1196.863.0.0.I.V700.1467.4566.4114 .01.STUDIO","dailyRate":0.0000,"hourlyRate":26.5000,"weeklyRate":0.0000,"dailyGuaranteeRate":0.00,"weeklyGuaranteeRate":0.00,"ep_code":"15754"},{"rateRecordId":"2013-09-29.1196.863.0.0.I.V700.1467.4566.4114 .01.DISTANT","dailyRate":0.0000,"hourlyRate":0.0000,"weeklyRate":0.0000,"dailyGuaranteeRate":0.00,"weeklyGuaranteeRate":0.00,"ep_code":"15755"}]},{"scheduleId":"2013-09-29.1196.863.0.0.I.V700.1467.4566.4114.40","scheduleCode":"40","scheduleType":"WEEKLY","pensionHours":"40 hr weekly","ot_rules":"1.5x after 40","rates":[{"rateRecordId":"2013-09-29.1196.863.0.0.I.V700.1467.4566.4114 .40.STUDIO","dailyRate":0.0000,"hourlyRate":24.9000,"weeklyRate":996.0000,"dailyGuaranteeRate":0.00,"weeklyGuaranteeRate":40.00,"ep_code":"15756"},{"rateRecordId":"2013-09-29.1196.863.0.0.I.V700.1467.4566.4114 .40.DISTANT","dailyRate":0.0000,"hourlyRate":0.0000,"weeklyRate":0.0000,"dailyGuaranteeRate":0.00,"weeklyGuaranteeRate":0.00,"ep_code":"15757"}]}]},{"jobId":"2013-09-29.1196.863.0.0.I.V700.1467.4566.4115","title":"SERVICE RECORDER","schedules":[{"scheduleId":"2013-09-29.1196.863.0.0.I.V700.1467.4566.4115.01","scheduleCode":"01","scheduleType":"DAILY","pensionHours":"Daily","ot_rules":"1.5x after 8","rates":[{"rateRecordId":"2013-09-29.1196.863.0.0.I.V700.1467.4566.4115 .01.STUDIO","dailyRate":0.0000,"hourlyRate":48.3750,"weeklyRate":0.0000,"dailyGuaranteeRate":0.00,"weeklyGuaranteeRate":0.00,"ep_code":"15758"},{"rateRecordId":"2013-09-29.1196.863.0.0.I.V700.1467.4566.4115 .01.DISTANT","dailyRate":0.0000,"hourlyRate":0.0000,"weeklyRate":0.0000,"dailyGuaranteeRate":0.00,"weeklyGuaranteeRate":0.00,"ep_code":"15759"}]},{"scheduleId":"2013-09-29.1196.863.0.0.I.V700.1467.4566.4115.40","scheduleCode":"40","scheduleType":"WEEKLY","pensionHours":"40 hr weekly","ot_rules":"1.5x after 40","rates":[{"rateRecordId":"2013-09-29.1196.863.0.0.I.V700.1467.4566.4115 .40.STUDIO","dailyRate":0.0000,"hourlyRate":44.8750,"weeklyRate":1795.0000,"dailyGuaranteeRate":0.00,"weeklyGuaranteeRate":40.00,"ep_code":"15760"},{"rateRecordId":"2013-09-29.1196.863.0.0.I.V700.1467.4566.4115 .40.DISTANT","dailyRate":0.0000,"hourlyRate":0.0000,"weeklyRate":0.0000,"dailyGuaranteeRate":0.00,"weeklyGuaranteeRate":0.00,"ep_code":"15761"}]},{"scheduleId":"2013-09-29.1196.863.0.0.I.V700.1467.4566.4115.48","scheduleCode":"48","scheduleType":"WEEKLY","pensionHours":"48.6 hr weekly","ot_rules":"1.5x after 40","rates":[{"rateRecordId":"2013-09-29.1196.863.0.0.I.V700.1467.4566.4115 .48.STUDIO","dailyRate":0.0000,"hourlyRate":44.8750,"weeklyRate":0.0000,"dailyGuaranteeRate":0.00,"weeklyGuaranteeRate":48.60,"ep_code":"15762"},{"rateRecordId":"2013-09-29.1196.863.0.0.I.V700.1467.4566.4115 .48.DISTANT","dailyRate":0.0000,"hourlyRate":0.0000,"weeklyRate":0.0000,"dailyGuaranteeRate":0.00,"weeklyGuaranteeRate":0.00,"ep_code":"15763"}]},{"scheduleId":"2013-09-29.1196.863.0.0.I.V700.1467.4566.4115.50","scheduleCode":"50","scheduleType":"WEEKLY","pensionHours":"50 hr weekly","ot_rules":"1.5x after 40","rates":[{"rateRecordId":"2013-09-29.1196.863.0.0.I.V700.1467.4566.4115 .50.STUDIO","dailyRate":0.0000,"hourlyRate":44.8750,"weeklyRate":0.0000,"dailyGuaranteeRate":0.00,"weeklyGuaranteeRate":50.00,"ep_code":"15764"},{"rateRecordId":"2013-09-29.1196.863.0.0.I.V700.1467.4566.4115 .50.DISTANT","dailyRate":0.0000,"hourlyRate":0.0000,"weeklyRate":0.0000,"dailyGuaranteeRate":0.00,"weeklyGuaranteeRate":0.00,"ep_code":"15765"}]}]},{"jobId":"2013-09-29.1196.863.0.0.I.V700.1467.4566.4121","title":"EDITOR","schedules":[{"scheduleId":"2013-09-29.1196.863.0.0.I.V700.1467.4566.4121.01","scheduleCode":"01","scheduleType":"DAILY","pensionHours":"Daily","ot_rules":"1.5x after 8","rates":[{"rateRecordId":"2013-09-29.1196.863.0.0.I.V700.1467.4566.4121 .01.STUDIO","dailyRate":0.0000,"hourlyRate":54.2500,"weeklyRate":0.0000,"dailyGuaranteeRate":0.00,"weeklyGuaranteeRate":0.00,"ep_code":"15766"},{"rateRecordId":"2013-09-29.1196.863.0.0.I.V700.1467.4566.4121 .01.DISTANT","dailyRate":0.0000,"hourlyRate":0.0000,"weeklyRate":0.0000,"dailyGuaranteeRate":0.00,"weeklyGuaranteeRate":0.00,"ep_code":"15767"}]},{"scheduleId":"2013-09-29.1196.863.0.0.I.V700.1467.4566.4121.40","scheduleCode":"40","scheduleType":"WEEKLY","pensionHours":"40 hr weekly","ot_rules":"1.5x after 40","rates":[{"rateRecordId":"2013-09-29.1196.863.0.0.I.V700.1467.4566.4121 .40.STUDIO","dailyRate":0.0000,"hourlyRate":49.4750,"weeklyRate":1979.0000,"dailyGuaranteeRate":0.00,"weeklyGuaranteeRate":40.00,"ep_code":"15768"},{"rateRecordId":"2013-09-29.1196.863.0.0.I.V700.1467.4566.4121 .40.DISTANT","dailyRate":0.0000,"hourlyRate":0.0000,"weeklyRate":0.0000,"dailyGuaranteeRate":0.00,"weeklyGuaranteeRate":0.00,"ep_code":"15769"}]},{"scheduleId":"2013-09-29.1196.863.0.0.I.V700.1467.4566.4121.50","scheduleCode":"50","scheduleType":"WEEKLY","pensionHours":"50 hr weekly","ot_rules":"1.5x after 40","rates":[{"rateRecordId":"2013-09-29.1196.863.0.0.I.V700.1467.4566.4121 .50.STUDIO","dailyRate":0.0000,"hourlyRate":49.4750,"weeklyRate":0.0000,"dailyGuaranteeRate":0.00,"weeklyGuaranteeRate":50.00,"ep_code":"15770"},{"rateRecordId":"2013-09-29.1196.863.0.0.I.V700.1467.4566.4121 .50.DISTANT","dailyRate":0.0000,"hourlyRate":0.0000,"weeklyRate":0.0000,"dailyGuaranteeRate":0.00,"weeklyGuaranteeRate":0.00,"ep_code":"15771"}]}]},{"jobId":"2013-09-29.1196.863.0.0.I.V700.1467.4566.4173","title":"ASSISTANT EDITOR THEREAFTER","schedules":[{"scheduleId":"2013-09-29.1196.863.0.0.I.V700.1467.4566.4173.01","scheduleCode":"01","scheduleType":"DAILY","pensionHours":"Daily","ot_rules":"1.5x after 8","rates":[{"rateRecordId":"2013-09-29.1196.863.0.0.I.V700.1467.4566.4173 .01.STUDIO","dailyRate":0.0000,"hourlyRate":48.3750,"weeklyRate":0.0000,"dailyGuaranteeRate":0.00,"weeklyGuaranteeRate":0.00,"ep_code":"15772"},{"rateRecordId":"2013-09-29.1196.863.0.0.I.V700.1467.4566.4173 .01.DISTANT","dailyRate":0.0000,"hourlyRate":0.0000,"weeklyRate":0.0000,"dailyGuaranteeRate":0.00,"weeklyGuaranteeRate":0.00,"ep_code":"15773"}]},{"scheduleId":"2013-09-29.1196.863.0.0.I.V700.1467.4566.4173.40","scheduleCode":"40","scheduleType":"WEEKLY","pensionHours":"40 hr weekly","ot_rules":"1.5x after 40","rates":[{"rateRecordId":"2013-09-29.1196.863.0.0.I.V700.1467.4566.4173 .40.STUDIO","dailyRate":0.0000,"hourlyRate":44.8750,"weeklyRate":1795.0000,"dailyGuaranteeRate":0.00,"weeklyGuaranteeRate":40.00,"ep_code":"15774"},{"rateRecordId":"2013-09-29.1196.863.0.0.I.V700.1467.4566.4173 .40.DISTANT","dailyRate":0.0000,"hourlyRate":0.0000,"weeklyRate":0.0000,"dailyGuaranteeRate":0.00,"weeklyGuaranteeRate":0.00,"ep_code":"15775"}]}]},{"jobId":"2013-09-29.1196.863.0.0.I.V700.1467.4566.4182","title":"APPRENTICE EDITOR","schedules":[{"scheduleId":"2013-09-29.1196.863.0.0.I.V700.1467.4566.4182.01","scheduleCode":"01","scheduleType":"DAILY","pensionHours":"Daily","ot_rules":"1.5x after 8","rates":[{"rateRecordId":"2013-09-29.1196.863.0.0.I.V700.1467.4566.4182 .01.STUDIO","dailyRate":0.0000,"hourlyRate":48.3750,"weeklyRate":0.0000,"dailyGuaranteeRate":0.00,"weeklyGuaranteeRate":0.00,"ep_code":"15776"},{"rateRecordId":"2013-09-29.1196.863.0.0.I.V700.1467.4566.4182 .01.DISTANT","dailyRate":0.0000,"hourlyRate":0.0000,"weeklyRate":0.0000,"dailyGuaranteeRate":0.00,"weeklyGuaranteeRate":0.00,"ep_code":"15777"}]},{"scheduleId":"2013-09-29.1196.863.0.0.I.V700.1467.4566.4182.40","scheduleCode":"40","scheduleType":"WEEKLY","pensionHours":"40 hr weekly","ot_rules":"1.5x after 40","rates":[{"rateRecordId":"2013-09-29.1196.863.0.0.I.V700.1467.4566.4182 .40.STUDIO","dailyRate":0.0000,"hourlyRate":44.8750,"weeklyRate":1795.0000,"dailyGuaranteeRate":0.00,"weeklyGuaranteeRate":40.00,"ep_code":"15778"},{"rateRecordId":"2013-09-29.1196.863.0.0.I.V700.1467.4566.4182 .40.DISTANT","dailyRate":0.0000,"hourlyRate":0.0000,"weeklyRate":0.0000,"dailyGuaranteeRate":0.00,"weeklyGuaranteeRate":0.00,"ep_code":"15779"}]}]},{"jobId":"2013-09-29.1196.863.0.0.I.V700.1467.4566.4192","title":"SUPERVISING LIBRARIAN - WKLY","schedules":[{"scheduleId":"2013-09-29.1196.863.0.0.I.V700.1467.4566.4192.01","scheduleCode":"01","scheduleType":"DAILY","pensionHours":"Daily","ot_rules":"1.5x after 8","rates":[{"rateRecordId":"2013-09-29.1196.863.0.0.I.V700.1467.4566.4192 .01.STUDIO","dailyRate":0.0000,"hourlyRate":48.3750,"weeklyRate":0.0000,"dailyGuaranteeRate":0.00,"weeklyGuaranteeRate":0.00,"ep_code":"15780"},{"rateRecordId":"2013-09-29.1196.863.0.0.I.V700.1467.4566.4192 .01.DISTANT","dailyRate":0.0000,"hourlyRate":0.0000,"weeklyRate":0.0000,"dailyGuaranteeRate":0.00,"weeklyGuaranteeRate":0.00,"ep_code":"15781"}]},{"scheduleId":"2013-09-29.1196.863.0.0.I.V700.1467.4566.4192.40","scheduleCode":"40","scheduleType":"WEEKLY","pensionHours":"40 hr weekly","ot_rules":"1.5x after 40","rates":[{"rateRecordId":"2013-09-29.1196.863.0.0.I.V700.1467.4566.4192 .40.STUDIO","dailyRate":0.0000,"hourlyRate":44.8750,"weeklyRate":1795.0000,"dailyGuaranteeRate":0.00,"weeklyGuaranteeRate":40.00,"ep_code":"15782"},{"rateRecordId":"2013-09-29.1196.863.0.0.I.V700.1467.4566.4192 .40.DISTANT","dailyRate":0.0000,"hourlyRate":0.0000,"weeklyRate":0.0000,"dailyGuaranteeRate":0.00,"weeklyGuaranteeRate":0.00,"ep_code":"15783"}]}]},{"jobId":"2013-09-29.1196.863.0.0.I.V700.1467.4566.4195","title":"TECHNICAL DIRECTOR","schedules":[{"scheduleId":"2013-09-29.1196.863.0.0.I.V700.1467.4566.4195.01","scheduleCode":"01","scheduleType":"DAILY","pensionHours":"Daily","ot_rules":"1.5x after 8","rates":[{"rateRecordId":"2013-09-29.1196.863.0.0.I.V700.1467.4566.4195 .01.STUDIO","dailyRate":0.0000,"hourlyRate":55.3750,"weeklyRate":0.0000,"dailyGuaranteeRate":0.00,"weeklyGuaranteeRate":0.00,"ep_code":"15784"},{"rateRecordId":"2013-09-29.1196.863.0.0.I.V700.1467.4566.4195 .01.DISTANT","dailyRate":0.0000,"hourlyRate":0.0000,"weeklyRate":0.0000,"dailyGuaranteeRate":0.00,"weeklyGuaranteeRate":0.00,"ep_code":"15785"}]},{"scheduleId":"2013-09-29.1196.863.0.0.I.V700.1467.4566.4195.40","scheduleCode":"40","scheduleType":"WEEKLY","pensionHours":"40 hr weekly","ot_rules":"1.5x after 40","rates":[{"rateRecordId":"2013-09-29.1196.863.0.0.I.V700.1467.4566.4195 .40.STUDIO","dailyRate":0.0000,"hourlyRate":50.3000,"weeklyRate":2012.0000,"dailyGuaranteeRate":0.00,"weeklyGuaranteeRate":40.00,"ep_code":"15786"},{"rateRecordId":"2013-09-29.1196.863.0.0.I.V700.1467.4566.4195 .40.DISTANT","dailyRate":0.0000,"hourlyRate":0.0000,"weeklyRate":0.0000,"dailyGuaranteeRate":0.00,"weeklyGuaranteeRate":0.00,"ep_code":"15787"}]},{"scheduleId":"2013-09-29.1196.863.0.0.I.V700.1467.4566.4195.50","scheduleCode":"50","scheduleType":"WEEKLY","pensionHours":"50 hr weekly","ot_rules":"1.5x after 40","rates":[{"rateRecordId":"2013-09-29.1196.863.0.0.I.V700.1467.4566.4195 .50.STUDIO","dailyRate":0.0000,"hourlyRate":50.3000,"weeklyRate":0.0000,"dailyGuaranteeRate":0.00,"weeklyGuaranteeRate":50.00,"ep_code":"15788"},{"rateRecordId":"2013-09-29.1196.863.0.0.I.V700.1467.4566.4195 .50.DISTANT","dailyRate":0.0000,"hourlyRate":0.0000,"weeklyRate":0.0000,"dailyGuaranteeRate":0.00,"weeklyGuaranteeRate":0.00,"ep_code":"15789"}]}]}],"schedule":null},{"unionId":"1998-03-29.1196.863.0.0.I.V705.1471.4678","name":"705","description":"WARDROBE-VIDEOTAPE","epCode":null,"jobs":[{"jobId":"2013-09-29.1196.863.0.0.I.V705.1471.4678.2302","title":"COSTUMING SUPERVISOR","schedules":[{"scheduleId":"2013-09-29.1196.863.0.0.I.V705.1471.4678.2302.01","scheduleCode":"01","scheduleType":"DAILY","pensionHours":"Daily","ot_rules":"1.5x after 8","rates":[{"rateRecordId":"2013-09-29.1196.863.0.0.I.V705.1471.4678.2302 .01.STUDIO","dailyRate":0.0000,"hourlyRate":37.4300,"weeklyRate":0.0000,"dailyGuaranteeRate":0.00,"weeklyGuaranteeRate":0.00,"ep_code":"15790"},{"rateRecordId":"2013-09-29.1196.863.0.0.I.V705.1471.4678.2302 .01.DISTANT","dailyRate":0.0000,"hourlyRate":0.0000,"weeklyRate":0.0000,"dailyGuaranteeRate":0.00,"weeklyGuaranteeRate":0.00,"ep_code":"15791"}]},{"scheduleId":"2013-09-29.1196.863.0.0.I.V705.1471.4678.2302.40","scheduleCode":"40","scheduleType":"WEEKLY","pensionHours":"40 hr weekly","ot_rules":"1.5x after 40","rates":[{"rateRecordId":"2013-09-29.1196.863.0.0.I.V705.1471.4678.2302 .40.STUDIO","dailyRate":0.0000,"hourlyRate":35.8770,"weeklyRate":0.0000,"dailyGuaranteeRate":0.00,"weeklyGuaranteeRate":40.00,"ep_code":"15792"},{"rateRecordId":"2013-09-29.1196.863.0.0.I.V705.1471.4678.2302 .40.DISTANT","dailyRate":0.0000,"hourlyRate":0.0000,"weeklyRate":0.0000,"dailyGuaranteeRate":0.00,"weeklyGuaranteeRate":0.00,"ep_code":"15793"}]},{"scheduleId":"2013-09-29.1196.863.0.0.I.V705.1471.4678.2302.54","scheduleCode":"54","scheduleType":"WEEKLY","pensionHours":"54 hr weekly","ot_rules":"1.5x after 40","rates":[{"rateRecordId":"2013-09-29.1196.863.0.0.I.V705.1471.4678.2302 .54.STUDIO","dailyRate":0.0000,"hourlyRate":35.8770,"weeklyRate":0.0000,"dailyGuaranteeRate":0.00,"weeklyGuaranteeRate":54.00,"ep_code":"15794"},{"rateRecordId":"2013-09-29.1196.863.0.0.I.V705.1471.4678.2302 .54.DISTANT","dailyRate":0.0000,"hourlyRate":0.0000,"weeklyRate":0.0000,"dailyGuaranteeRate":0.00,"weeklyGuaranteeRate":0.00,"ep_code":"15795"}]}]},{"jobId":"2013-09-29.1196.863.0.0.I.V705.1471.4678.2305","title":"COSTUMER","schedules":[{"scheduleId":"2013-09-29.1196.863.0.0.I.V705.1471.4678.2305.01","scheduleCode":"01","scheduleType":"DAILY","pensionHours":"Daily","ot_rules":"1.5x after 8","rates":[{"rateRecordId":"2013-09-29.1196.863.0.0.I.V705.1471.4678.2305 .01.STUDIO","dailyRate":0.0000,"hourlyRate":34.8750,"weeklyRate":0.0000,"dailyGuaranteeRate":0.00,"weeklyGuaranteeRate":0.00,"ep_code":"15796"},{"rateRecordId":"2013-09-29.1196.863.0.0.I.V705.1471.4678.2305 .01.DISTANT","dailyRate":0.0000,"hourlyRate":0.0000,"weeklyRate":0.0000,"dailyGuaranteeRate":0.00,"weeklyGuaranteeRate":0.00,"ep_code":"15797"}]},{"scheduleId":"2013-09-29.1196.863.0.0.I.V705.1471.4678.2305.40","scheduleCode":"40","scheduleType":"WEEKLY","pensionHours":"40 hr weekly","ot_rules":"1.5x after 40","rates":[{"rateRecordId":"2013-09-29.1196.863.0.0.I.V705.1471.4678.2305 .40.STUDIO","dailyRate":0.0000,"hourlyRate":32.1250,"weeklyRate":1285.0000,"dailyGuaranteeRate":0.00,"weeklyGuaranteeRate":40.00,"ep_code":"15798"},{"rateRecordId":"2013-09-29.1196.863.0.0.I.V705.1471.4678.2305 .40.DISTANT","dailyRate":0.0000,"hourlyRate":0.0000,"weeklyRate":0.0000,"dailyGuaranteeRate":0.00,"weeklyGuaranteeRate":0.00,"ep_code":"15799"}]},{"scheduleId":"2013-09-29.1196.863.0.0.I.V705.1471.4678.2305.50","scheduleCode":"50","scheduleType":"WEEKLY","pensionHours":"50 hr weekly","ot_rules":"1.5x after 40","rates":[{"rateRecordId":"2013-09-29.1196.863.0.0.I.V705.1471.4678.2305 .50.STUDIO","dailyRate":0.0000,"hourlyRate":32.1250,"weeklyRate":0.0000,"dailyGuaranteeRate":0.00,"weeklyGuaranteeRate":50.00,"ep_code":"15800"},{"rateRecordId":"2013-09-29.1196.863.0.0.I.V705.1471.4678.2305 .50.DISTANT","dailyRate":0.0000,"hourlyRate":0.0000,"weeklyRate":0.0000,"dailyGuaranteeRate":0.00,"weeklyGuaranteeRate":0.00,"ep_code":"15801"}]},{"scheduleId":"2013-09-29.1196.863.0.0.I.V705.1471.4678.2305.60","scheduleCode":"60","scheduleType":"WEEKLY","pensionHours":null,"ot_rules":null,"rates":[{"rateRecordId":"2013-09-29.1196.863.0.0.I.V705.1471.4678.2305 .60.STUDIO","dailyRate":0.0000,"hourlyRate":32.1250,"weeklyRate":0.0000,"dailyGuaranteeRate":0.00,"weeklyGuaranteeRate":60.00,"ep_code":"15802"},{"rateRecordId":"2013-09-29.1196.863.0.0.I.V705.1471.4678.2305 .60.DISTANT","dailyRate":0.0000,"hourlyRate":0.0000,"weeklyRate":0.0000,"dailyGuaranteeRate":0.00,"weeklyGuaranteeRate":0.00,"ep_code":"15803"}]}]},{"jobId":"2013-09-29.1196.863.0.0.I.V705.1471.4678.2306","title":"WARDROBE ASSISTANT","schedules":[{"scheduleId":"2013-09-29.1196.863.0.0.I.V705.1471.4678.2306.01","scheduleCode":"01","scheduleType":"DAILY","pensionHours":"Daily","ot_rules":"1.5x after 8","rates":[{"rateRecordId":"2013-09-29.1196.863.0.0.I.V705.1471.4678.2306 .01.STUDIO","dailyRate":0.0000,"hourlyRate":34.7500,"weeklyRate":0.0000,"dailyGuaranteeRate":0.00,"weeklyGuaranteeRate":0.00,"ep_code":"15804"},{"rateRecordId":"2013-09-29.1196.863.0.0.I.V705.1471.4678.2306 .01.DISTANT","dailyRate":0.0000,"hourlyRate":0.0000,"weeklyRate":0.0000,"dailyGuaranteeRate":0.00,"weeklyGuaranteeRate":0.00,"ep_code":"15805"}]}]}],"schedule":null},{"unionId":"1998-03-29.1196.863.0.0.I.V706.1473.17690","name":"706","description":"HAIR & MAKE UP-VIDEOTAPE","epCode":null,"jobs":[{"jobId":"2013-09-29.1196.863.0.0.I.V706.1473.17690.5713","title":"MAKE-UP ARTIST - WEEKLY","schedules":[{"scheduleId":"2013-09-29.1196.863.0.0.I.V706.1473.17690.5713.01","scheduleCode":"01","scheduleType":"DAILY","pensionHours":"Daily","ot_rules":"1.5x after 8","rates":[{"rateRecordId":"2013-09-29.1196.863.0.0.I.V706.1473.17690.5713 .01.STUDIO","dailyRate":0.0000,"hourlyRate":43.1250,"weeklyRate":0.0000,"dailyGuaranteeRate":0.00,"weeklyGuaranteeRate":0.00,"ep_code":"15806"},{"rateRecordId":"2013-09-29.1196.863.0.0.I.V706.1473.17690.5713 .01.DISTANT","dailyRate":0.0000,"hourlyRate":0.0000,"weeklyRate":0.0000,"dailyGuaranteeRate":0.00,"weeklyGuaranteeRate":0.00,"ep_code":"15807"}]},{"scheduleId":"2013-09-29.1196.863.0.0.I.V706.1473.17690.5713.40","scheduleCode":"40","scheduleType":"WEEKLY","pensionHours":"40 hr weekly","ot_rules":"1.5x after 40","rates":[{"rateRecordId":"2013-09-29.1196.863.0.0.I.V706.1473.17690.5713 .40.STUDIO","dailyRate":0.0000,"hourlyRate":38.9000,"weeklyRate":1556.0000,"dailyGuaranteeRate":0.00,"weeklyGuaranteeRate":40.00,"ep_code":"15808"},{"rateRecordId":"2013-09-29.1196.863.0.0.I.V706.1473.17690.5713 .40.DISTANT","dailyRate":0.0000,"hourlyRate":0.0000,"weeklyRate":0.0000,"dailyGuaranteeRate":0.00,"weeklyGuaranteeRate":0.00,"ep_code":"15809"}]},{"scheduleId":"2013-09-29.1196.863.0.0.I.V706.1473.17690.5713.50","scheduleCode":"50","scheduleType":"WEEKLY","pensionHours":"50 hr weekly","ot_rules":"1.5x after 40","rates":[{"rateRecordId":"2013-09-29.1196.863.0.0.I.V706.1473.17690.5713 .50.STUDIO","dailyRate":0.0000,"hourlyRate":38.9000,"weeklyRate":0.0000,"dailyGuaranteeRate":0.00,"weeklyGuaranteeRate":50.00,"ep_code":"15810"},{"rateRecordId":"2013-09-29.1196.863.0.0.I.V706.1473.17690.5713 .50.DISTANT","dailyRate":0.0000,"hourlyRate":0.0000,"weeklyRate":0.0000,"dailyGuaranteeRate":0.00,"weeklyGuaranteeRate":0.00,"ep_code":"15811"}]}]},{"jobId":"2013-09-29.1196.863.0.0.I.V706.1473.17690.5721","title":"ASST MAKE-UP ARTIST","schedules":[{"scheduleId":"2013-09-29.1196.863.0.0.I.V706.1473.17690.5721.01","scheduleCode":"01","scheduleType":"DAILY","pensionHours":"Daily","ot_rules":"1.5x after 8","rates":[{"rateRecordId":"2013-09-29.1196.8
[...]
Id":"2012-09-30.1196.863.0.0.Q.V80I.1537.4605.5842 .01.STUDIO","dailyRate":0.0000,"hourlyRate":47.3750,"weeklyRate":0.0000,"dailyGuaranteeRate":8.00,"weeklyGuaranteeRate":0.00,"ep_code":"16380"},{"rateRecordId":"2012-09-30.1196.863.0.0.Q.V80I.1537.4605.5842 .01.DISTANT","dailyRate":0.0000,"hourlyRate":0.0000,"weeklyRate":0.0000,"dailyGuaranteeRate":0.00,"weeklyGuaranteeRate":0.00,"ep_code":"16381"}]},{"scheduleId":"2013-09-29.1196.863.0.0.Q.V80I.1537.4605.5842.40","scheduleCode":"40","scheduleType":"WEEKLY","pensionHours":"40 hr weekly","ot_rules":"1.5x after 40","rates":[{"rateRecordId":"2012-09-30.1196.863.0.0.Q.V80I.1537.4605.5842 .40.STUDIO","dailyRate":0.0000,"hourlyRate":44.0000,"weeklyRate":1760.0000,"dailyGuaranteeRate":0.00,"weeklyGuaranteeRate":40.00,"ep_code":"16382"},{"rateRecordId":"2012-09-30.1196.863.0.0.Q.V80I.1537.4605.5842 .40.DISTANT","dailyRate":0.0000,"hourlyRate":0.0000,"weeklyRate":0.0000,"dailyGuaranteeRate":0.00,"weeklyGuaranteeRate":0.00,"ep_code":"16383"}]}]}],"schedule":null},{"unionId":"2009-01-01.1196.863.0.0.Q.V80M.1537.4653","name":"800","description":"SET DESIGN-VIDEOTAPE","epCode":null,"jobs":[],"schedule":null},{"unionId":"2005-01-01.1196.863.0.0.Q.V80S.1537.4638","name":"800","description":"SCENIC ARTIST-VIDEOTAPE","epCode":null,"jobs":[{"jobId":"2005-01-01.1196.863.0.0.Q.V80S.1537.4638.7510","title":"DO NOT USE","schedules":[{"scheduleId":"2005-01-01.1196.863.0.0.Q.V80S.1537.4638.7510.01","scheduleCode":"01","scheduleType":"DAILY","pensionHours":"Daily","ot_rules":"1.5x after 8","rates":[{"rateRecordId":"2005-01-01.1196.863.0.0.Q.V80S.1537.4638.7510 .01.STUDIO","dailyRate":0.0000,"hourlyRate":0.0000,"weeklyRate":0.0000,"dailyGuaranteeRate":0.00,"weeklyGuaranteeRate":0.00,"ep_code":"16384"},{"rateRecordId":"2005-01-01.1196.863.0.0.Q.V80S.1537.4638.7510 .01.DISTANT","dailyRate":0.0000,"hourlyRate":0.0000,"weeklyRate":0.0000,"dailyGuaranteeRate":0.00,"weeklyGuaranteeRate":0.00,"ep_code":"16385"}]}]},{"jobId":"2013-09-29.1196.863.0.0.Q.V80S.1537.4638.7520","title":"SCENIC ARTIST","schedules":[{"scheduleId":"2013-09-29.1196.863.0.0.Q.V80S.1537.4638.7520.01","scheduleCode":"01","scheduleType":"DAILY","pensionHours":"Daily","ot_rules":"1.5x after 8","rates":[{"rateRecordId":"2012-09-30.1196.863.0.0.Q.V80S.1537.4638.7520 .01.STUDIO","dailyRate":0.0000,"hourlyRate":41.1250,"weeklyRate":0.0000,"dailyGuaranteeRate":8.00,"weeklyGuaranteeRate":0.00,"ep_code":"16386"},{"rateRecordId":"2012-09-30.1196.863.0.0.Q.V80S.1537.4638.7520 .01.DISTANT","dailyRate":0.0000,"hourlyRate":0.0000,"weeklyRate":0.0000,"dailyGuaranteeRate":0.00,"weeklyGuaranteeRate":0.00,"ep_code":"16387"}]},{"scheduleId":"2013-09-29.1196.863.0.0.Q.V80S.1537.4638.7520.40","scheduleCode":"40","scheduleType":"WEEKLY","pensionHours":"40 hr weekly","ot_rules":"1.5x after 40","rates":[{"rateRecordId":"2012-09-30.1196.863.0.0.Q.V80S.1537.4638.7520 .40.STUDIO","dailyRate":0.0000,"hourlyRate":35.8250,"weeklyRate":1433.0000,"dailyGuaranteeRate":0.00,"weeklyGuaranteeRate":40.00,"ep_code":"16388"},{"rateRecordId":"2012-09-30.1196.863.0.0.Q.V80S.1537.4638.7520 .40.DISTANT","dailyRate":0.0000,"hourlyRate":0.0000,"weeklyRate":0.0000,"dailyGuaranteeRate":0.00,"weeklyGuaranteeRate":0.00,"ep_code":"16389"}]},{"scheduleId":"2013-09-29.1196.863.0.0.Q.V80S.1537.4638.7520.50","scheduleCode":"50","scheduleType":"WEEKLY","pensionHours":"50 hr weekly","ot_rules":"1.5x after 40","rates":[{"rateRecordId":"2012-09-30.1196.863.0.0.Q.V80S.1537.4638.7520 .50.STUDIO","dailyRate":0.0000,"hourlyRate":35.8250,"weeklyRate":0.0000,"dailyGuaranteeRate":0.00,"weeklyGuaranteeRate":50.00,"ep_code":"16390"},{"rateRecordId":"2012-09-30.1196.863.0.0.Q.V80S.1537.4638.7520 .50.DISTANT","dailyRate":0.0000,"hourlyRate":0.0000,"weeklyRate":0.0000,"dailyGuaranteeRate":0.00,"weeklyGuaranteeRate":0.00,"ep_code":"16391"}]}]},{"jobId":"2006-07-01.1196.863.0.0.Q.V80S.1537.4638.7530","title":"FOX SCORE BOX (FOX SPORTS ONLY)","schedules":[{"scheduleId":"2006-07-01.1196.863.0.0.Q.V80S.1537.4638.7530.01","scheduleCode":"01","scheduleType":"DAILY","pensionHours":"Daily","ot_rules":"1.5x after 8","rates":[{"rateRecordId":"2006-07-01.1196.863.0.0.Q.V80S.1537.4638.7530 .01.STUDIO","dailyRate":0.0000,"hourlyRate":0.0000,"weeklyRate":0.0000,"dailyGuaranteeRate":0.00,"weeklyGuaranteeRate":0.00,"ep_code":"16392"},{"rateRecordId":"2006-07-01.1196.863.0.0.Q.V80S.1537.4638.7530 .01.DISTANT","dailyRate":0.0000,"hourlyRate":0.0000,"weeklyRate":0.0000,"dailyGuaranteeRate":0.00,"weeklyGuaranteeRate":0.00,"ep_code":"16393"}]}]},{"jobId":"2013-09-29.1196.863.0.0.Q.V80S.1537.4638.7555","title":"TITLE ARTIST TECH-DAILY","schedules":[{"scheduleId":"2013-09-29.1196.863.0.0.Q.V80S.1537.4638.7555.40","scheduleCode":"40","scheduleType":"WEEKLY","pensionHours":"40 hr weekly","ot_rules":"1.5x after 40","rates":[{"rateRecordId":"2012-09-30.1196.863.0.0.Q.V80S.1537.4638.7555 .40.STUDIO","dailyRate":0.0000,"hourlyRate":44.0000,"weeklyRate":1760.0000,"dailyGuaranteeRate":0.00,"weeklyGuaranteeRate":40.00,"ep_code":"16394"},{"rateRecordId":"2012-09-30.1196.863.0.0.Q.V80S.1537.4638.7555 .40.DISTANT","dailyRate":0.0000,"hourlyRate":0.0000,"weeklyRate":0.0000,"dailyGuaranteeRate":0.00,"weeklyGuaranteeRate":0.00,"ep_code":"16395"}]}]}],"schedule":null},{"unionId":"1998-03-29.1196.863.0.0.Q.V871.1623.4645","name":"871","description":"SCRIPT SUPERVISOR-VIDEOTAPE","epCode":null,"jobs":[{"jobId":"2006-10-01.1196.863.0.0.Q.V871.1623.4645.7701","title":"PHONE/TAP AD (FOX SPORTS ONLY)","schedules":[{"scheduleId":"2006-10-01.1196.863.0.0.Q.V871.1623.4645.7701.01","scheduleCode":"01","scheduleType":"DAILY","pensionHours":"Daily","ot_rules":"1.5x after 8","rates":[{"rateRecordId":"2006-10-01.1196.863.0.0.Q.V871.1623.4645.7701 .01.STUDIO","dailyRate":0.0000,"hourlyRate":0.0000,"weeklyRate":0.0000,"dailyGuaranteeRate":0.00,"weeklyGuaranteeRate":0.00,"ep_code":"16396"},{"rateRecordId":"2006-10-01.1196.863.0.0.Q.V871.1623.4645.7701 .01.DISTANT","dailyRate":0.0000,"hourlyRate":0.0000,"weeklyRate":0.0000,"dailyGuaranteeRate":0.00,"weeklyGuaranteeRate":0.00,"ep_code":"16397"}]},{"scheduleId":"2006-10-01.1196.863.0.0.Q.V871.1623.4645.7701.40","scheduleCode":"40","scheduleType":"WEEKLY","pensionHours":"40 hr weekly","ot_rules":"1.5x after 40","rates":[{"rateRecordId":"2006-10-01.1196.863.0.0.Q.V871.1623.4645.7701 .40.STUDIO","dailyRate":0.0000,"hourlyRate":0.0000,"weeklyRate":0.0000,"dailyGuaranteeRate":0.00,"weeklyGuaranteeRate":0.00,"ep_code":"16398"},{"rateRecordId":"2006-10-01.1196.863.0.0.Q.V871.1623.4645.7701 .40.DISTANT","dailyRate":0.0000,"hourlyRate":0.0000,"weeklyRate":0.0000,"dailyGuaranteeRate":0.00,"weeklyGuaranteeRate":0.00,"ep_code":"16399"}]}]},{"jobId":"1950-01-01.1196.863.0.0.Q.V871.1623.4645.7702","title":"DO NOT USE","schedules":[{"scheduleId":"1950-01-01.1196.863.0.0.Q.V871.1623.4645.7702.01","scheduleCode":"01","scheduleType":"DAILY","pensionHours":"Daily","ot_rules":"1.5x after 8","rates":[{"rateRecordId":"1950-01-01.1196.863.0.0.Q.V871.1623.4645.7702 .01.STUDIO","dailyRate":0.0000,"hourlyRate":0.0000,"weeklyRate":0.0000,"dailyGuaranteeRate":0.00,"weeklyGuaranteeRate":0.00,"ep_code":"16400"},{"rateRecordId":"1950-01-01.1196.863.0.0.Q.V871.1623.4645.7702 .01.DISTANT","dailyRate":0.0000,"hourlyRate":0.0000,"weeklyRate":0.0000,"dailyGuaranteeRate":0.00,"weeklyGuaranteeRate":0.00,"ep_code":"16401"}]}]},{"jobId":"2013-09-29.1196.863.0.0.Q.V871.1623.4645.7703","title":"SCRIPT SUPERVISOR","schedules":[{"scheduleId":"2013-09-29.1196.863.0.0.Q.V871.1623.4645.7703.01","scheduleCode":"01","scheduleType":"DAILY","pensionHours":"Daily","ot_rules":"1.5x after 8","rates":[{"rateRecordId":"2012-09-30.1196.863.0.0.Q.V871.1623.4645.7703 .01.STUDIO","dailyRate":0.0000,"hourlyRate":34.8750,"weeklyRate":0.0000,"dailyGuaranteeRate":8.00,"weeklyGuaranteeRate":0.00,"ep_code":"16402"},{"rateRecordId":"2012-09-30.1196.863.0.0.Q.V871.1623.4645.7703 .01.DISTANT","dailyRate":0.0000,"hourlyRate":0.0000,"weeklyRate":0.0000,"dailyGuaranteeRate":0.00,"weeklyGuaranteeRate":0.00,"ep_code":"16403"}]},{"scheduleId":"2013-09-29.1196.863.0.0.Q.V871.1623.4645.7703.40","scheduleCode":"40","scheduleType":"WEEKLY","pensionHours":"40 hr weekly","ot_rules":"1.5x after 40","rates":[{"rateRecordId":"2012-09-30.1196.863.0.0.Q.V871.1623.4645.7703 .40.STUDIO","dailyRate":0.0000,"hourlyRate":32.3750,"weeklyRate":1295.0000,"dailyGuaranteeRate":0.00,"weeklyGuaranteeRate":40.00,"ep_code":"16404"},{"rateRecordId":"2012-09-30.1196.863.0.0.Q.V871.1623.4645.7703 .40.DISTANT","dailyRate":0.0000,"hourlyRate":0.0000,"weeklyRate":0.0000,"dailyGuaranteeRate":0.00,"weeklyGuaranteeRate":0.00,"ep_code":"16405"}]},{"scheduleId":"2013-09-29.1196.863.0.0.Q.V871.1623.4645.7703.50","scheduleCode":"50","scheduleType":"WEEKLY","pensionHours":"50 hr weekly","ot_rules":"1.5x after 40","rates":[{"rateRecordId":"2012-09-30.1196.863.0.0.Q.V871.1623.4645.7703 .50.STUDIO","dailyRate":0.0000,"hourlyRate":32.3750,"weeklyRate":0.0000,"dailyGuaranteeRate":0.00,"weeklyGuaranteeRate":50.00,"ep_code":"16406"},{"rateRecordId":"2012-09-30.1196.863.0.0.Q.V871.1623.4645.7703 .50.DISTANT","dailyRate":0.0000,"hourlyRate":0.0000,"weeklyRate":0.0000,"dailyGuaranteeRate":0.00,"weeklyGuaranteeRate":0.00,"ep_code":"16407"}]}]},{"jobId":"2013-09-29.1196.863.0.0.Q.V871.1623.4645.7704","title":"TELEPROMTER","schedules":[{"scheduleId":"2013-09-29.1196.863.0.0.Q.V871.1623.4645.7704.01","scheduleCode":"01","scheduleType":"DAILY","pensionHours":"Daily","ot_rules":"1.5x after 8","rates":[{"rateRecordId":"2012-09-30.1196.863.0.0.Q.V871.1623.4645.7704 .01.STUDIO","dailyRate":0.0000,"hourlyRate":34.1250,"weeklyRate":0.0000,"dailyGuaranteeRate":8.00,"weeklyGuaranteeRate":0.00,"ep_code":"16408"},{"rateRecordId":"2012-09-30.1196.863.0.0.Q.V871.1623.4645.7704 .01.DISTANT","dailyRate":0.0000,"hourlyRate":0.0000,"weeklyRate":0.0000,"dailyGuaranteeRate":0.00,"weeklyGuaranteeRate":0.00,"ep_code":"16409"}]},{"scheduleId":"2013-09-29.1196.863.0.0.Q.V871.1623.4645.7704.40","scheduleCode":"40","scheduleType":"WEEKLY","pensionHours":"40 hr weekly","ot_rules":"1.5x after 40","rates":[{"rateRecordId":"2012-09-30.1196.863.0.0.Q.V871.1623.4645.7704 .40.STUDIO","dailyRate":0.0000,"hourlyRate":31.1750,"weeklyRate":1247.0000,"dailyGuaranteeRate":0.00,"weeklyGuaranteeRate":40.00,"ep_code":"16410"},{"rateRecordId":"2012-09-30.1196.863.0.0.Q.V871.1623.4645.7704 .40.DISTANT","dailyRate":0.0000,"hourlyRate":0.0000,"weeklyRate":0.0000,"dailyGuaranteeRate":0.00,"weeklyGuaranteeRate":0.00,"ep_code":"16411"}]}]},{"jobId":"1950-01-01.1196.863.0.0.Q.V871.1623.4645.7705","title":"DO NOT USE","schedules":[{"scheduleId":"1950-01-01.1196.863.0.0.Q.V871.1623.4645.7705.56","scheduleCode":"56","scheduleType":"ON CALL","pensionHours":"On call weekly","ot_rules":"","rates":[{"rateRecordId":"1950-01-01.1196.863.0.0.Q.V871.1623.4645.7705 .56.STUDIO","dailyRate":0.0000,"hourlyRate":0.0000,"weeklyRate":0.0000,"dailyGuaranteeRate":0.00,"weeklyGuaranteeRate":0.00,"ep_code":"16412"},{"rateRecordId":"1950-01-01.1196.863.0.0.Q.V871.1623.4645.7705 .56.DISTANT","dailyRate":0.0000,"hourlyRate":0.0000,"weeklyRate":0.0000,"dailyGuaranteeRate":0.00,"weeklyGuaranteeRate":0.00,"ep_code":"16413"}]}]},{"jobId":"1950-01-01.1196.863.0.0.Q.V871.1623.4645.7706","title":"DO NOT USE","schedules":[{"scheduleId":"1950-01-01.1196.863.0.0.Q.V871.1623.4645.7706.01","scheduleCode":"01","scheduleType":"DAILY","pensionHours":"Daily","ot_rules":"1.5x after 8","rates":[{"rateRecordId":"1950-01-01.1196.863.0.0.Q.V871.1623.4645.7706 .01.STUDIO","dailyRate":0.0000,"hourlyRate":0.0000,"weeklyRate":0.0000,"dailyGuaranteeRate":0.00,"weeklyGuaranteeRate":0.00,"ep_code":"16414"},{"rateRecordId":"1950-01-01.1196.863.0.0.Q.V871.1623.4645.7706 .01.DISTANT","dailyRate":0.0000,"hourlyRate":0.0000,"weeklyRate":0.0000,"dailyGuaranteeRate":0.00,"weeklyGuaranteeRate":0.00,"ep_code":"16415"}]},{"scheduleId":"1950-01-01.1196.863.0.0.Q.V871.1623.4645.7706.56","scheduleCode":"56","scheduleType":"ON CALL","pensionHours":"On call weekly","ot_rules":"","rates":[{"rateRecordId":"1950-01-01.1196.863.0.0.Q.V871.1623.4645.7706 .56.STUDIO","dailyRate":0.0000,"hourlyRate":0.0000,"weeklyRate":0.0000,"dailyGuaranteeRate":0.00,"weeklyGuaranteeRate":0.00,"ep_code":"16416"},{"rateRecordId":"1950-01-01.1196.863.0.0.Q.V871.1623.4645.7706 .56.DISTANT","dailyRate":0.0000,"hourlyRate":0.0000,"weeklyRate":0.0000,"dailyGuaranteeRate":0.00,"weeklyGuaranteeRate":0.00,"ep_code":"16417"}]}]}],"schedule":null},{"unionId":"1998-03-29.1196.863.0.0.Q.V884.1631.4671","name":"884","description":"TEACHER-VIDEOTAPE","epCode":null,"jobs":[{"jobId":"2013-09-29.1196.863.0.0.Q.V884.1631.4671.8401","title":"TEACHER/WELFARE WORKER","schedules":[{"scheduleId":"2013-09-29.1196.863.0.0.Q.V884.1631.4671.8401.01","scheduleCode":"01","scheduleType":"DAILY","pensionHours":"Daily","ot_rules":"1.5x after 8","rates":[{"rateRecordId":"2012-09-30.1196.863.0.0.Q.V884.1631.4671.8401 .01.STUDIO","dailyRate":0.0000,"hourlyRate":34.1250,"weeklyRate":0.0000,"dailyGuaranteeRate":8.00,"weeklyGuaranteeRate":0.00,"ep_code":"16418"},{"rateRecordId":"2012-09-30.1196.863.0.0.Q.V884.1631.4671.8401 .01.DISTANT","dailyRate":0.0000,"hourlyRate":0.0000,"weeklyRate":0.0000,"dailyGuaranteeRate":0.00,"weeklyGuaranteeRate":0.00,"ep_code":"16419"}]},{"scheduleId":"2013-09-29.1196.863.0.0.Q.V884.1631.4671.8401.40","scheduleCode":"40","scheduleType":"WEEKLY","pensionHours":"40 hr weekly","ot_rules":"1.5x after 40","rates":[{"rateRecordId":"2012-09-30.1196.863.0.0.Q.V884.1631.4671.8401 .40.STUDIO","dailyRate":0.0000,"hourlyRate":31.1750,"weeklyRate":1247.0000,"dailyGuaranteeRate":0.00,"weeklyGuaranteeRate":40.00,"ep_code":"16420"},{"rateRecordId":"2012-09-30.1196.863.0.0.Q.V884.1631.4671.8401 .40.DISTANT","dailyRate":0.0000,"hourlyRate":0.0000,"weeklyRate":0.0000,"dailyGuaranteeRate":0.00,"weeklyGuaranteeRate":0.00,"ep_code":"16421"}]}]}],"schedule":null},{"unionId":"1998-03-29.1196.863.0.0.Q.V892.1641.4559","name":"892","description":"COSTUME DESIGNER-VIDEOTAPE","epCode":null,"jobs":[{"jobId":"2013-09-29.1196.863.0.0.Q.V892.1641.4559.2201","title":"COSTUME DESIGNER","schedules":[{"scheduleId":"2013-09-29.1196.863.0.0.Q.V892.1641.4559.2201.01","scheduleCode":"01","scheduleType":"DAILY","pensionHours":"Daily","ot_rules":"1.5x after 8","rates":[{"rateRecordId":"2012-09-30.1196.863.0.0.Q.V892.1641.4559.2201 .01.STUDIO","dailyRate":0.0000,"hourlyRate":34.1250,"weeklyRate":0.0000,"dailyGuaranteeRate":8.00,"weeklyGuaranteeRate":0.00,"ep_code":"16422"},{"rateRecordId":"2012-09-30.1196.863.0.0.Q.V892.1641.4559.2201 .01.DISTANT","dailyRate":0.0000,"hourlyRate":0.0000,"weeklyRate":0.0000,"dailyGuaranteeRate":0.00,"weeklyGuaranteeRate":0.00,"ep_code":"16423"}]},{"scheduleId":"2013-09-29.1196.863.0.0.Q.V892.1641.4559.2201.40","scheduleCode":"40","scheduleType":"WEEKLY","pensionHours":"40 hr weekly","ot_rules":"1.5x after 40","rates":[{"rateRecordId":"2012-09-30.1196.863.0.0.Q.V892.1641.4559.2201 .40.STUDIO","dailyRate":0.0000,"hourlyRate":31.1750,"weeklyRate":1247.0000,"dailyGuaranteeRate":0.00,"weeklyGuaranteeRate":40.00,"ep_code":"16424"},{"rateRecordId":"2012-09-30.1196.863.0.0.Q.V892.1641.4559.2201 .40.DISTANT","dailyRate":0.0000,"hourlyRate":0.0000,"weeklyRate":0.0000,"dailyGuaranteeRate":0.00,"weeklyGuaranteeRate":0.00,"ep_code":"16425"}]},{"scheduleId":"2013-09-29.1196.863.0.0.Q.V892.1641.4559.2201.50","scheduleCode":"50","scheduleType":"WEEKLY","pensionHours":"50 hr weekly","ot_rules":"1.5x after 40","rates":[{"rateRecordId":"2012-09-30.1196.863.0.0.Q.V892.1641.4559.2201 .50.STUDIO","dailyRate":0.0000,"hourlyRate":31.1750,"weeklyRate":0.0000,"dailyGuaranteeRate":0.00,"weeklyGuaranteeRate":50.00,"ep_code":"16426"},{"rateRecordId":"2012-09-30.1196.863.0.0.Q.V892.1641.4559.2201 .50.DISTANT","dailyRate":0.0000,"hourlyRate":0.0000,"weeklyRate":0.0000,"dailyGuaranteeRate":0.00,"weeklyGuaranteeRate":0.00,"ep_code":"16427"}]},{"scheduleId":"2013-09-29.1196.863.0.0.Q.V892.1641.4559.2201.56","scheduleCode":"56","scheduleType":"ON CALL","pensionHours":"On call weekly","ot_rules":"","rates":[{"rateRecordId":"2012-09-30.1196.863.0.0.Q.V892.1641.4559.2201 .56.STUDIO","dailyRate":0.0000,"hourlyRate":31.1750,"weeklyRate":0.0000,"dailyGuaranteeRate":0.00,"weeklyGuaranteeRate":56.00,"ep_code":"16428"},{"rateRecordId":"2012-09-30.1196.863.0.0.Q.V892.1641.4559.2201 .56.DISTANT","dailyRate":0.0000,"hourlyRate":0.0000,"weeklyRate":0.0000,"dailyGuaranteeRate":0.00,"weeklyGuaranteeRate":0.00,"ep_code":"16429"}]}]},{"jobId":"2013-09-29.1196.863.0.0.Q.V892.1641.4559.2202","title":"ASST COSTUME DESIGNER","schedules":[{"scheduleId":"2013-09-29.1196.863.0.0.Q.V892.1641.4559.2202.01","scheduleCode":"01","scheduleType":"DAILY","pensionHours":"Daily","ot_rules":"1.5x after 8","rates":[{"rateRecordId":"2012-09-30.1196.863.0.0.Q.V892.1641.4559.2202 .01.STUDIO","dailyRate":0.0000,"hourlyRate":34.1250,"weeklyRate":0.0000,"dailyGuaranteeRate":8.00,"weeklyGuaranteeRate":0.00,"ep_code":"16430"},{"rateRecordId":"2012-09-30.1196.863.0.0.Q.V892.1641.4559.2202 .01.DISTANT","dailyRate":0.0000,"hourlyRate":0.0000,"weeklyRate":0.0000,"dailyGuaranteeRate":0.00,"weeklyGuaranteeRate":0.00,"ep_code":"16431"}]},{"scheduleId":"2013-09-29.1196.863.0.0.Q.V892.1641.4559.2202.40","scheduleCode":"40","scheduleType":"WEEKLY","pensionHours":"40 hr weekly","ot_rules":"1.5x after 40","rates":[{"rateRecordId":"2012-09-30.1196.863.0.0.Q.V892.1641.4559.2202 .40.STUDIO","dailyRate":0.0000,"hourlyRate":31.1750,"weeklyRate":1247.0000,"dailyGuaranteeRate":0.00,"weeklyGuaranteeRate":40.00,"ep_code":"16432"},{"rateRecordId":"2012-09-30.1196.863.0.0.Q.V892.1641.4559.2202 .40.DISTANT","dailyRate":0.0000,"hourlyRate":0.0000,"weeklyRate":0.0000,"dailyGuaranteeRate":0.00,"weeklyGuaranteeRate":0.00,"ep_code":"16433"}]},{"scheduleId":"2013-09-29.1196.863.0.0.Q.V892.1641.4559.2202.56","scheduleCode":"56","scheduleType":"ON CALL","pensionHours":"On call weekly","ot_rules":"","rates":[{"rateRecordId":"2012-09-30.1196.863.0.0.Q.V892.1641.4559.2202 .56.STUDIO","dailyRate":0.0000,"hourlyRate":31.1750,"weeklyRate":0.0000,"dailyGuaranteeRate":0.00,"weeklyGuaranteeRate":56.00,"ep_code":"16434"},{"rateRecordId":"2012-09-30.1196.863.0.0.Q.V892.1641.4559.2202 .56.DISTANT","dailyRate":0.0000,"hourlyRate":0.0000,"weeklyRate":0.0000,"dailyGuaranteeRate":0.00,"weeklyGuaranteeRate":0.00,"ep_code":"16435"}]}]},{"jobId":"1950-01-01.1196.863.0.0.Q.V892.1641.4559.2211","title":"DO NOT USE","schedules":[{"scheduleId":"1950-01-01.1196.863.0.0.Q.V892.1641.4559.2211.01","scheduleCode":"01","scheduleType":"DAILY","pensionHours":"Daily","ot_rules":"1.5x after 8","rates":[{"rateRecordId":"1950-01-01.1196.863.0.0.Q.V892.1641.4559.2211 .01.STUDIO","dailyRate":0.0000,"hourlyRate":0.0000,"weeklyRate":0.0000,"dailyGuaranteeRate":0.00,"weeklyGuaranteeRate":0.00,"ep_code":"16436"},{"rateRecordId":"1950-01-01.1196.863.0.0.Q.V892.1641.4559.2211 .01.DISTANT","dailyRate":0.0000,"hourlyRate":0.0000,"weeklyRate":0.0000,"dailyGuaranteeRate":0.00,"weeklyGuaranteeRate":0.00,"ep_code":"16437"}]}]}],"schedule":null}]}]]>
            </line>
            <line>
              <![CDATA[<br><br>Verifying Response code : <br>Actual response code : 200<br>Expected response code : 200]]>
            </line>
            <line>
              <![CDATA[testGetAContractRateByID]]>
            </line>
            <line>
              <![CDATA[7N4EE0XZK1JDYAESV8J9KJ9]]>
            </line>
          </reporter-output>
        </test-method> <!-- testGetAContractRateByID -->
        <test-method status="PASS" signature="dbDisconnect()[pri:0, instance:com.ep.mmbr.api.testscripts.contractsrates.GetAContractRateByContractID@19632847]" name="dbDisconnect" is-config="true" duration-ms="0" started-at="2014-11-17T06:22:09Z" finished-at="2014-11-17T06:22:09Z">
          <reporter-output>
          </reporter-output>
        </test-method> <!-- dbDisconnect -->
      </class> <!-- com.ep.mmbr.api.testscripts.contractsrates.GetAContractRateByContractID -->
    </test> <!-- Contracts -->
  </suite> <!-- MMB Refresh API -->
</testng-results>
