<?xml version="1.0" encoding="UTF-8" ?>
<testsuite failures="0" time="8.994" errors="0" skipped="0" tests="12" name="TestSuite">
  <properties>
[...]
</properties>
  <testcase time="4.692" classname="com.ep.mmbr.api.testscripts.budget.GetBudgetByID" name="testGetBudgetByID"/>
  <testcase time="0.188" classname="com.ep.mmbr.api.testscripts.budget.GetBudgetByInvalidID" name="testGetBudgetByInvalidID"/>
  <testcase time="0.187" classname="com.ep.mmbr.api.testscripts.budget.GetAllBudgets" name="testGetAllBudgets"/>
  <testcase time="0.297" classname="com.ep.mmbr.api.testscripts.budget.PostBudget" name="testPostBudget"/>
  <testcase time="0.485" classname="com.ep.mmbr.api.testscripts.budget.getAllGlobalGroups" name="testGetAllGlobalGroups"/>
  <testcase time="0.532" classname="com.ep.mmbr.api.testscripts.budget.PostGlobalGroup" name="testPostGlobalGroups"/>
  <testcase time="0.751" classname="com.ep.mmbr.api.testscripts.budget.GetGlobalGroupByID" name="testGetGlobalGroupByID"/>
  <testcase time="0.735" classname="com.ep.mmbr.api.testscripts.budget.GetAllGlobals" name="testGetAllGlobals"/>
  <testcase time="0.219" classname="com.ep.mmbr.api.testscripts.user.GetUserInformationFromToken" name="testUserInformationFromToken"/>
  <testcase time="0.188" classname="com.ep.mmbr.api.testscripts.user.GetUserInfoWithInvalidToken" name="testUserInfoWithInvalidToken"/>
  <testcase time="0.548" classname="com.ep.mmbr.api.testscripts.contractsrates.GetAContractRateByContractID" name="testGetAContractRateByID"/>
  <testcase time="0.172" classname="com.ep.mmbr.api.testscripts.contractsrates.GetAContractByInvalidValues" name="testGetAContractByInvalidContractID"/>
</testsuite>