<?xml version="1.0" encoding="UTF-8"?>
<testng-results skipped="0" failed="1" total="7" passed="6">
  <reporter-output>
  </reporter-output>
  <suite name="MMB Refresh API" duration-ms="15658" started-at="2014-11-13T14:01:54Z" finished-at="2014-11-13T14:02:09Z">
    <groups>
    </groups>
    <test name="Budget" duration-ms="14552" started-at="2014-11-13T14:01:54Z" finished-at="2014-11-13T14:02:08Z">
      <class name="com.ep.mmbr.api.testscripts.budget.PostBudget">
        <test-method status="FAIL" signature="testPostBudgetWithExistingFile()[pri:0, instance:com.ep.mmbr.api.testscripts.budget.PostBudget@2e958bb8]" name="testPostBudgetWithExistingFile" duration-ms="10052" started-at="2014-11-13T19:31:58Z" finished-at="2014-11-13T19:32:08Z">
          <exception class="com.mongodb.MongoTimeoutException">
            <message>
              <![CDATA[Timed out after 10000 ms while waiting to connect. Client view of cluster state is {type=Unknown, servers=[{address=ec2-54-69-38-210.us-west-2.compute.amazonaws.com:27017, type=Unknown, state=Connecting, exception={com.mongodb.MongoException$Network: Exception opening the socket}, caused by {java.net.ConnectException: Connection refused: connect}}]]]>
            </message>
            <full-stacktrace>
              <![CDATA[com.mongodb.MongoTimeoutException: Timed out after 10000 ms while waiting to connect. Client view of cluster state is {type=Unknown, servers=[{address=ec2-54-69-38-210.us-west-2.compute.amazonaws.com:27017, type=Unknown, state=Connecting, exception={com.mongodb.MongoException$Network: Exception opening the socket}, caused by {java.net.ConnectException: Connection refused: connect}}]
	at com.mongodb.BaseCluster.getDescription(BaseCluster.java:128)
	at com.mongodb.DBTCPConnector.getClusterDescription(DBTCPConnector.java:396)
	at com.mongodb.DBTCPConnector.getType(DBTCPConnector.java:569)
	at com.mongodb.DBTCPConnector.getReplicaSetStatus(DBTCPConnector.java:364)
	at com.mongodb.Mongo.getReplicaSetStatus(Mongo.java:465)
	at com.mongodb.DB.getCommandReadPreference(DB.java:86)
	at com.mongodb.DB.command(DB.java:314)
	at com.mongodb.DB.command(DB.java:296)
	at com.mongodb.DBCollection.getCount(DBCollection.java:1188)
	at com.mongodb.DBCursor.count(DBCursor.java:668)
	at com.ep.mmbr.api.mongodb.MangoDBConnection.getCount(MangoDBConnection.java:44)
	at com.ep.mmbr.api.testscripts.budget.PostBudget.testPostBudgetWithExistingFile(PostBudget.java:47)
	at sun.reflect.NativeMethodAccessorImpl.invoke0(Native Method)
	at sun.reflect.NativeMethodAccessorImpl.invoke(Unknown Source)
	at sun.reflect.DelegatingMethodAccessorImpl.invoke(Unknown Source)
	at java.lang.reflect.Method.invoke(Unknown Source)
	at org.testng.internal.MethodInvocationHelper.invokeMethod(MethodInvocationHelper.java:84)
	at org.testng.internal.Invoker.invokeMethod(Invoker.java:714)
	at org.testng.internal.Invoker.invokeTestMethod(Invoker.java:901)
	at org.testng.internal.Invoker.invokeTestMethods(Invoker.java:1231)
	at org.testng.internal.TestMethodWorker.invokeTestMethods(TestMethodWorker.java:127)
	at org.testng.internal.TestMethodWorker.run(TestMethodWorker.java:111)
	at org.testng.TestRunner.privateRun(TestRunner.java:767)
	at org.testng.TestRunner.run(TestRunner.java:617)
	at org.testng.SuiteRunner.runTest(SuiteRunner.java:334)
	at org.testng.SuiteRunner.runSequentially(SuiteRunner.java:329)
	at org.testng.SuiteRunner.privateRun(SuiteRunner.java:291)
	at org.testng.SuiteRunner.run(SuiteRunner.java:240)
	at org.testng.SuiteRunnerWorker.runSuite(SuiteRunnerWorker.java:52)
	at org.testng.SuiteRunnerWorker.run(SuiteRunnerWorker.java:86)
	at org.testng.TestNG.runSuitesSequentially(TestNG.java:1224)
	at org.testng.TestNG.runSuitesLocally(TestNG.java:1149)
	at org.testng.TestNG.run(TestNG.java:1057)
	at org.testng.remote.RemoteTestNG.run(RemoteTestNG.java:111)
	at org.testng.remote.RemoteTestNG.initAndRun(RemoteTestNG.java:204)
	at org.testng.remote.RemoteTestNG.main(RemoteTestNG.java:175)
]]>
            </full-stacktrace>
          </exception> <!-- com.mongodb.MongoTimeoutException -->
          <reporter-output>
          </reporter-output>
        </test-method> <!-- testPostBudgetWithExistingFile -->
      </class> <!-- com.ep.mmbr.api.testscripts.budget.PostBudget -->
      <class name="com.ep.mmbr.api.testscripts.budget.GetAllBudgets">
        <test-method status="PASS" signature="setup()[pri:0, instance:com.ep.mmbr.api.testscripts.budget.GetAllBudgets@5c07f4ec]" name="setup" is-config="true" duration-ms="39" started-at="2014-11-13T19:31:54Z" finished-at="2014-11-13T19:31:54Z">
          <reporter-output>
          </reporter-output>
        </test-method> <!-- setup -->
        <test-method status="PASS" signature="setup()[pri:0, instance:com.ep.mmbr.api.testscripts.budget.GetBudgetByID@2dafae45]" name="setup" is-config="true" duration-ms="2" started-at="2014-11-13T19:31:54Z" finished-at="2014-11-13T19:31:54Z">
          <reporter-output>
          </reporter-output>
        </test-method> <!-- setup -->
        <test-method status="PASS" signature="setup()[pri:0, instance:com.ep.mmbr.api.testscripts.budget.PostBudget@2e958bb8]" name="setup" is-config="true" duration-ms="4" started-at="2014-11-13T19:31:54Z" finished-at="2014-11-13T19:31:54Z">
          <reporter-output>
          </reporter-output>
        </test-method> <!-- setup -->
        <test-method status="PASS" signature="testGetAllBudgets()[pri:0, instance:com.ep.mmbr.api.testscripts.budget.GetAllBudgets@5c07f4ec]" name="testGetAllBudgets" duration-ms="278" started-at="2014-11-13T19:31:58Z" finished-at="2014-11-13T19:31:58Z">
          <reporter-output>
          </reporter-output>
        </test-method> <!-- testGetAllBudgets -->
      </class> <!-- com.ep.mmbr.api.testscripts.budget.GetAllBudgets -->
      <class name="com.ep.mmbr.api.testscripts.budget.GetBudgetByID">
        <test-method status="PASS" signature="testGetBudgetByID()[pri:0, instance:com.ep.mmbr.api.testscripts.budget.GetBudgetByID@2dafae45]" name="testGetBudgetByID" duration-ms="4150" started-at="2014-11-13T19:31:54Z" finished-at="2014-11-13T19:31:58Z">
          <reporter-output>
          </reporter-output>
        </test-method> <!-- testGetBudgetByID -->
      </class> <!-- com.ep.mmbr.api.testscripts.budget.GetBudgetByID -->
    </test> <!-- Budget -->
    <test name="User" duration-ms="369" started-at="2014-11-13T14:02:08Z" finished-at="2014-11-13T14:02:09Z">
      <class name="com.ep.mmbr.api.testscripts.user.GetUserInfoWithInvalidToken">
        <test-method status="PASS" signature="setup()[pri:0, instance:com.ep.mmbr.api.testscripts.user.GetUserInfoWithInvalidToken@2345f0e3]" name="setup" is-config="true" duration-ms="1" started-at="2014-11-13T19:32:08Z" finished-at="2014-11-13T19:32:08Z">
          <reporter-output>
          </reporter-output>
        </test-method> <!-- setup -->
        <test-method status="PASS" signature="setup()[pri:0, instance:com.ep.mmbr.api.testscripts.user.GetUserInformationFromToken@5f70bea5]" name="setup" is-config="true" duration-ms="1" started-at="2014-11-13T19:32:08Z" finished-at="2014-11-13T19:32:08Z">
          <reporter-output>
          </reporter-output>
        </test-method> <!-- setup -->
        <test-method status="PASS" signature="testUserInfoWithInvalidToken()[pri:0, instance:com.ep.mmbr.api.testscripts.user.GetUserInfoWithInvalidToken@2345f0e3]" name="testUserInfoWithInvalidToken" duration-ms="189" started-at="2014-11-13T19:32:08Z" finished-at="2014-11-13T19:32:09Z">
          <reporter-output>
          </reporter-output>
        </test-method> <!-- testUserInfoWithInvalidToken -->
      </class> <!-- com.ep.mmbr.api.testscripts.user.GetUserInfoWithInvalidToken -->
      <class name="com.ep.mmbr.api.testscripts.user.GetUserInformationFromToken">
        <test-method status="PASS" signature="testUserInformationFromToken()[pri:0, instance:com.ep.mmbr.api.testscripts.user.GetUserInformationFromToken@5f70bea5]" name="testUserInformationFromToken" duration-ms="176" started-at="2014-11-13T19:32:08Z" finished-at="2014-11-13T19:32:08Z">
          <reporter-output>
          </reporter-output>
        </test-method> <!-- testUserInformationFromToken -->
      </class> <!-- com.ep.mmbr.api.testscripts.user.GetUserInformationFromToken -->
    </test> <!-- User -->
    <test name="Contracts" duration-ms="677" started-at="2014-11-13T14:02:09Z" finished-at="2014-11-13T14:02:09Z">
      <class name="com.ep.mmbr.api.testscripts.contractsrates.GetAContractByInvalidContractID">
        <test-method status="PASS" signature="setup()[pri:0, instance:com.ep.mmbr.api.testscripts.contractsrates.GetAContractByInvalidContractID@24f9fdc]" name="setup" is-config="true" duration-ms="2" started-at="2014-11-13T19:32:09Z" finished-at="2014-11-13T19:32:09Z">
          <reporter-output>
          </reporter-output>
        </test-method> <!-- setup -->
        <test-method status="PASS" signature="setup()[pri:0, instance:com.ep.mmbr.api.testscripts.contractsrates.GetAContractRateByContractID@309cbd4b]" name="setup" is-config="true" duration-ms="1" started-at="2014-11-13T19:32:09Z" finished-at="2014-11-13T19:32:09Z">
          <reporter-output>
          </reporter-output>
        </test-method> <!-- setup -->
        <test-method status="PASS" signature="testGetAContractByInvalidContractID()[pri:0, instance:com.ep.mmbr.api.testscripts.contractsrates.GetAContractByInvalidContractID@24f9fdc]" name="testGetAContractByInvalidContractID" duration-ms="180" started-at="2014-11-13T19:32:09Z" finished-at="2014-11-13T19:32:09Z">
          <reporter-output>
          </reporter-output>
        </test-method> <!-- testGetAContractByInvalidContractID -->
      </class> <!-- com.ep.mmbr.api.testscripts.contractsrates.GetAContractByInvalidContractID -->
      <class name="com.ep.mmbr.api.testscripts.contractsrates.GetAContractRateByContractID">
        <test-method status="PASS" signature="dbConnect()[pri:0, instance:com.ep.mmbr.api.testscripts.contractsrates.GetAContractRateByContractID@309cbd4b]" name="dbConnect" is-config="true" duration-ms="1373" started-at="2014-11-13T19:31:52Z" finished-at="2014-11-13T19:31:54Z">
          <reporter-output>
          </reporter-output>
        </test-method> <!-- dbConnect -->
        <test-method status="PASS" signature="testGetGetAContractRateByID()[pri:0, instance:com.ep.mmbr.api.testscripts.contractsrates.GetAContractRateByContractID@309cbd4b]" name="testGetGetAContractRateByID" duration-ms="486" started-at="2014-11-13T19:32:09Z" finished-at="2014-11-13T19:32:09Z">
          <reporter-output>
          </reporter-output>
        </test-method> <!-- testGetGetAContractRateByID -->
        <test-method status="PASS" signature="dbDisconnect()[pri:0, instance:com.ep.mmbr.api.testscripts.contractsrates.GetAContractRateByContractID@309cbd4b]" name="dbDisconnect" is-config="true" duration-ms="0" started-at="2014-11-13T19:32:09Z" finished-at="2014-11-13T19:32:09Z">
          <reporter-output>
          </reporter-output>
        </test-method> <!-- dbDisconnect -->
      </class> <!-- com.ep.mmbr.api.testscripts.contractsrates.GetAContractRateByContractID -->
    </test> <!-- Contracts -->
  </suite> <!-- MMB Refresh API -->
</testng-results>
