<?xml version="1.0" encoding="UTF-8"?>
<testng-results skipped="0" failed="0" total="1" passed="1">
  <reporter-output>
    <line>
      <![CDATA[Base uri: https://mmio-api-dev-env.elasticbeanstalk.com:443/v1]]>
    </line>
    <line>
      <![CDATA[<br>Uploading budget: MovieMagicBudget.mbd]]>
    </line>
    <line>
      <![CDATA[<br>Sending POST request ]]>
    </line>
    <line>
      <![CDATA[<br>Endpoint : /Budget]]>
    </line>
    <line>
      <![CDATA[<br>Multipart parameter : file : TestData/Budget/MovieMagicBudget.mbd]]>
    </line>
    <line>
      <![CDATA[<br>Budget uploaded successfully]]>
    </line>
    <line>
      <![CDATA[<br>Received budget id  : 546411dfe4b089cc7647460d]]>
    </line>
    <line>
      <![CDATA[<br><br>Sending post reqest with new global group ]]>
    </line>
    <line>
      <![CDATA[<br>Sending POST request ]]>
    </line>
    <line>
      <![CDATA[<br>Endpoint : /Budget/{budget_id}/Contract]]>
    </line>
    <line>
      <![CDATA[<br>Path parameters: </b>budget_id : 546411dfe4b089cc7647460d]]>
    </line>
    <line>
      <![CDATA[<br>Json body : [{"contractId":"4"},{"contractId":"697"}]]]>
    </line>
    <line>
      <![CDATA[<br><br>Received Response body:</b>]]>
    </line>
    <line>
      <![CDATA[<br><br>Verifying Response code : <br>Actual response code : 200<br>Expected response code : 200]]>
    </line>
    <line>
      <![CDATA[<br>Sending GET request ]]>
    </line>
    <line>
      <![CDATA[<br>Endpoint : /Budget/{budget_id}/Contract]]>
    </line>
    <line>
      <![CDATA[<br>Path parameters: </b>budget_id : 546411dfe4b089cc7647460d]]>
    </line>
    <line>
      <![CDATA[<br><br>Received Response body:</b>[{"contractId":"4","name":"399 BLACK BOOK"},{"contractId":"697","name":"LA BASIC VIDEOTAPE AGREEMENT"}]]]>
    </line>
    <line>
      <![CDATA[<br><br>Verifying Response code : <br>Actual response code : 200<br>Expected response code : 200]]>
    </line>
  </reporter-output>
  <suite name="Default suite" duration-ms="5240" started-at="2014-11-18T14:14:21Z" finished-at="2014-11-18T14:14:26Z">
    <groups>
    </groups>
    <test name="Default test" duration-ms="5240" started-at="2014-11-18T14:14:21Z" finished-at="2014-11-18T14:14:26Z">
      <class name="com.ep.mmbr.api.testscripts.budget.GetAllContractsForUser">
        <test-method status="PASS" signature="dbConnect()[pri:0, instance:com.ep.mmbr.api.testscripts.budget.GetAllContractsForUser@1055e55f]" name="dbConnect" is-config="true" duration-ms="890" started-at="2014-11-18T06:14:20Z" finished-at="2014-11-18T06:14:21Z">
          <reporter-output>
            <line>
              <![CDATA[Base uri: https://mmio-api-dev-env.elasticbeanstalk.com:443/v1]]>
            </line>
          </reporter-output>
        </test-method> <!-- dbConnect -->
        <test-method status="PASS" signature="testPostContracts()[pri:0, instance:com.ep.mmbr.api.testscripts.budget.GetAllContractsForUser@1055e55f]" name="testPostContracts" duration-ms="5209" started-at="2014-11-18T06:14:21Z" finished-at="2014-11-18T06:14:26Z">
          <reporter-output>
            <line>
              <![CDATA[<br>Uploading budget: MovieMagicBudget.mbd]]>
            </line>
            <line>
              <![CDATA[<br>Sending POST request ]]>
            </line>
            <line>
              <![CDATA[<br>Endpoint : /Budget]]>
            </line>
            <line>
              <![CDATA[<br>Multipart parameter : file : TestData/Budget/MovieMagicBudget.mbd]]>
            </line>
            <line>
              <![CDATA[<br>Budget uploaded successfully]]>
            </line>
            <line>
              <![CDATA[<br>Received budget id  : 546411dfe4b089cc7647460d]]>
            </line>
            <line>
              <![CDATA[<br><br>Sending post reqest with new global group ]]>
            </line>
            <line>
              <![CDATA[<br>Sending POST request ]]>
            </line>
            <line>
              <![CDATA[<br>Endpoint : /Budget/{budget_id}/Contract]]>
            </line>
            <line>
              <![CDATA[<br>Path parameters: </b>budget_id : 546411dfe4b089cc7647460d]]>
            </line>
            <line>
              <![CDATA[<br>Json body : [{"contractId":"4"},{"contractId":"697"}]]]>
            </line>
            <line>
              <![CDATA[<br><br>Received Response body:</b>]]>
            </line>
            <line>
              <![CDATA[<br><br>Verifying Response code : <br>Actual response code : 200<br>Expected response code : 200]]>
            </line>
            <line>
              <![CDATA[<br>Sending GET request ]]>
            </line>
            <line>
              <![CDATA[<br>Endpoint : /Budget/{budget_id}/Contract]]>
            </line>
            <line>
              <![CDATA[<br>Path parameters: </b>budget_id : 546411dfe4b089cc7647460d]]>
            </line>
            <line>
              <![CDATA[<br><br>Received Response body:</b>[{"contractId":"4","name":"399 BLACK BOOK"},{"contractId":"697","name":"LA BASIC VIDEOTAPE AGREEMENT"}]]]>
            </line>
            <line>
              <![CDATA[<br><br>Verifying Response code : <br>Actual response code : 200<br>Expected response code : 200]]>
            </line>
          </reporter-output>
        </test-method> <!-- testPostContracts -->
        <test-method status="PASS" signature="dbDisconnect()[pri:0, instance:com.ep.mmbr.api.testscripts.budget.GetAllContractsForUser@1055e55f]" name="dbDisconnect" is-config="true" duration-ms="0" started-at="2014-11-18T06:14:26Z" finished-at="2014-11-18T06:14:26Z">
          <reporter-output>
          </reporter-output>
        </test-method> <!-- dbDisconnect -->
      </class> <!-- com.ep.mmbr.api.testscripts.budget.GetAllContractsForUser -->
    </test> <!-- Default test -->
  </suite> <!-- Default suite -->
</testng-results>
