<?xml version="1.0" encoding="UTF-8"?>
<!-- Generated by org.testng.reporters.JUnitXMLReporter -->
<testsuite hostname="ATMECSINLT-008" name="EP" tests="1" failures="1" timestamp="9 Nov 2014 15:07:53 GMT" time="4.93" errors="0">
  <testcase name="test" time="4.893" classname="com.ep.mmbr.api.testscripts.TestGetUser">
    <failure type="java.lang.NullPointerException">
      <![CDATA[java.lang.NullPointerException
	at com.ep.mmbr.api.assertions.AssertTest.assertResponseBody(AssertTest.java:22)
	at com.ep.mmbr.api.testscripts.TestGetUser.test(TestGetUser.java:52)
... Removed 33 stack frames]]>
    </failure>
  </testcase> <!-- test -->
</testsuite> <!-- EP -->
